#
# There is insufficient memory for the Java Runtime Environment to continue.
# Native memory allocation (malloc) failed to allocate 261616 bytes. Error detail: Chunk::new
# Possible reasons:
#   The system is out of physical RAM or swap space
#   This process is running with CompressedOops enabled, and the Java Heap may be blocking the growth of the native heap
# Possible solutions:
#   Reduce memory load on the system
#   Increase physical memory or swap space
#   Check if swap backing store is full
#   Decrease Java heap size (-Xmx/-Xms)
#   Decrease number of Java threads
#   Decrease Java thread stack sizes (-Xss)
#   Set larger code cache with -XX:ReservedCodeCacheSize=
#   JVM is running with Zero Based Compressed Oops mode in which the Java heap is
#     placed in the first 32GB address space. The Java Heap base address is the
#     maximum limit for the native heap growth. Please use -XX:HeapBaseMinAddress
#     to set the Java Heap base and to place the Java Heap above 32GB virtual address.
# This output file may be truncated or incomplete.
#
#  Out of Memory Error (arena.cpp:191), pid=26660, tid=17696
#
# JRE version: OpenJDK Runtime Environment Corretto-17.0.17.10.1 (17.0.17+10) (build 17.0.17+10-LTS)
# Java VM: OpenJDK 64-Bit Server VM Corretto-17.0.17.10.1 (17.0.17+10-LTS, mixed mode, sharing, tiered, compressed oops, compressed class ptrs, parallel gc, windows-amd64)
# No core dump will be written. Minidumps are not enabled by default on client versions of Windows
#

---------------  S U M M A R Y ------------

Command Line: --add-opens=java.base/java.lang=ALL-UNNAMED --add-opens=java.base/java.lang.invoke=ALL-UNNAMED --add-opens=java.base/java.util=ALL-UNNAMED --add-opens=java.prefs/java.util.prefs=ALL-UNNAMED --add-exports=jdk.compiler/com.sun.tools.javac.api=ALL-UNNAMED --add-exports=jdk.compiler/com.sun.tools.javac.util=ALL-UNNAMED --add-opens=java.base/java.util=ALL-UNNAMED --add-opens=java.prefs/java.util.prefs=ALL-UNNAMED --add-opens=java.base/java.nio.charset=ALL-UNNAMED --add-opens=java.base/java.net=ALL-UNNAMED --add-opens=java.base/java.util.concurrent=ALL-UNNAMED --add-opens=java.base/java.util.concurrent.atomic=ALL-UNNAMED --add-opens=java.xml/javax.xml.namespace=ALL-UNNAMED --add-opens=java.base/java.time=ALL-UNNAMED -XX:+HeapDumpOnOutOfMemoryError -XX:+UseParallelGC -Xms512m -Xmx4096m -Dfile.encoding=UTF-8 -Duser.country=ZA -Duser.language=en -Duser.variant -javaagent:C:\Users\indie\.gradle\wrapper\dists\gradle-9.2.1-bin\2t0n5ozlw9xmuyvbp7dnzaxug\gradle-9.2.1\lib\agents\gradle-instrumentation-agent-9.2.1.jar org.gradle.launcher.daemon.bootstrap.GradleDaemon 9.2.1

Host: AMD Ryzen 7 7730U with Radeon Graphics         , 16 cores, 5G,  Windows 11 , 64 bit Build 26100 (10.0.26100.7705)
Time: Wed Mar 11 12:46:08 2026 South Africa Standard Time elapsed time: 432.955071 seconds (0d 0h 7m 12s)

---------------  T H R E A D  ---------------

Current thread (0x0000020d67150d90):  JavaThread "C2 CompilerThread1" daemon [_thread_in_native, id=17696, stack(0x000000fdc4f00000,0x000000fdc5000000)]


Current CompileTask:
C2:432955 26100       4       org.gradle.internal.component.model.DefaultExternalModuleComponentGraphResolveState::lambda$new$3 (47 bytes)

Stack: [0x000000fdc4f00000,0x000000fdc5000000]
Native frames: (J=compiled Java code, j=interpreted, Vv=VM code, C=native code)
V  [jvm.dll+0x68afd9]
V  [jvm.dll+0x841c09]
V  [jvm.dll+0x843978]
V  [jvm.dll+0x844003]
V  [jvm.dll+0x24ce4f]
V  [jvm.dll+0xaec76]
V  [jvm.dll+0xaf31c]
V  [jvm.dll+0x36e4ff]
V  [jvm.dll+0x1c0593]
V  [jvm.dll+0x21df00]
V  [jvm.dll+0x21d1ec]
V  [jvm.dll+0x1a8c70]
V  [jvm.dll+0x22d9fb]
V  [jvm.dll+0x22bb86]
V  [jvm.dll+0x7f747b]
V  [jvm.dll+0x7f187c]
V  [jvm.dll+0x689ee7]
C  [ucrtbase.dll+0x37b0]
C  [KERNEL32.DLL+0x2e8d7]
C  [ntdll.dll+0x8c40c]


---------------  P R O C E S S  ---------------

Threads class SMR info:
_java_thread_list=0x0000020d6e2c30d0, length=156, elements={
0x0000020d7792ade0, 0x0000020d1ece0f70, 0x0000020d1ece29d0, 0x0000020d614c1510,
0x0000020d614c1fe0, 0x0000020d614c3620, 0x0000020d614c6a70, 0x0000020d614ccd70,
0x0000020d614ce800, 0x0000020d614d7e60, 0x0000020d7798f800, 0x0000020d61796de0,
0x0000020d6909d450, 0x0000020d692a0130, 0x0000020d6927f3c0, 0x0000020d69021990,
0x0000020d69023d00, 0x0000020d69021ea0, 0x0000020d690237f0, 0x0000020d6a39b290,
0x0000020d6a39c1c0, 0x0000020d6a39d600, 0x0000020d6a39b7a0, 0x0000020d6a39e020,
0x0000020d6b97e2a0, 0x0000020d6b97aaf0, 0x0000020d6b980610, 0x0000020d6b980b20,
0x0000020d6b97d370, 0x0000020d67f13720, 0x0000020d6c8615b0, 0x0000020d6c8610a0,
0x0000020d6c8624e0, 0x0000020d6c862f00, 0x0000020d6c863e30, 0x0000020d6c861fd0,
0x0000020d6c8629f0, 0x0000020d6c860680, 0x0000020d6c8666b0, 0x0000020d6c865c90,
0x0000020d6eb5efe0, 0x0000020d6eb645f0, 0x0000020d6eb64b00, 0x0000020d6eb62ca0,
0x0000020d6eb65a30, 0x0000020d6eb65010, 0x0000020d6eb65f40, 0x0000020d75287480,
0x0000020d75286040, 0x0000020d75283cd0, 0x0000020d7528b140, 0x0000020d75288dd0,
0x0000020d6eb5b830, 0x0000020d6eb5bd40, 0x0000020d6eb5c760, 0x0000020d6eb594c0,
0x0000020d6eb5d180, 0x0000020d6eb599d0, 0x0000020d6eb5a3f0, 0x0000020d6eb5d690,
0x0000020d6eb59ee0, 0x0000020d6eb5cc70, 0x0000020d6eb5dba0, 0x0000020d6eb5e0b0,
0x0000020d6eb5a900, 0x0000020d6eb5e5c0, 0x0000020d6eb5ae10, 0x0000020d6eb5ead0,
0x0000020d6eb5b320, 0x0000020d6eb5f4f0, 0x0000020d6eb61350, 0x0000020d6eb61860,
0x0000020d6eb60e40, 0x0000020d6eb5fa00, 0x0000020d6eb60930, 0x0000020d6eb5ff10,
0x0000020d6eb60420, 0x0000020d6eb61d70, 0x0000020d6eb62280, 0x0000020d6b758de0,
0x0000020d6b759d10, 0x0000020d6b756f80, 0x0000020d6b7592f0, 0x0000020d6b759800,
0x0000020d6b757490, 0x0000020d6b7579a0, 0x0000020d6b75b150, 0x0000020d6b757eb0,
0x0000020d6b7583c0, 0x0000020d6b75a220, 0x0000020d6b75a730, 0x0000020d6b75bb70,
0x0000020d6b75c080, 0x0000020d6b7588d0, 0x0000020d6b75cfb0, 0x0000020d6b75dee0,
0x0000020d6b75c590, 0x0000020d6b75caa0, 0x0000020d6b75d4c0, 0x0000020d6b75d9d0,
0x0000020d6b75e900, 0x0000020d6b75e3f0, 0x0000020d6b97ba20, 0x0000020d6b97d880,
0x0000020d6b97e7b0, 0x0000020d6b97b000, 0x0000020d6b97dd90, 0x0000020d6b97ecc0,
0x0000020d6b97b510, 0x0000020d6b97f1d0, 0x0000020d6b97c440, 0x0000020d6b97f6e0,
0x0000020d6b97bf30, 0x0000020d6b97fbf0, 0x0000020d6b980100, 0x0000020d6b97ce60,
0x0000020d6b97c950, 0x0000020d6b981a50, 0x0000020d6b981f60, 0x0000020d6b982470,
0x0000020d6a39d0f0, 0x0000020d6a39db10, 0x0000020d6a39bcb0, 0x0000020d6a39c6d0,
0x0000020d6a39ad80, 0x0000020d6a39ef50, 0x0000020d6a3a08a0, 0x0000020d6a3a1ce0,
0x0000020d6a3a21f0, 0x0000020d6a39f460, 0x0000020d6a39f970, 0x0000020d6a39ea40,
0x0000020d6a3a0db0, 0x0000020d6a3a12c0, 0x0000020d6a3a17d0, 0x0000020d6a3a2700,
0x0000020d6a3a0390, 0x0000020d6a39fe80, 0x0000020d75287990, 0x0000020d671512e0,
0x0000020d67150d90, 0x0000020d75285620, 0x0000020d752846f0, 0x0000020d7528b650,
0x0000020d752883b0, 0x0000020d7528bb60, 0x0000020d7528a720, 0x0000020d7528ca90,
0x0000020d752897f0, 0x0000020d7528a210, 0x0000020d7528c070, 0x0000020d7528c580,
0x0000020d752892e0, 0x0000020d7528d4b0, 0x0000020d7528cfa0, 0x0000020d75289d00
}

Java Threads: ( => current thread )
  0x0000020d7792ade0 JavaThread "main" [_thread_blocked, id=6420, stack(0x000000fdbcd00000,0x000000fdbce00000)]
  0x0000020d1ece0f70 JavaThread "Reference Handler" daemon [_thread_blocked, id=26544, stack(0x000000fdbd000000,0x000000fdbd100000)]
  0x0000020d1ece29d0 JavaThread "Finalizer" daemon [_thread_blocked, id=24264, stack(0x000000fdbd100000,0x000000fdbd200000)]
  0x0000020d614c1510 JavaThread "Signal Dispatcher" daemon [_thread_blocked, id=21540, stack(0x000000fdbd200000,0x000000fdbd300000)]
  0x0000020d614c1fe0 JavaThread "Attach Listener" daemon [_thread_blocked, id=23092, stack(0x000000fdbd300000,0x000000fdbd400000)]
  0x0000020d614c3620 JavaThread "Service Thread" daemon [_thread_blocked, id=27396, stack(0x000000fdbd400000,0x000000fdbd500000)]
  0x0000020d614c6a70 JavaThread "Monitor Deflation Thread" daemon [_thread_blocked, id=23848, stack(0x000000fdbd500000,0x000000fdbd600000)]
  0x0000020d614ccd70 JavaThread "C2 CompilerThread0" daemon [_thread_in_native, id=27156, stack(0x000000fdbd600000,0x000000fdbd700000)]
  0x0000020d614ce800 JavaThread "C1 CompilerThread0" daemon [_thread_blocked, id=11040, stack(0x000000fdbd700000,0x000000fdbd800000)]
  0x0000020d614d7e60 JavaThread "Sweeper thread" daemon [_thread_blocked, id=17280, stack(0x000000fdbd800000,0x000000fdbd900000)]
  0x0000020d7798f800 JavaThread "Common-Cleaner" daemon [_thread_blocked, id=18980, stack(0x000000fdbd900000,0x000000fdbda00000)]
  0x0000020d61796de0 JavaThread "Notification Thread" daemon [_thread_blocked, id=10356, stack(0x000000fdbde00000,0x000000fdbdf00000)]
  0x0000020d6909d450 JavaThread "Daemon health stats" [_thread_blocked, id=7400, stack(0x000000fdbe000000,0x000000fdbe100000)]
  0x0000020d692a0130 JavaThread "Incoming local TCP Connector on port 49671" [_thread_in_native, id=3984, stack(0x000000fdbdd00000,0x000000fdbde00000)]
  0x0000020d6927f3c0 JavaThread "Daemon periodic checks" [_thread_blocked, id=14532, stack(0x000000fdbeb00000,0x000000fdbec00000)]
  0x0000020d69021990 JavaThread "Cache worker for journal cache (C:\Users\indie\.gradle\caches\journal-1)" [_thread_blocked, id=22960, stack(0x000000fdbf300000,0x000000fdbf400000)]
  0x0000020d69023d00 JavaThread "File lock request listener" [_thread_in_native, id=16444, stack(0x000000fdbf400000,0x000000fdbf500000)]
  0x0000020d69021ea0 JavaThread "Cache worker for file hash cache (C:\Users\indie\.gradle\caches\9.2.1\fileHashes)" [_thread_blocked, id=14752, stack(0x000000fdbf500000,0x000000fdbf600000)]
  0x0000020d690237f0 JavaThread "File watcher server" daemon [_thread_in_native, id=4684, stack(0x000000fdbfc00000,0x000000fdbfd00000)]
  0x0000020d6a39b290 JavaThread "File watcher consumer" daemon [_thread_blocked, id=26184, stack(0x000000fdbfd00000,0x000000fdbfe00000)]
  0x0000020d6a39c1c0 JavaThread "Cache worker for file content cache (C:\Users\indie\.gradle\caches\9.2.1\fileContent)" [_thread_blocked, id=26072, stack(0x000000fdbff00000,0x000000fdc0000000)]
  0x0000020d6a39d600 JavaThread "jar transforms" [_thread_blocked, id=22912, stack(0x000000fdc0100000,0x000000fdc0200000)]
  0x0000020d6a39b7a0 JavaThread "jar transforms Thread 2" [_thread_blocked, id=19916, stack(0x000000fdc0200000,0x000000fdc0300000)]
  0x0000020d6a39e020 JavaThread "jar transforms Thread 3" [_thread_blocked, id=3204, stack(0x000000fdc0300000,0x000000fdc0400000)]
  0x0000020d6b97e2a0 JavaThread "jar transforms Thread 4" [_thread_blocked, id=9016, stack(0x000000fdc1800000,0x000000fdc1900000)]
  0x0000020d6b97aaf0 JavaThread "jar transforms Thread 5" [_thread_blocked, id=14624, stack(0x000000fdc1900000,0x000000fdc1a00000)]
  0x0000020d6b980610 JavaThread "jar transforms Thread 6" [_thread_blocked, id=12960, stack(0x000000fdc2400000,0x000000fdc2500000)]
  0x0000020d6b980b20 JavaThread "jar transforms Thread 7" [_thread_blocked, id=4064, stack(0x000000fdc2500000,0x000000fdc2600000)]
  0x0000020d6b97d370 JavaThread "jar transforms Thread 8" [_thread_blocked, id=13888, stack(0x000000fdc2600000,0x000000fdc2700000)]
  0x0000020d67f13720 JavaThread "Memory manager" [_thread_blocked, id=26128, stack(0x000000fdc5600000,0x000000fdc5700000)]
  0x0000020d6c8615b0 JavaThread "ForkJoinPool.commonPool-worker-1" daemon [_thread_blocked, id=5248, stack(0x000000fdc5900000,0x000000fdc5a00000)]
  0x0000020d6c8610a0 JavaThread "ForkJoinPool.commonPool-worker-2" daemon [_thread_blocked, id=3576, stack(0x000000fdc5a00000,0x000000fdc5b00000)]
  0x0000020d6c8624e0 JavaThread "ForkJoinPool.commonPool-worker-4" daemon [_thread_blocked, id=2816, stack(0x000000fdc5c00000,0x000000fdc5d00000)]
  0x0000020d6c862f00 JavaThread "ForkJoinPool.commonPool-worker-6" daemon [_thread_blocked, id=14972, stack(0x000000fdc5e00000,0x000000fdc5f00000)]
  0x0000020d6c863e30 JavaThread "ForkJoinPool.commonPool-worker-7" daemon [_thread_blocked, id=6396, stack(0x000000fdc5f00000,0x000000fdc6000000)]
  0x0000020d6c861fd0 JavaThread "ForkJoinPool.commonPool-worker-8" daemon [_thread_blocked, id=26316, stack(0x000000fdc6000000,0x000000fdc6100000)]
  0x0000020d6c8629f0 JavaThread "ForkJoinPool.commonPool-worker-9" daemon [_thread_blocked, id=25816, stack(0x000000fdc6100000,0x000000fdc6200000)]
  0x0000020d6c860680 JavaThread "ForkJoinPool.commonPool-worker-10" daemon [_thread_blocked, id=12688, stack(0x000000fdc6300000,0x000000fdc6400000)]
  0x0000020d6c8666b0 JavaThread "ForkJoinPool.commonPool-worker-15" daemon [_thread_blocked, id=8728, stack(0x000000fdc6800000,0x000000fdc6900000)]
  0x0000020d6c865c90 JavaThread "pool-3-thread-1" [_thread_blocked, id=3728, stack(0x000000fdc6c00000,0x000000fdc6d00000)]
  0x0000020d6eb5efe0 JavaThread "Java2D Disposer" daemon [_thread_blocked, id=13800, stack(0x000000fdcd500000,0x000000fdcd600000)]
  0x0000020d6eb645f0 JavaThread "AWT-Windows" daemon [_thread_in_native, id=25188, stack(0x000000fdcd700000,0x000000fdcd800000)]
  0x0000020d6eb64b00 JavaThread "DefaultDispatcher-worker-1" daemon [_thread_blocked, id=19480, stack(0x000000fdcd900000,0x000000fdcda00000)]
  0x0000020d6eb62ca0 JavaThread "DefaultDispatcher-worker-2" daemon [_thread_blocked, id=1808, stack(0x000000fdcda00000,0x000000fdcdb00000)]
  0x0000020d6eb65a30 JavaThread "DefaultDispatcher-worker-3" daemon [_thread_blocked, id=10160, stack(0x000000fdcdb00000,0x000000fdcdc00000)]
  0x0000020d6eb65010 JavaThread "Periodic tasks thread" daemon [_thread_blocked, id=10680, stack(0x000000fdcd800000,0x000000fdcd900000)]
  0x0000020d6eb65f40 JavaThread "ApplicationImpl pooled thread 1" [_thread_blocked, id=22540, stack(0x000000fdcdc00000,0x000000fdcdd00000)]
  0x0000020d75287480 JavaThread "RMI Scheduler(0)" daemon [_thread_blocked, id=15380, stack(0x000000fdbda00000,0x000000fdbdb00000)]
  0x0000020d75286040 JavaThread "RMI GC Daemon" daemon [_thread_blocked, id=22028, stack(0x000000fdc6900000,0x000000fdc6a00000)]
  0x0000020d75283cd0 JavaThread "RMI TCP Accept-0" daemon [_thread_in_native, id=26212, stack(0x000000fdcdd00000,0x000000fdcde00000)]
  0x0000020d7528b140 JavaThread "RMI Reaper" [_thread_blocked, id=10772, stack(0x000000fdcde00000,0x000000fdcdf00000)]
  0x0000020d75288dd0 JavaThread "Cache worker for Java compile cache (C:\Users\indie\.gradle\caches\9.2.1\javaCompile)" [_thread_blocked, id=21348, stack(0x000000fdce200000,0x000000fdce300000)]
  0x0000020d6eb5b830 JavaThread "Daemon Thread 2" [_thread_blocked, id=26604, stack(0x000000fdbca00000,0x000000fdbcb00000)]
  0x0000020d6eb5bd40 JavaThread "Handler for socket connection from /127.0.0.1:49671 to /127.0.0.1:63757" [_thread_in_native, id=2940, stack(0x000000fdbcb00000,0x000000fdbcc00000)]
  0x0000020d6eb5c760 JavaThread "Cancel handler" [_thread_blocked, id=14372, stack(0x000000fdbcc00000,0x000000fdbcd00000)]
  0x0000020d6eb594c0 JavaThread "Daemon worker Thread 2" [_thread_blocked, id=21952, stack(0x000000fdbdc00000,0x000000fdbdd00000)]
  0x0000020d6eb5d180 JavaThread "Asynchronous log dispatcher for DefaultDaemonConnection: socket connection from /127.0.0.1:49671 to /127.0.0.1:63757" [_thread_blocked, id=20036, stack(0x000000fdbec00000,0x000000fdbed00000)]
  0x0000020d6eb599d0 JavaThread "Stdin handler" [_thread_blocked, id=27220, stack(0x000000fdbed00000,0x000000fdbee00000)]
  0x0000020d6eb5a3f0 JavaThread "Daemon client event forwarder" [_thread_blocked, id=8996, stack(0x000000fdbee00000,0x000000fdbef00000)]
  0x0000020d6eb5d690 JavaThread "Cache worker for file hash cache (C:\Users\indie\Documents\Projects\Kotlin Learning\Clicka\.gradle\9.2.1\fileHashes)" [_thread_blocked, id=21112, stack(0x000000fdbef00000,0x000000fdbf000000)]
  0x0000020d6eb59ee0 JavaThread "Cache worker for Build Output Cleanup Cache (C:\Users\indie\Documents\Projects\Kotlin Learning\Clicka\.gradle\buildOutputCleanup)" [_thread_blocked, id=27456, stack(0x000000fdbf000000,0x000000fdbf100000)]
  0x0000020d6eb5cc70 JavaThread "Cache worker for checksums cache (C:\Users\indie\Documents\Projects\Kotlin Learning\Clicka\.gradle\9.2.1\checksums)" [_thread_blocked, id=17344, stack(0x000000fdbdb00000,0x000000fdbdc00000)]
  0x0000020d6eb5dba0 JavaThread "Cache worker for cache directory md-supplier (C:\Users\indie\.gradle\caches\9.2.1\md-supplier)" [_thread_blocked, id=11632, stack(0x000000fdbf100000,0x000000fdbf200000)]
  0x0000020d6eb5e0b0 JavaThread "Cache worker for cache directory md-rule (C:\Users\indie\.gradle\caches\9.2.1\md-rule)" [_thread_blocked, id=27208, stack(0x000000fdbf200000,0x000000fdbf300000)]
  0x0000020d6eb5a900 JavaThread "Unconstrained build operations" [_thread_blocked, id=4192, stack(0x000000fdbf600000,0x000000fdbf700000)]
  0x0000020d6eb5e5c0 JavaThread "Unconstrained build operations Thread 2" [_thread_blocked, id=27128, stack(0x000000fdbf700000,0x000000fdbf800000)]
  0x0000020d6eb5ae10 JavaThread "Unconstrained build operations Thread 3" [_thread_blocked, id=24436, stack(0x000000fdbfa00000,0x000000fdbfb00000)]
  0x0000020d6eb5ead0 JavaThread "Unconstrained build operations Thread 4" [_thread_blocked, id=25452, stack(0x000000fdbfb00000,0x000000fdbfc00000)]
  0x0000020d6eb5b320 JavaThread "Unconstrained build operations Thread 5" [_thread_blocked, id=15876, stack(0x000000fdbfe00000,0x000000fdbff00000)]
  0x0000020d6eb5f4f0 JavaThread "Unconstrained build operations Thread 6" [_thread_blocked, id=25756, stack(0x000000fdc0000000,0x000000fdc0100000)]
  0x0000020d6eb61350 JavaThread "Unconstrained build operations Thread 7" [_thread_blocked, id=26516, stack(0x000000fdc0400000,0x000000fdc0500000)]
  0x0000020d6eb61860 JavaThread "Unconstrained build operations Thread 8" [_thread_blocked, id=17824, stack(0x000000fdc0500000,0x000000fdc0600000)]
  0x0000020d6eb60e40 JavaThread "Unconstrained build operations Thread 9" [_thread_blocked, id=27432, stack(0x000000fdc0600000,0x000000fdc0700000)]
  0x0000020d6eb5fa00 JavaThread "Unconstrained build operations Thread 10" [_thread_blocked, id=14924, stack(0x000000fdc0700000,0x000000fdc0800000)]
  0x0000020d6eb60930 JavaThread "Unconstrained build operations Thread 11" [_thread_blocked, id=26844, stack(0x000000fdc0900000,0x000000fdc0a00000)]
  0x0000020d6eb5ff10 JavaThread "Unconstrained build operations Thread 12" [_thread_blocked, id=20548, stack(0x000000fdc0a00000,0x000000fdc0b00000)]
  0x0000020d6eb60420 JavaThread "Unconstrained build operations Thread 13" [_thread_blocked, id=1288, stack(0x000000fdc0b00000,0x000000fdc0c00000)]
  0x0000020d6eb61d70 JavaThread "Unconstrained build operations Thread 14" [_thread_blocked, id=18220, stack(0x000000fdc0c00000,0x000000fdc0d00000)]
  0x0000020d6eb62280 JavaThread "Unconstrained build operations Thread 15" [_thread_blocked, id=17540, stack(0x000000fdc0d00000,0x000000fdc0e00000)]
  0x0000020d6b758de0 JavaThread "Unconstrained build operations Thread 16" [_thread_blocked, id=19740, stack(0x000000fdc0e00000,0x000000fdc0f00000)]
  0x0000020d6b759d10 JavaThread "Unconstrained build operations Thread 17" [_thread_blocked, id=1272, stack(0x000000fdc0f00000,0x000000fdc1000000)]
  0x0000020d6b756f80 JavaThread "Unconstrained build operations Thread 18" [_thread_blocked, id=26268, stack(0x000000fdc1000000,0x000000fdc1100000)]
  0x0000020d6b7592f0 JavaThread "Unconstrained build operations Thread 19" [_thread_blocked, id=16808, stack(0x000000fdc1100000,0x000000fdc1200000)]
  0x0000020d6b759800 JavaThread "Unconstrained build operations Thread 20" [_thread_blocked, id=13156, stack(0x000000fdc1200000,0x000000fdc1300000)]
  0x0000020d6b757490 JavaThread "Unconstrained build operations Thread 21" [_thread_blocked, id=1348, stack(0x000000fdc0800000,0x000000fdc0900000)]
  0x0000020d6b7579a0 JavaThread "Unconstrained build operations Thread 22" [_thread_blocked, id=27408, stack(0x000000fdc1300000,0x000000fdc1400000)]
  0x0000020d6b75b150 JavaThread "Unconstrained build operations Thread 23" [_thread_blocked, id=8872, stack(0x000000fdc1400000,0x000000fdc1500000)]
  0x0000020d6b757eb0 JavaThread "Unconstrained build operations Thread 24" [_thread_blocked, id=27424, stack(0x000000fdc1500000,0x000000fdc1600000)]
  0x0000020d6b7583c0 JavaThread "Unconstrained build operations Thread 25" [_thread_blocked, id=15904, stack(0x000000fdc1600000,0x000000fdc1700000)]
  0x0000020d6b75a220 JavaThread "Unconstrained build operations Thread 26" [_thread_blocked, id=18084, stack(0x000000fdc1700000,0x000000fdc1800000)]
  0x0000020d6b75a730 JavaThread "Unconstrained build operations Thread 27" [_thread_blocked, id=15416, stack(0x000000fdc1a00000,0x000000fdc1b00000)]
  0x0000020d6b75bb70 JavaThread "Unconstrained build operations Thread 28" [_thread_blocked, id=16180, stack(0x000000fdc1b00000,0x000000fdc1c00000)]
  0x0000020d6b75c080 JavaThread "Unconstrained build operations Thread 29" [_thread_blocked, id=18428, stack(0x000000fdc1c00000,0x000000fdc1d00000)]
  0x0000020d6b7588d0 JavaThread "Unconstrained build operations Thread 30" [_thread_blocked, id=26892, stack(0x000000fdc1d00000,0x000000fdc1e00000)]
  0x0000020d6b75cfb0 JavaThread "Unconstrained build operations Thread 31" [_thread_blocked, id=26800, stack(0x000000fdc1e00000,0x000000fdc1f00000)]
  0x0000020d6b75dee0 JavaThread "Unconstrained build operations Thread 32" [_thread_blocked, id=27088, stack(0x000000fdc1f00000,0x000000fdc2000000)]
  0x0000020d6b75c590 JavaThread "Unconstrained build operations Thread 33" [_thread_blocked, id=4544, stack(0x000000fdc2000000,0x000000fdc2100000)]
  0x0000020d6b75caa0 JavaThread "Unconstrained build operations Thread 34" [_thread_blocked, id=4716, stack(0x000000fdc2100000,0x000000fdc2200000)]
  0x0000020d6b75d4c0 JavaThread "Unconstrained build operations Thread 35" [_thread_blocked, id=19608, stack(0x000000fdc2200000,0x000000fdc2300000)]
  0x0000020d6b75d9d0 JavaThread "Unconstrained build operations Thread 36" [_thread_blocked, id=2760, stack(0x000000fdc2300000,0x000000fdc2400000)]
  0x0000020d6b75e900 JavaThread "Unconstrained build operations Thread 37" [_thread_blocked, id=25312, stack(0x000000fdc2700000,0x000000fdc2800000)]
  0x0000020d6b75e3f0 JavaThread "Unconstrained build operations Thread 38" [_thread_blocked, id=18024, stack(0x000000fdc2800000,0x000000fdc2900000)]
  0x0000020d6b97ba20 JavaThread "Unconstrained build operations Thread 39" [_thread_blocked, id=23172, stack(0x000000fdc2900000,0x000000fdc2a00000)]
  0x0000020d6b97d880 JavaThread "Unconstrained build operations Thread 40" [_thread_blocked, id=25632, stack(0x000000fdc2a00000,0x000000fdc2b00000)]
  0x0000020d6b97e7b0 JavaThread "Unconstrained build operations Thread 41" [_thread_blocked, id=22352, stack(0x000000fdc2b00000,0x000000fdc2c00000)]
  0x0000020d6b97b000 JavaThread "Unconstrained build operations Thread 42" [_thread_blocked, id=22664, stack(0x000000fdc2c00000,0x000000fdc2d00000)]
  0x0000020d6b97dd90 JavaThread "Unconstrained build operations Thread 43" [_thread_blocked, id=432, stack(0x000000fdc2d00000,0x000000fdc2e00000)]
  0x0000020d6b97ecc0 JavaThread "Unconstrained build operations Thread 44" [_thread_blocked, id=13484, stack(0x000000fdc2e00000,0x000000fdc2f00000)]
  0x0000020d6b97b510 JavaThread "Unconstrained build operations Thread 45" [_thread_blocked, id=27372, stack(0x000000fdc2f00000,0x000000fdc3000000)]
  0x0000020d6b97f1d0 JavaThread "Unconstrained build operations Thread 46" [_thread_blocked, id=23524, stack(0x000000fdc3000000,0x000000fdc3100000)]
  0x0000020d6b97c440 JavaThread "Unconstrained build operations Thread 47" [_thread_blocked, id=26176, stack(0x000000fdc3100000,0x000000fdc3200000)]
  0x0000020d6b97f6e0 JavaThread "Unconstrained build operations Thread 48" [_thread_blocked, id=18804, stack(0x000000fdc3200000,0x000000fdc3300000)]
  0x0000020d6b97bf30 JavaThread "Unconstrained build operations Thread 49" [_thread_blocked, id=22308, stack(0x000000fdc3300000,0x000000fdc3400000)]
  0x0000020d6b97fbf0 JavaThread "Unconstrained build operations Thread 50" [_thread_blocked, id=4236, stack(0x000000fdc3400000,0x000000fdc3500000)]
  0x0000020d6b980100 JavaThread "build event listener" [_thread_blocked, id=14512, stack(0x000000fdc3500000,0x000000fdc3600000)]
  0x0000020d6b97ce60 JavaThread "build event listener" [_thread_blocked, id=22136, stack(0x000000fdc3600000,0x000000fdc3700000)]
  0x0000020d6b97c950 JavaThread "build event listener" [_thread_blocked, id=16204, stack(0x000000fdc3700000,0x000000fdc3800000)]
  0x0000020d6b981a50 JavaThread "ForkJoinPool.commonPool-worker-17" daemon [_thread_blocked, id=26888, stack(0x000000fdc3900000,0x000000fdc3a00000)]
  0x0000020d6b981f60 JavaThread "ForkJoinPool.commonPool-worker-16" daemon [_thread_blocked, id=2856, stack(0x000000fdc3a00000,0x000000fdc3b00000)]
  0x0000020d6b982470 JavaThread "ForkJoinPool.commonPool-worker-18" daemon [_thread_blocked, id=13348, stack(0x000000fdc3b00000,0x000000fdc3c00000)]
  0x0000020d6a39d0f0 JavaThread "pool-8-thread-1" [_thread_blocked, id=10948, stack(0x000000fdc3c00000,0x000000fdc3d00000)]
  0x0000020d6a39db10 JavaThread "build event listener" [_thread_blocked, id=19472, stack(0x000000fdc3d00000,0x000000fdc3e00000)]
  0x0000020d6a39bcb0 JavaThread "included builds" [_thread_in_Java, id=12124, stack(0x000000fdc3e00000,0x000000fdc3f00000)]
  0x0000020d6a39c6d0 JavaThread "Execution worker" [_thread_blocked, id=1400, stack(0x000000fdc3f00000,0x000000fdc4000000)]
  0x0000020d6a39ad80 JavaThread "Execution worker Thread 2" [_thread_blocked, id=7936, stack(0x000000fdc4000000,0x000000fdc4100000)]
  0x0000020d6a39ef50 JavaThread "Execution worker Thread 3" [_thread_blocked, id=4472, stack(0x000000fdc4100000,0x000000fdc4200000)]
  0x0000020d6a3a08a0 JavaThread "Execution worker Thread 4" [_thread_blocked, id=23012, stack(0x000000fdc4200000,0x000000fdc4300000)]
  0x0000020d6a3a1ce0 JavaThread "Execution worker Thread 5" [_thread_blocked, id=9968, stack(0x000000fdc4300000,0x000000fdc4400000)]
  0x0000020d6a3a21f0 JavaThread "Execution worker Thread 6" [_thread_blocked, id=22828, stack(0x000000fdc4400000,0x000000fdc4500000)]
  0x0000020d6a39f460 JavaThread "Execution worker Thread 7" [_thread_blocked, id=8732, stack(0x000000fdc4500000,0x000000fdc4600000)]
  0x0000020d6a39f970 JavaThread "Execution worker Thread 8" [_thread_blocked, id=25840, stack(0x000000fdc4600000,0x000000fdc4700000)]
  0x0000020d6a39ea40 JavaThread "Execution worker Thread 9" [_thread_blocked, id=14928, stack(0x000000fdc4700000,0x000000fdc4800000)]
  0x0000020d6a3a0db0 JavaThread "Execution worker Thread 10" [_thread_blocked, id=13076, stack(0x000000fdc4800000,0x000000fdc4900000)]
  0x0000020d6a3a12c0 JavaThread "Execution worker Thread 11" [_thread_blocked, id=22704, stack(0x000000fdc4900000,0x000000fdc4a00000)]
  0x0000020d6a3a17d0 JavaThread "Execution worker Thread 12" [_thread_blocked, id=25672, stack(0x000000fdc4a00000,0x000000fdc4b00000)]
  0x0000020d6a3a2700 JavaThread "Execution worker Thread 13" [_thread_blocked, id=12340, stack(0x000000fdc4b00000,0x000000fdc4c00000)]
  0x0000020d6a3a0390 JavaThread "Execution worker Thread 14" [_thread_blocked, id=21600, stack(0x000000fdc4c00000,0x000000fdc4d00000)]
  0x0000020d6a39fe80 JavaThread "Execution worker Thread 15" [_thread_blocked, id=24072, stack(0x000000fdc4d00000,0x000000fdc4e00000)]
  0x0000020d75287990 JavaThread "Cache worker for execution history cache (C:\Users\indie\Documents\Projects\Kotlin Learning\Clicka\.gradle\9.2.1\executionHistory)" [_thread_blocked, id=24292, stack(0x000000fdc4e00000,0x000000fdc4f00000)]
  0x0000020d671512e0 JavaThread "C1 CompilerThread1" daemon [_thread_blocked, id=9224, stack(0x000000fdc3800000,0x000000fdc3900000)]
=>0x0000020d67150d90 JavaThread "C2 CompilerThread1" daemon [_thread_in_native, id=17696, stack(0x000000fdc4f00000,0x000000fdc5000000)]
  0x0000020d75285620 JavaThread "Unconstrained build operations Thread 51" [_thread_blocked, id=13324, stack(0x000000fdc5000000,0x000000fdc5100000)]
  0x0000020d752846f0 JavaThread "Unconstrained build operations Thread 52" [_thread_blocked, id=8480, stack(0x000000fdc5100000,0x000000fdc5200000)]
  0x0000020d7528b650 JavaThread "Unconstrained build operations Thread 53" [_thread_blocked, id=9480, stack(0x000000fdc5200000,0x000000fdc5300000)]
  0x0000020d00000000 
[error occurred during error reporting (printing all threads), id 0xc0000005, EXCEPTION_ACCESS_VIOLATION (0xc0000005) at pc=0x00007ff910d96949]

VM state: not at safepoint (normal execution)

VM Mutex/Monitor currently owned by a thread:  ([mutex/lock_event])
[0x0000020d779254a0] Threads_lock - owner thread: 0x0000020d6a39bcb0

Heap address: 0x0000000700000000, size: 4096 MB, Compressed Oops mode: Zero based, Oop shift amount: 3

CDS archive(s) mapped at: [0x0000020d1f000000-0x0000020d1fbb0000-0x0000020d1fbb0000), size 12255232, SharedBaseAddress: 0x0000020d1f000000, ArchiveRelocationMode: 1.
Compressed class space mapped at: 0x0000020d20000000-0x0000020d60000000, reserved size: 1073741824
Narrow klass base: 0x0000020d1f000000, Narrow klass shift: 0, Narrow klass range: 0x100000000

GC Precious Log:
 CPUs: 16 total, 16 available
 Memory: 5981M
 Large Page Support: Disabled
 NUMA Support: Disabled
 Compressed Oops: Enabled (Zero based)
 Alignments: Space 512K, Generation 512K, Heap 2M
 Heap Min Capacity: 512M
 Heap Initial Capacity: 512M
 Heap Max Capacity: 4G
 Pre-touch: Disabled
 Parallel Workers: 13

Heap:
 PSYoungGen      total 188416K, used 160664K [0x00000007aab00000, 0x00000007b8400000, 0x0000000800000000)
  eden space 163840K, 95% used [0x00000007aab00000,0x00000007b433ab58,0x00000007b4b00000)
  from space 24576K, 19% used [0x00000007b6c00000,0x00000007b70ab548,0x00000007b8400000)
  to   space 29184K, 0% used [0x00000007b4b00000,0x00000007b4b00000,0x00000007b6780000)
 ParOldGen       total 349696K, used 172066K [0x0000000700000000, 0x0000000715580000, 0x00000007aab00000)
  object space 349696K, 49% used [0x0000000700000000,0x000000070a808a58,0x0000000715580000)
 Metaspace       used 188149K, committed 189696K, reserved 1245184K
  class space    used 24882K, committed 25664K, reserved 1048576K

Card table byte_map: [0x0000020d79170000,0x0000020d79980000] _byte_map_base: 0x0000020d75970000

Marking Bits: (ParMarkBitMap*) 0x00007ff91114f970
 Begin Bits: [0x0000020d16ac0000, 0x0000020d1aac0000)
 End Bits:   [0x0000020d1aac0000, 0x0000020d1eac0000)

Polling page: 0x0000020d77610000

Metaspace:

Usage:
  Non-class:    159.44 MB used.
      Class:     24.30 MB used.
       Both:    183.74 MB used.

Virtual space:
  Non-class space:      192.00 MB reserved,     160.19 MB ( 83%) committed,  3 nodes.
      Class space:        1.00 GB reserved,      25.06 MB (  2%) committed,  1 nodes.
             Both:        1.19 GB reserved,     185.25 MB ( 15%) committed. 

Chunk freelists:
   Non-Class:  15.11 MB
       Class:  6.80 MB
        Both:  21.91 MB

MaxMetaspaceSize: unlimited
CompressedClassSpaceSize: 1.00 GB
Initial GC threshold: 21.00 MB
Current GC threshold: 264.19 MB
CDS: on
MetaspaceReclaimPolicy: balanced
 - commit_granule_bytes: 65536.
 - commit_granule_words: 8192.
 - virtual_space_node_default_size: 8388608.
 - enlarge_chunks_in_place: 1.
 - new_chunks_are_fully_committed: 0.
 - uncommit_free_chunks: 1.
 - use_allocation_guard: 0.
 - handle_deallocations: 1.


Internal statistics:

num_allocs_failed_limit: 19.
num_arena_births: 2632.
num_arena_deaths: 24.
num_vsnodes_births: 4.
num_vsnodes_deaths: 0.
num_space_committed: 3019.
num_space_uncommitted: 59.
num_chunks_returned_to_freelist: 204.
num_chunks_taken_from_freelist: 10701.
num_chunk_merges: 94.
num_chunk_splits: 7385.
num_chunks_enlarged: 5180.
num_inconsistent_stats: 0.

CodeHeap 'non-profiled nmethods': size=119168Kb used=13259Kb max_used=13677Kb free=105908Kb
 bounds [0x0000020d0f660000, 0x0000020d103c0000, 0x0000020d16ac0000]
CodeHeap 'profiled nmethods': size=119104Kb used=43776Kb max_used=45166Kb free=75328Kb
 bounds [0x0000020d07ac0000, 0x0000020d0a6e0000, 0x0000020d0ef10000]
CodeHeap 'non-nmethods': size=7488Kb used=2533Kb max_used=3718Kb free=4955Kb
 bounds [0x0000020d0ef10000, 0x0000020d0f2d0000, 0x0000020d0f660000]
 total_blobs=22740 nmethods=21615 adapters=1035
 compilation: enabled
              stopped_count=0, restarted_count=0
 full_count=0

Compilation events (20 events):
Event: 430.814 Thread 0x0000020d67150d90 nmethod 26096 0x0000020d0f791610 code [0x0000020d0f7917a0, 0x0000020d0f7918f8]
Event: 430.814 Thread 0x0000020d67150d90 26097       4       org.gradle.internal.component.model.DefaultExternalModuleComponentGraphResolveState$$Lambda$1207/0x0000020d207e3650::apply (12 bytes)
Event: 430.816 Thread 0x0000020d67150d90 nmethod 26097 0x0000020d0f791210 code [0x0000020d0f7913a0, 0x0000020d0f7914f8]
Event: 430.816 Thread 0x0000020d67150d90 26098       4       org.gradle.internal.component.model.DefaultExternalModuleComponentGraphResolveState$$Lambda$1208/0x0000020d207e3890::apply (8 bytes)
Event: 430.818 Thread 0x0000020d671512e0 nmethod 26129 0x0000020d090b0b90 code [0x0000020d090b0de0, 0x0000020d090b1918]
Event: 430.830 Thread 0x0000020d614ce800 nmethod 26128 0x0000020d0982d610 code [0x0000020d0982dac0, 0x0000020d09830378]
Event: 430.830 Thread 0x0000020d614ce800 26130       3       org.gradle.api.internal.artifacts.ivyservice.resolutionstrategy.DefaultCachePolicy$$Lambda$749/0x0000020d20597160::execute (16 bytes)
Event: 430.830 Thread 0x0000020d671512e0 26131       3       org.gradle.api.internal.artifacts.ivyservice.resolutionstrategy.DefaultCachePolicy::lambda$cacheMissingArtifactsFor$3 (18 bytes)
Event: 430.831 Thread 0x0000020d614ce800 nmethod 26130 0x0000020d09f91190 code [0x0000020d09f91360, 0x0000020d09f91808]
Event: 430.831 Thread 0x0000020d671512e0 nmethod 26131 0x0000020d08609e90 code [0x0000020d0860a040, 0x0000020d0860a348]
Event: 430.843 Thread 0x0000020d671512e0 26132       3       org.gradle.api.internal.artifacts.ivyservice.modulecache.artifacts.DefaultModuleArtifactCache$CachedArtifactSerializer::denormalizeAndResolveFilePath (55 bytes)
Event: 430.845 Thread 0x0000020d671512e0 nmethod 26132 0x0000020d07d3f310 code [0x0000020d07d3f540, 0x0000020d07d3fbd8]
Event: 430.870 Thread 0x0000020d614ccd70 nmethod 26094 0x0000020d0ffccd90 code [0x0000020d0ffcd220, 0x0000020d0ffd1680]
Event: 430.871 Thread 0x0000020d614ccd70 26099       4       org.gradle.internal.component.model.DefaultExternalModuleComponentGraphResolveState$$Lambda$1209/0x0000020d207e3ac8::apply (16 bytes)
Event: 430.881 Thread 0x0000020d67150d90 nmethod 26098 0x0000020d100dd190 code [0x0000020d100dd440, 0x0000020d100de3a0]
Event: 430.881 Thread 0x0000020d67150d90 26100       4       org.gradle.internal.component.model.DefaultExternalModuleComponentGraphResolveState::lambda$new$3 (47 bytes)
Event: 430.921 Thread 0x0000020d614ce800 26134   !   3       java.util.concurrent.locks.AbstractQueuedSynchronizer$ConditionObject::await (183 bytes)
Event: 430.927 Thread 0x0000020d614ce800 nmethod 26134 0x0000020d07b14d90 code [0x0000020d07b150c0, 0x0000020d07b162e8]
Event: 430.958 Thread 0x0000020d671512e0 26137       3       org.gradle.api.internal.artifacts.metadata.ComponentArtifactIdentifierSerializer::write (24 bytes)
Event: 430.958 Thread 0x0000020d614ce800 26136       3       org.gradle.api.internal.artifacts.metadata.ComponentArtifactIdentifierSerializer::write (10 bytes)

GC Heap History (20 events):
Event: 23.206 GC heap before
{Heap before GC invocations=18 (full 4):
 PSYoungGen      total 128000K, used 127744K [0x00000007aab00000, 0x00000007b5b00000, 0x0000000800000000)
  eden space 116736K, 100% used [0x00000007aab00000,0x00000007b1d00000,0x00000007b1d00000)
  from space 11264K, 97% used [0x00000007b1f80000,0x00000007b2a40040,0x00000007b2a80000)
  to   space 31744K, 0% used [0x00000007b3c00000,0x00000007b3c00000,0x00000007b5b00000)
 ParOldGen       total 349696K, used 101094K [0x0000000700000000, 0x0000000715580000, 0x00000007aab00000)
  object space 349696K, 28% used [0x0000000700000000,0x00000007062b99b8,0x0000000715580000)
 Metaspace       used 101280K, committed 102400K, reserved 1179648K
  class space    used 13968K, committed 14528K, reserved 1048576K
}
Event: 23.221 GC heap after
{Heap after GC invocations=18 (full 4):
 PSYoungGen      total 148992K, used 12207K [0x00000007aab00000, 0x00000007b9e80000, 0x0000000800000000)
  eden space 117248K, 0% used [0x00000007aab00000,0x00000007aab00000,0x00000007b1d80000)
  from space 31744K, 38% used [0x00000007b3c00000,0x00000007b47ebe38,0x00000007b5b00000)
  to   space 31232K, 0% used [0x00000007b1d80000,0x00000007b1d80000,0x00000007b3c00000)
 ParOldGen       total 349696K, used 109642K [0x0000000700000000, 0x0000000715580000, 0x00000007aab00000)
  object space 349696K, 31% used [0x0000000700000000,0x0000000706b12b60,0x0000000715580000)
 Metaspace       used 101280K, committed 102400K, reserved 1179648K
  class space    used 13968K, committed 14528K, reserved 1048576K
}
Event: 23.863 GC heap before
{Heap before GC invocations=19 (full 4):
 PSYoungGen      total 148992K, used 129455K [0x00000007aab00000, 0x00000007b9e80000, 0x0000000800000000)
  eden space 117248K, 100% used [0x00000007aab00000,0x00000007b1d80000,0x00000007b1d80000)
  from space 31744K, 38% used [0x00000007b3c00000,0x00000007b47ebe38,0x00000007b5b00000)
  to   space 31232K, 0% used [0x00000007b1d80000,0x00000007b1d80000,0x00000007b3c00000)
 ParOldGen       total 349696K, used 109642K [0x0000000700000000, 0x0000000715580000, 0x00000007aab00000)
  object space 349696K, 31% used [0x0000000700000000,0x0000000706b12b60,0x0000000715580000)
 Metaspace       used 105298K, committed 106432K, reserved 1179648K
  class space    used 14277K, committed 14848K, reserved 1048576K
}
Event: 23.874 GC heap after
{Heap after GC invocations=19 (full 4):
 PSYoungGen      total 148480K, used 7830K [0x00000007aab00000, 0x00000007b9e80000, 0x0000000800000000)
  eden space 117248K, 0% used [0x00000007aab00000,0x00000007aab00000,0x00000007b1d80000)
  from space 31232K, 25% used [0x00000007b1d80000,0x00000007b2525b38,0x00000007b3c00000)
  to   space 30720K, 0% used [0x00000007b8080000,0x00000007b8080000,0x00000007b9e80000)
 ParOldGen       total 349696K, used 119367K [0x0000000700000000, 0x0000000715580000, 0x00000007aab00000)
  object space 349696K, 34% used [0x0000000700000000,0x0000000707491ca8,0x0000000715580000)
 Metaspace       used 105298K, committed 106432K, reserved 1179648K
  class space    used 14277K, committed 14848K, reserved 1048576K
}
Event: 25.107 GC heap before
{Heap before GC invocations=20 (full 4):
 PSYoungGen      total 148480K, used 124001K [0x00000007aab00000, 0x00000007b9e80000, 0x0000000800000000)
  eden space 117248K, 99% used [0x00000007aab00000,0x00000007b1c72940,0x00000007b1d80000)
  from space 31232K, 25% used [0x00000007b1d80000,0x00000007b2525b38,0x00000007b3c00000)
  to   space 30720K, 0% used [0x00000007b8080000,0x00000007b8080000,0x00000007b9e80000)
 ParOldGen       total 349696K, used 119367K [0x0000000700000000, 0x0000000715580000, 0x00000007aab00000)
  object space 349696K, 34% used [0x0000000700000000,0x0000000707491ca8,0x0000000715580000)
 Metaspace       used 116685K, committed 117888K, reserved 1179648K
  class space    used 16021K, committed 16576K, reserved 1048576K
}
Event: 25.118 GC heap after
{Heap after GC invocations=20 (full 4):
 PSYoungGen      total 218624K, used 6832K [0x00000007aab00000, 0x00000007b9e80000, 0x0000000800000000)
  eden space 187904K, 0% used [0x00000007aab00000,0x00000007aab00000,0x00000007b6280000)
  from space 30720K, 22% used [0x00000007b8080000,0x00000007b872c020,0x00000007b9e80000)
  to   space 30720K, 0% used [0x00000007b6280000,0x00000007b6280000,0x00000007b8080000)
 ParOldGen       total 349696K, used 124868K [0x0000000700000000, 0x0000000715580000, 0x00000007aab00000)
  object space 349696K, 35% used [0x0000000700000000,0x00000007079f1010,0x0000000715580000)
 Metaspace       used 116685K, committed 117888K, reserved 1179648K
  class space    used 16021K, committed 16576K, reserved 1048576K
}
Event: 28.561 GC heap before
{Heap before GC invocations=21 (full 4):
 PSYoungGen      total 218624K, used 194736K [0x00000007aab00000, 0x00000007b9e80000, 0x0000000800000000)
  eden space 187904K, 100% used [0x00000007aab00000,0x00000007b6280000,0x00000007b6280000)
  from space 30720K, 22% used [0x00000007b8080000,0x00000007b872c020,0x00000007b9e80000)
  to   space 30720K, 0% used [0x00000007b6280000,0x00000007b6280000,0x00000007b8080000)
 ParOldGen       total 349696K, used 124868K [0x0000000700000000, 0x0000000715580000, 0x00000007aab00000)
  object space 349696K, 35% used [0x0000000700000000,0x00000007079f1010,0x0000000715580000)
 Metaspace       used 138796K, committed 140096K, reserved 1179648K
  class space    used 18348K, committed 19008K, reserved 1048576K
}
Event: 28.582 GC heap after
{Heap after GC invocations=21 (full 4):
 PSYoungGen      total 200704K, used 17625K [0x00000007aab00000, 0x00000007b9880000, 0x0000000800000000)
  eden space 182784K, 0% used [0x00000007aab00000,0x00000007aab00000,0x00000007b5d80000)
  from space 17920K, 98% used [0x00000007b6280000,0x00000007b73b6710,0x00000007b7400000)
  to   space 30208K, 0% used [0x00000007b7b00000,0x00000007b7b00000,0x00000007b9880000)
 ParOldGen       total 349696K, used 131851K [0x0000000700000000, 0x0000000715580000, 0x00000007aab00000)
  object space 349696K, 37% used [0x0000000700000000,0x00000007080c2ef8,0x0000000715580000)
 Metaspace       used 138796K, committed 140096K, reserved 1179648K
  class space    used 18348K, committed 19008K, reserved 1048576K
}
Event: 32.806 GC heap before
{Heap before GC invocations=22 (full 4):
 PSYoungGen      total 200704K, used 200409K [0x00000007aab00000, 0x00000007b9880000, 0x0000000800000000)
  eden space 182784K, 100% used [0x00000007aab00000,0x00000007b5d80000,0x00000007b5d80000)
  from space 17920K, 98% used [0x00000007b6280000,0x00000007b73b6710,0x00000007b7400000)
  to   space 30208K, 0% used [0x00000007b7b00000,0x00000007b7b00000,0x00000007b9880000)
 ParOldGen       total 349696K, used 131851K [0x0000000700000000, 0x0000000715580000, 0x00000007aab00000)
  object space 349696K, 37% used [0x0000000700000000,0x00000007080c2ef8,0x0000000715580000)
 Metaspace       used 157225K, committed 158528K, reserved 1245184K
  class space    used 20415K, committed 21056K, reserved 1048576K
}
Event: 32.824 GC heap after
{Heap after GC invocations=22 (full 4):
 PSYoungGen      total 201728K, used 8896K [0x00000007aab00000, 0x00000007b9280000, 0x0000000800000000)
  eden space 177664K, 0% used [0x00000007aab00000,0x00000007aab00000,0x00000007b5880000)
  from space 24064K, 36% used [0x00000007b7b00000,0x00000007b83b0040,0x00000007b9280000)
  to   space 29696K, 0% used [0x00000007b5880000,0x00000007b5880000,0x00000007b7580000)
 ParOldGen       total 349696K, used 148553K [0x0000000700000000, 0x0000000715580000, 0x00000007aab00000)
  object space 349696K, 42% used [0x0000000700000000,0x0000000709112748,0x0000000715580000)
 Metaspace       used 157225K, committed 158528K, reserved 1245184K
  class space    used 20415K, committed 21056K, reserved 1048576K
}
Event: 51.702 GC heap before
{Heap before GC invocations=23 (full 4):
 PSYoungGen      total 201728K, used 186560K [0x00000007aab00000, 0x00000007b9280000, 0x0000000800000000)
  eden space 177664K, 100% used [0x00000007aab00000,0x00000007b5880000,0x00000007b5880000)
  from space 24064K, 36% used [0x00000007b7b00000,0x00000007b83b0040,0x00000007b9280000)
  to   space 29696K, 0% used [0x00000007b5880000,0x00000007b5880000,0x00000007b7580000)
 ParOldGen       total 349696K, used 148553K [0x0000000700000000, 0x0000000715580000, 0x00000007aab00000)
  object space 349696K, 42% used [0x0000000700000000,0x0000000709112748,0x0000000715580000)
 Metaspace       used 160842K, committed 162240K, reserved 1245184K
  class space    used 20890K, committed 21568K, reserved 1048576K
}
Event: 51.743 GC heap after
{Heap after GC invocations=23 (full 4):
 PSYoungGen      total 192512K, used 19441K [0x00000007aab00000, 0x00000007b8f00000, 0x0000000800000000)
  eden space 173056K, 0% used [0x00000007aab00000,0x00000007aab00000,0x00000007b5400000)
  from space 19456K, 99% used [0x00000007b5880000,0x00000007b6b7c710,0x00000007b6b80000)
  to   space 30208K, 0% used [0x00000007b7180000,0x00000007b7180000,0x00000007b8f00000)
 ParOldGen       total 349696K, used 155042K [0x0000000700000000, 0x0000000715580000, 0x00000007aab00000)
  object space 349696K, 44% used [0x0000000700000000,0x0000000709768ae8,0x0000000715580000)
 Metaspace       used 160842K, committed 162240K, reserved 1245184K
  class space    used 20890K, committed 21568K, reserved 1048576K
}
Event: 54.353 GC heap before
{Heap before GC invocations=24 (full 4):
 PSYoungGen      total 192512K, used 136899K [0x00000007aab00000, 0x00000007b8f00000, 0x0000000800000000)
  eden space 173056K, 67% used [0x00000007aab00000,0x00000007b1db45e8,0x00000007b5400000)
  from space 19456K, 99% used [0x00000007b5880000,0x00000007b6b7c710,0x00000007b6b80000)
  to   space 30208K, 0% used [0x00000007b7180000,0x00000007b7180000,0x00000007b8f00000)
 ParOldGen       total 349696K, used 155042K [0x0000000700000000, 0x0000000715580000, 0x00000007aab00000)
  object space 349696K, 44% used [0x0000000700000000,0x0000000709768ae8,0x0000000715580000)
 Metaspace       used 164721K, committed 166080K, reserved 1245184K
  class space    used 21457K, committed 22144K, reserved 1048576K
}
Event: 54.389 GC heap after
{Heap after GC invocations=24 (full 4):
 PSYoungGen      total 201216K, used 10816K [0x00000007aab00000, 0x00000007b8d00000, 0x0000000800000000)
  eden space 173056K, 0% used [0x00000007aab00000,0x00000007aab00000,0x00000007b5400000)
  from space 28160K, 38% used [0x00000007b7180000,0x00000007b7c10138,0x00000007b8d00000)
  to   space 29184K, 0% used [0x00000007b5400000,0x00000007b5400000,0x00000007b7080000)
 ParOldGen       total 349696K, used 172120K [0x0000000700000000, 0x0000000715580000, 0x00000007aab00000)
  object space 349696K, 49% used [0x0000000700000000,0x000000070a816158,0x0000000715580000)
 Metaspace       used 164721K, committed 166080K, reserved 1245184K
  class space    used 21457K, committed 22144K, reserved 1048576K
}
Event: 54.389 GC heap before
{Heap before GC invocations=25 (full 5):
 PSYoungGen      total 201216K, used 10816K [0x00000007aab00000, 0x00000007b8d00000, 0x0000000800000000)
  eden space 173056K, 0% used [0x00000007aab00000,0x00000007aab00000,0x00000007b5400000)
  from space 28160K, 38% used [0x00000007b7180000,0x00000007b7c10138,0x00000007b8d00000)
  to   space 29184K, 0% used [0x00000007b5400000,0x00000007b5400000,0x00000007b7080000)
 ParOldGen       total 349696K, used 172120K [0x0000000700000000, 0x0000000715580000, 0x00000007aab00000)
  object space 349696K, 49% used [0x0000000700000000,0x000000070a816158,0x0000000715580000)
 Metaspace       used 164721K, committed 166080K, reserved 1245184K
  class space    used 21457K, committed 22144K, reserved 1048576K
}
Event: 55.689 GC heap after
{Heap after GC invocations=25 (full 5):
 PSYoungGen      total 201216K, used 0K [0x00000007aab00000, 0x00000007b8d00000, 0x0000000800000000)
  eden space 173056K, 0% used [0x00000007aab00000,0x00000007aab00000,0x00000007b5400000)
  from space 28160K, 0% used [0x00000007b7180000,0x00000007b7180000,0x00000007b8d00000)
  to   space 29184K, 0% used [0x00000007b5400000,0x00000007b5400000,0x00000007b7080000)
 ParOldGen       total 349696K, used 168006K [0x0000000700000000, 0x0000000715580000, 0x00000007aab00000)
  object space 349696K, 48% used [0x0000000700000000,0x000000070a411a18,0x0000000715580000)
 Metaspace       used 160289K, committed 162304K, reserved 1245184K
  class space    used 20932K, committed 21824K, reserved 1048576K
}
Event: 58.864 GC heap before
{Heap before GC invocations=26 (full 5):
 PSYoungGen      total 201216K, used 173056K [0x00000007aab00000, 0x00000007b8d00000, 0x0000000800000000)
  eden space 173056K, 100% used [0x00000007aab00000,0x00000007b5400000,0x00000007b5400000)
  from space 28160K, 0% used [0x00000007b7180000,0x00000007b7180000,0x00000007b8d00000)
  to   space 29184K, 0% used [0x00000007b5400000,0x00000007b5400000,0x00000007b7080000)
 ParOldGen       total 349696K, used 168006K [0x0000000700000000, 0x0000000715580000, 0x00000007aab00000)
  object space 349696K, 48% used [0x0000000700000000,0x000000070a411a18,0x0000000715580000)
 Metaspace       used 176867K, committed 178304K, reserved 1245184K
  class space    used 23670K, committed 24384K, reserved 1048576K
}
Event: 58.874 GC heap after
{Heap after GC invocations=26 (full 5):
 PSYoungGen      total 173056K, used 4512K [0x00000007aab00000, 0x00000007b8880000, 0x0000000800000000)
  eden space 168448K, 0% used [0x00000007aab00000,0x00000007aab00000,0x00000007b4f80000)
  from space 4608K, 97% used [0x00000007b5400000,0x00000007b5868030,0x00000007b5880000)
  to   space 29184K, 0% used [0x00000007b6c00000,0x00000007b6c00000,0x00000007b8880000)
 ParOldGen       total 349696K, used 168030K [0x0000000700000000, 0x0000000715580000, 0x00000007aab00000)
  object space 349696K, 48% used [0x0000000700000000,0x000000070a417a18,0x0000000715580000)
 Metaspace       used 176867K, committed 178304K, reserved 1245184K
  class space    used 23670K, committed 24384K, reserved 1048576K
}
Event: 61.297 GC heap before
{Heap before GC invocations=27 (full 5):
 PSYoungGen      total 173056K, used 172960K [0x00000007aab00000, 0x00000007b8880000, 0x0000000800000000)
  eden space 168448K, 100% used [0x00000007aab00000,0x00000007b4f80000,0x00000007b4f80000)
  from space 4608K, 97% used [0x00000007b5400000,0x00000007b5868030,0x00000007b5880000)
  to   space 29184K, 0% used [0x00000007b6c00000,0x00000007b6c00000,0x00000007b8880000)
 ParOldGen       total 349696K, used 168030K [0x0000000700000000, 0x0000000715580000, 0x00000007aab00000)
  object space 349696K, 48% used [0x0000000700000000,0x000000070a417a18,0x0000000715580000)
 Metaspace       used 184137K, committed 185664K, reserved 1245184K
  class space    used 24538K, committed 25280K, reserved 1048576K
}
Event: 61.305 GC heap after
{Heap after GC invocations=27 (full 5):
 PSYoungGen      total 188416K, used 4781K [0x00000007aab00000, 0x00000007b8400000, 0x0000000800000000)
  eden space 163840K, 0% used [0x00000007aab00000,0x00000007aab00000,0x00000007b4b00000)
  from space 24576K, 19% used [0x00000007b6c00000,0x00000007b70ab548,0x00000007b8400000)
  to   space 29184K, 0% used [0x00000007b4b00000,0x00000007b4b00000,0x00000007b6780000)
 ParOldGen       total 349696K, used 172066K [0x0000000700000000, 0x0000000715580000, 0x00000007aab00000)
  object space 349696K, 49% used [0x0000000700000000,0x000000070a808a58,0x0000000715580000)
 Metaspace       used 184137K, committed 185664K, reserved 1245184K
  class space    used 24538K, committed 25280K, reserved 1048576K
}

Dll operation events (19 events):
Event: 0.013 Loaded shared library C:\Users\indie\.jdks\corretto-17.0.17\bin\java.dll
Event: 0.032 Loaded shared library C:\Users\indie\.jdks\corretto-17.0.17\bin\jsvml.dll
Event: 0.084 Loaded shared library C:\Users\indie\.jdks\corretto-17.0.17\bin\zip.dll
Event: 0.089 Loaded shared library C:\Users\indie\.jdks\corretto-17.0.17\bin\instrument.dll
Event: 0.097 Loaded shared library C:\Users\indie\.jdks\corretto-17.0.17\bin\net.dll
Event: 0.103 Loaded shared library C:\Users\indie\.jdks\corretto-17.0.17\bin\nio.dll
Event: 0.106 Loaded shared library C:\Users\indie\.jdks\corretto-17.0.17\bin\zip.dll
Event: 0.388 Loaded shared library C:\Users\indie\.jdks\corretto-17.0.17\bin\jimage.dll
Event: 0.705 Loaded shared library C:\Users\indie\.jdks\corretto-17.0.17\bin\verify.dll
Event: 0.753 Loaded shared library C:\Users\indie\.gradle\native\660c5614fbf4a5f2a75b1949f50a0caf5cd603558e7d8a26e50b933a0cfb79d1\windows-amd64\native-platform.dll
Event: 0.774 Loaded shared library C:\Users\indie\.gradle\native\0.2.8\x86_64-windows-gnu\gradle-fileevents.dll
Event: 1.907 Loaded shared library C:\Users\indie\.jdks\corretto-17.0.17\bin\management.dll
Event: 1.914 Loaded shared library C:\Users\indie\.jdks\corretto-17.0.17\bin\management_ext.dll
Event: 2.172 Loaded shared library C:\Users\indie\.jdks\corretto-17.0.17\bin\extnet.dll
Event: 2.626 Loaded shared library C:\Users\indie\.jdks\corretto-17.0.17\bin\sunmscapi.dll
Event: 24.294 Loaded shared library C:\Users\indie\.jdks\corretto-17.0.17\bin\awt.dll
Event: 31.640 Loaded shared library C:\Users\indie\AppData\Local\Temp\sqlite-3.41.2.2-6edc470c-1e0f-4576-ad14-a901343e8810-sqlitejdbc.dll
Event: 33.861 Loaded shared library C:\Users\indie\.jdks\corretto-17.0.17\bin\rmi.dll
Event: 55.806 Unloaded dll "C:\Users\indie\AppData\Local\Temp\sqlite-3.41.2.2-6edc470c-1e0f-4576-ad14-a901343e8810-sqlitejdbc.dll" [0x00007ff943620000]

Deoptimization events (20 events):
Event: 425.260 Thread 0x0000020d6eb594c0 DEOPT PACKING pc=0x0000020d103a5de4 sp=0x000000fdbdcf8ff0
Event: 425.260 Thread 0x0000020d6eb594c0 DEOPT UNPACKING pc=0x0000020d0ef666a3 sp=0x000000fdbdcf8f70 mode 2
Event: 425.260 Thread 0x0000020d6eb594c0 Uncommon trap: trap_request=0xffffffd6 fr.pc=0x0000020d103a5de4 relative=0x0000000000000324
Event: 425.260 Thread 0x0000020d6eb594c0 Uncommon trap: reason=array_check action=maybe_recompile pc=0x0000020d103a5de4 method=java.util.AbstractCollection.toArray([Ljava/lang/Object;)[Ljava/lang/Object; @ 116 c2
Event: 425.260 Thread 0x0000020d6eb594c0 DEOPT PACKING pc=0x0000020d103a5de4 sp=0x000000fdbdcf8fe0
Event: 425.260 Thread 0x0000020d6eb594c0 DEOPT UNPACKING pc=0x0000020d0ef666a3 sp=0x000000fdbdcf8f60 mode 2
Event: 425.288 Thread 0x0000020d6eb594c0 DEOPT PACKING pc=0x0000020d0812f33a sp=0x000000fdbdcf8e90
Event: 425.289 Thread 0x0000020d6eb594c0 DEOPT UNPACKING pc=0x0000020d0ef66e43 sp=0x000000fdbdcf8370 mode 0
Event: 425.933 Thread 0x0000020d6eb594c0 Uncommon trap: trap_request=0xffffff54 fr.pc=0x0000020d0fd232a8 relative=0x0000000000000088
Event: 425.933 Thread 0x0000020d6eb594c0 Uncommon trap: reason=speculate_null_assert action=make_not_entrant pc=0x0000020d0fd232a8 method=java.lang.invoke.LambdaFormEditor.getInCache(Ljava/lang/invoke/LambdaFormEditor$TransformKey;)Ljava/lang/invoke/LambdaForm; @ 37 c2
Event: 425.933 Thread 0x0000020d6eb594c0 DEOPT PACKING pc=0x0000020d0fd232a8 sp=0x000000fdbdcf9150
Event: 425.933 Thread 0x0000020d6eb594c0 DEOPT UNPACKING pc=0x0000020d0ef666a3 sp=0x000000fdbdcf90b0 mode 2
Event: 430.916 Thread 0x0000020d752883b0 Uncommon trap: trap_request=0xffffff45 fr.pc=0x0000020d1034a944 relative=0x0000000000000804
Event: 430.916 Thread 0x0000020d752883b0 Uncommon trap: reason=unstable_if action=reinterpret pc=0x0000020d1034a944 method=java.util.concurrent.locks.LockSupport.unpark(Ljava/lang/Thread;)V @ 1 c2
Event: 430.916 Thread 0x0000020d752883b0 DEOPT PACKING pc=0x0000020d1034a944 sp=0x000000fdc53fdd00
Event: 430.916 Thread 0x0000020d752883b0 DEOPT UNPACKING pc=0x0000020d0ef666a3 sp=0x000000fdc53fdaf0 mode 2
Event: 431.043 Thread 0x0000020d6a39bcb0 Uncommon trap: trap_request=0xffffff6e fr.pc=0x0000020d0f96b824 relative=0x0000000000000104
Event: 432.936 Thread 0x0000020d6a39bcb0 Uncommon trap: reason=loop_limit_check action=maybe_recompile pc=0x0000020d0f96b824 method=java.util.BitSet.recalculateWordsInUse()V @ 8 c2
Event: 432.937 Thread 0x0000020d6a39bcb0 DEOPT PACKING pc=0x0000020d0f96b824 sp=0x000000fdc3efbd60
Event: 432.938 Thread 0x0000020d6a39bcb0 DEOPT UNPACKING pc=0x0000020d0ef666a3 sp=0x000000fdc3efbca0 mode 2

Classes loaded (20 events):
Event: 63.860 Loading class java/lang/StackStreamFactory$StackFrameTraverser
Event: 63.860 Loading class java/lang/StackStreamFactory$StackFrameTraverser done
Event: 63.861 Loading class java/lang/StackStreamFactory$WalkerState
Event: 63.861 Loading class java/lang/StackStreamFactory$WalkerState done
Event: 63.861 Loading class java/lang/StackStreamFactory$1
Event: 63.862 Loading class java/lang/StackStreamFactory$1 done
Event: 63.862 Loading class java/lang/StackStreamFactory$StackFrameTraverser$StackFrameBuffer
Event: 63.862 Loading class java/lang/StackStreamFactory$FrameBuffer
Event: 63.862 Loading class java/lang/StackStreamFactory$FrameBuffer done
Event: 63.862 Loading class java/lang/StackStreamFactory$StackFrameTraverser$StackFrameBuffer done
Event: 63.864 Loading class java/util/logging/LogRecord
Event: 63.865 Loading class java/util/logging/LogRecord done
Event: 407.947 Loading class jdk/internal/math/FormattedFloatingDecimal$Form
Event: 408.007 Loading class jdk/internal/math/FormattedFloatingDecimal$Form done
Event: 408.016 Loading class jdk/internal/math/FormattedFloatingDecimal
Event: 408.097 Loading class jdk/internal/math/FormattedFloatingDecimal done
Event: 408.102 Loading class jdk/internal/math/FormattedFloatingDecimal$1
Event: 408.122 Loading class jdk/internal/math/FormattedFloatingDecimal$1 done
Event: 408.178 Loading class jdk/internal/math/FormattedFloatingDecimal$2
Event: 408.182 Loading class jdk/internal/math/FormattedFloatingDecimal$2 done

Classes unloaded (20 events):
Event: 54.601 Thread 0x0000020d779de990 Unloading class 0x0000020d212a1708 'androidx/room/DatabaseProcessingStep'
Event: 54.601 Thread 0x0000020d779de990 Unloading class 0x0000020d212a1510 'androidx/room/compiler/processing/XProcessingStep'
Event: 54.601 Thread 0x0000020d779de990 Unloading class 0x0000020d212a1288 'androidx/room/RoomKspProcessor'
Event: 54.601 Thread 0x0000020d779de990 Unloading class 0x0000020d212a1000 'androidx/room/compiler/processing/ksp/KspBasicAnnotationProcessor'
Event: 54.601 Thread 0x0000020d779de990 Unloading class 0x0000020d20e21d58 'androidx/room/compiler/processing/XBasicAnnotationProcessor'
Event: 54.601 Thread 0x0000020d779de990 Unloading class 0x0000020d20e21b38 'dagger/internal/codegen/KspComponentProcessor$Provider'
Event: 54.601 Thread 0x0000020d779de990 Unloading class 0x0000020d20e21920 'dagger/hilt/processor/internal/root/KspRootProcessor$Provider'
Event: 54.601 Thread 0x0000020d779de990 Unloading class 0x0000020d20e21708 'dagger/hilt/processor/internal/originatingelement/KspOriginatingElementProcessor$Provider'
Event: 54.601 Thread 0x0000020d779de990 Unloading class 0x0000020d20e214f0 'dagger/hilt/processor/internal/aliasof/KspAliasOfProcessor$Provider'
Event: 54.601 Thread 0x0000020d779de990 Unloading class 0x0000020d20e212d8 'dagger/hilt/processor/internal/earlyentrypoint/KspEarlyEntryPointProcessor$Provider'
Event: 54.601 Thread 0x0000020d779de990 Unloading class 0x0000020d20e210c0 'dagger/hilt/processor/internal/root/KspComponentTreeDepsProcessor$Provider'
Event: 54.601 Thread 0x0000020d779de990 Unloading class 0x0000020d20e20ea8 'dagger/hilt/android/processor/internal/bindvalue/KspBindValueProcessor$Provider'
Event: 54.601 Thread 0x0000020d779de990 Unloading class 0x0000020d20e20c90 'dagger/hilt/android/processor/internal/viewmodel/KspViewModelProcessor$Provider'
Event: 54.601 Thread 0x0000020d779de990 Unloading class 0x0000020d20e20a78 'dagger/hilt/processor/internal/definecomponent/KspDefineComponentProcessor$Provider'
Event: 54.601 Thread 0x0000020d779de990 Unloading class 0x0000020d20e20860 'dagger/hilt/android/processor/internal/customtestapplication/KspCustomTestApplicationProcessor$Provider'
Event: 54.601 Thread 0x0000020d779de990 Unloading class 0x0000020d20e20648 'dagger/hilt/processor/internal/generatesrootinput/KspGeneratesRootInputProcessor$Provider'
Event: 54.601 Thread 0x0000020d779de990 Unloading class 0x0000020d20e20430 'dagger/hilt/processor/internal/aggregateddeps/KspAggregatedDepsProcessor$Provider'
Event: 54.601 Thread 0x0000020d779de990 Unloading class 0x0000020d20e20218 'dagger/hilt/android/processor/internal/androidentrypoint/KspAndroidEntryPointProcessor$Provider'
Event: 54.601 Thread 0x0000020d779de990 Unloading class 0x0000020d20e20000 'dagger/hilt/processor/internal/uninstallmodules/KspUninstallModulesProcessor$Provider'
Event: 54.601 Thread 0x0000020d779de990 Unloading class 0x0000020d20e1d400 'androidx/room/RoomKspProcessor$Provider'

Classes redefined (0 events):
No events

Internal exceptions (20 events):
Event: 60.895 Thread 0x0000020d69024210 Exception <a 'sun/nio/fs/WindowsException'{0x00000007b272f8b0}> (0x00000007b272f8b0) 
thrown [s\src\hotspot\share\prims\jni.cpp, line 516]
Event: 60.976 Thread 0x0000020d765305c0 Exception <a 'sun/nio/fs/WindowsException'{0x00000007b2a90290}> (0x00000007b2a90290) 
thrown [s\src\hotspot\share\prims\jni.cpp, line 516]
Event: 60.992 Thread 0x0000020d69024210 Exception <a 'sun/nio/fs/WindowsException'{0x00000007b2c38230}> (0x00000007b2c38230) 
thrown [s\src\hotspot\share\prims\jni.cpp, line 516]
Event: 61.044 Thread 0x0000020d69024210 Implicit null exception at 0x0000020d0fb8f3e4 to 0x0000020d0fb8fdc0
Event: 61.078 Thread 0x0000020d69024210 Implicit null exception at 0x0000020d0f74702f to 0x0000020d0f747080
Event: 61.130 Thread 0x0000020d69024210 Implicit null exception at 0x0000020d0fbb5c89 to 0x0000020d0fbb5e50
Event: 61.397 Thread 0x0000020d6eb599d0 Exception <a 'sun/nio/fs/WindowsException'{0x00000007ab513888}> (0x00000007ab513888) 
thrown [s\src\hotspot\share\prims\jni.cpp, line 516]
Event: 411.899 Thread 0x0000020d6eb594c0 Exception <a 'sun/nio/fs/WindowsException'{0x00000007ad846a60}> (0x00000007ad846a60) 
thrown [s\src\hotspot\share\prims\jni.cpp, line 516]
Event: 411.906 Thread 0x0000020d6eb594c0 Exception <a 'sun/nio/fs/WindowsException'{0x00000007ad847f08}> (0x00000007ad847f08) 
thrown [s\src\hotspot\share\prims\jni.cpp, line 516]
Event: 411.908 Thread 0x0000020d6eb594c0 Exception <a 'sun/nio/fs/WindowsException'{0x00000007ad8493a0}> (0x00000007ad8493a0) 
thrown [s\src\hotspot\share\prims\jni.cpp, line 516]
Event: 411.909 Thread 0x0000020d6eb594c0 Exception <a 'sun/nio/fs/WindowsException'{0x00000007ad84a818}> (0x00000007ad84a818) 
thrown [s\src\hotspot\share\prims\jni.cpp, line 516]
Event: 412.771 Thread 0x0000020d6eb594c0 Exception <a 'sun/nio/fs/WindowsException'{0x00000007af37f050}> (0x00000007af37f050) 
thrown [s\src\hotspot\share\prims\jni.cpp, line 516]
Event: 412.772 Thread 0x0000020d6eb594c0 Exception <a 'sun/nio/fs/WindowsException'{0x00000007af380740}> (0x00000007af380740) 
thrown [s\src\hotspot\share\prims\jni.cpp, line 516]
Event: 412.774 Thread 0x0000020d6eb594c0 Exception <a 'sun/nio/fs/WindowsException'{0x00000007af382a48}> (0x00000007af382a48) 
thrown [s\src\hotspot\share\prims\jni.cpp, line 516]
Event: 425.333 Thread 0x0000020d6eb594c0 Exception <a 'sun/nio/fs/WindowsException'{0x00000007b1c124e0}> (0x00000007b1c124e0) 
thrown [s\src\hotspot\share\prims\jni.cpp, line 516]
Event: 425.336 Thread 0x0000020d6eb594c0 Exception <a 'sun/nio/fs/WindowsException'{0x00000007b1c13b08}> (0x00000007b1c13b08) 
thrown [s\src\hotspot\share\prims\jni.cpp, line 516]
Event: 425.336 Thread 0x0000020d6eb594c0 Exception <a 'sun/nio/fs/WindowsException'{0x00000007b1c15180}> (0x00000007b1c15180) 
thrown [s\src\hotspot\share\prims\jni.cpp, line 516]
Event: 425.336 Thread 0x0000020d6eb594c0 Exception <a 'sun/nio/fs/WindowsException'{0x00000007b1c167f8}> (0x00000007b1c167f8) 
thrown [s\src\hotspot\share\prims\jni.cpp, line 516]
Event: 426.142 Thread 0x0000020d6eb594c0 Exception <a 'sun/nio/fs/WindowsException'{0x00000007b21fef58}> (0x00000007b21fef58) 
thrown [s\src\hotspot\share\prims\jni.cpp, line 516]
Event: 428.149 Thread 0x0000020d6a39bcb0 Exception <a 'sun/nio/fs/WindowsException'{0x00000007b25b13a8}> (0x00000007b25b13a8) 
thrown [s\src\hotspot\share\prims\jni.cpp, line 516]

VM Operations (20 events):
Event: 421.835 Executing VM operation: Cleanup
Event: 421.843 Executing VM operation: Cleanup done
Event: 423.843 Executing VM operation: Cleanup
Event: 423.843 Executing VM operation: Cleanup done
Event: 424.843 Executing VM operation: Cleanup
Event: 424.846 Executing VM operation: Cleanup done
Event: 425.623 Executing VM operation: HandshakeAllThreads
Event: 425.633 Executing VM operation: HandshakeAllThreads done
Event: 425.775 Executing VM operation: HandshakeAllThreads
Event: 425.778 Executing VM operation: HandshakeAllThreads done
Event: 425.856 Executing VM operation: ICBufferFull
Event: 425.857 Executing VM operation: ICBufferFull done
Event: 426.858 Executing VM operation: Cleanup
Event: 426.860 Executing VM operation: Cleanup done
Event: 428.860 Executing VM operation: Cleanup
Event: 429.345 Executing VM operation: Cleanup done
Event: 430.345 Executing VM operation: Cleanup
Event: 430.799 Executing VM operation: Cleanup done
Event: 431.799 Executing VM operation: Cleanup
Event: 432.937 Executing VM operation: Cleanup done

Memory protections (0 events):
No events

Nmethod flushes (20 events):
Event: 425.892 Thread 0x0000020d614d7e60 flushing  nmethod 0x0000020d0a473210
Event: 425.893 Thread 0x0000020d614d7e60 flushing  nmethod 0x0000020d0a473c90
Event: 425.893 Thread 0x0000020d614d7e60 flushing  nmethod 0x0000020d0a474610
Event: 425.893 Thread 0x0000020d614d7e60 flushing  nmethod 0x0000020d0a474990
Event: 425.893 Thread 0x0000020d614d7e60 flushing  nmethod 0x0000020d0a474d10
Event: 425.893 Thread 0x0000020d614d7e60 flushing  nmethod 0x0000020d0a475290
Event: 425.893 Thread 0x0000020d614d7e60 flushing  nmethod 0x0000020d0a475790
Event: 425.893 Thread 0x0000020d614d7e60 flushing  nmethod 0x0000020d0a47ad90
Event: 425.893 Thread 0x0000020d614d7e60 flushing  nmethod 0x0000020d0a47b510
Event: 425.893 Thread 0x0000020d614d7e60 flushing  nmethod 0x0000020d0a47c090
Event: 425.893 Thread 0x0000020d614d7e60 flushing  nmethod 0x0000020d0a47c790
Event: 425.893 Thread 0x0000020d614d7e60 flushing  nmethod 0x0000020d0a47d590
Event: 425.894 Thread 0x0000020d614d7e60 flushing  nmethod 0x0000020d0a47e910
Event: 425.894 Thread 0x0000020d614d7e60 flushing  nmethod 0x0000020d0a480d90
Event: 425.894 Thread 0x0000020d614d7e60 flushing  nmethod 0x0000020d0a4a3890
Event: 425.894 Thread 0x0000020d614d7e60 flushing  nmethod 0x0000020d0a4a7d90
Event: 425.894 Thread 0x0000020d614d7e60 flushing  nmethod 0x0000020d0a4af710
Event: 425.894 Thread 0x0000020d614d7e60 flushing  nmethod 0x0000020d0a4b0590
Event: 425.895 Thread 0x0000020d614d7e60 flushing  nmethod 0x0000020d0a536b10
Event: 425.895 Thread 0x0000020d614d7e60 flushing  nmethod 0x0000020d0a537490

Events (20 events):
Event: 426.308 Thread 0x0000020d6a39bcb0 Thread added: 0x0000020d6a39fe80
Event: 426.318 Thread 0x0000020d6a39c6d0 Thread added: 0x0000020d75287990
Event: 428.111 Thread 0x0000020d6b2edff0 Thread exited: 0x0000020d6b2edff0
Event: 429.622 Thread 0x0000020d614ce800 Thread added: 0x0000020d671512e0
Event: 429.800 Thread 0x0000020d614ce800 Thread added: 0x0000020d67150d90
Event: 430.800 Thread 0x0000020d6a39bcb0 Thread added: 0x0000020d75285620
Event: 430.801 Thread 0x0000020d6a39bcb0 Thread added: 0x0000020d752846f0
Event: 430.801 Thread 0x0000020d6a39bcb0 Thread added: 0x0000020d7528b650
Event: 430.801 Thread 0x0000020d6a39bcb0 Thread added: 0x0000020d752883b0
Event: 430.802 Thread 0x0000020d6a39bcb0 Thread added: 0x0000020d7528bb60
Event: 430.804 Thread 0x0000020d6a39bcb0 Thread added: 0x0000020d7528a720
Event: 430.805 Thread 0x0000020d6a39bcb0 Thread added: 0x0000020d7528ca90
Event: 430.806 Thread 0x0000020d6a39bcb0 Thread added: 0x0000020d752897f0
Event: 430.806 Thread 0x0000020d6a39bcb0 Thread added: 0x0000020d7528a210
Event: 430.806 Thread 0x0000020d6a39bcb0 Thread added: 0x0000020d7528c070
Event: 430.807 Thread 0x0000020d6a39bcb0 Thread added: 0x0000020d7528c580
Event: 430.808 Thread 0x0000020d6a39bcb0 Thread added: 0x0000020d752892e0
Event: 430.809 Thread 0x0000020d6a39bcb0 Thread added: 0x0000020d7528d4b0
Event: 430.809 Thread 0x0000020d6a39bcb0 Thread added: 0x0000020d7528cfa0
Event: 430.809 Thread 0x0000020d6a39bcb0 Thread added: 0x0000020d75289d00


Dynamic libraries:
0x00007ff74a5c0000 - 0x00007ff74a5ce000 	C:\Users\indie\.jdks\corretto-17.0.17\bin\java.exe
0x00007ff99bb00000 - 0x00007ff99bd68000 	C:\Windows\SYSTEM32\ntdll.dll
0x00007ff99acd0000 - 0x00007ff99ad99000 	C:\Windows\System32\KERNEL32.DLL
0x00007ff998840000 - 0x00007ff998c31000 	C:\Windows\System32\KERNELBASE.dll
0x00007ff998cd0000 - 0x00007ff998e1b000 	C:\Windows\System32\ucrtbase.dll
0x00007ff97b7c0000 - 0x00007ff97b7d8000 	C:\Users\indie\.jdks\corretto-17.0.17\bin\jli.dll
0x00007ff97ac40000 - 0x00007ff97ac5e000 	C:\Users\indie\.jdks\corretto-17.0.17\bin\VCRUNTIME140.dll
0x00007ff99b6c0000 - 0x00007ff99b886000 	C:\Windows\System32\USER32.dll
0x00007ff986ab0000 - 0x00007ff986d43000 	C:\Windows\WinSxS\amd64_microsoft.windows.common-controls_6595b64144ccf1df_6.0.26100.7824_none_3e0870b2e3345462\COMCTL32.dll
0x00007ff998e20000 - 0x00007ff998e47000 	C:\Windows\System32\win32u.dll
0x00007ff99ada0000 - 0x00007ff99ae49000 	C:\Windows\System32\msvcrt.dll
0x00007ff99b890000 - 0x00007ff99b8bb000 	C:\Windows\System32\GDI32.dll
0x00007ff998e50000 - 0x00007ff998f7b000 	C:\Windows\System32\gdi32full.dll
0x00007ff9984a0000 - 0x00007ff998543000 	C:\Windows\System32\msvcp_win.dll
0x00007ff99b960000 - 0x00007ff99b991000 	C:\Windows\System32\IMM32.DLL
0x00007ff97d350000 - 0x00007ff97d35c000 	C:\Users\indie\.jdks\corretto-17.0.17\bin\vcruntime140_1.dll
0x00007ff943750000 - 0x00007ff9437d9000 	C:\Users\indie\.jdks\corretto-17.0.17\bin\msvcp140.dll
0x00007ff9105a0000 - 0x00007ff911214000 	C:\Users\indie\.jdks\corretto-17.0.17\bin\server\jvm.dll
0x00007ff99b470000 - 0x00007ff99b524000 	C:\Windows\System32\ADVAPI32.dll
0x00007ff99af30000 - 0x00007ff99afd6000 	C:\Windows\System32\sechost.dll
0x00007ff99abb0000 - 0x00007ff99acc8000 	C:\Windows\System32\RPCRT4.dll
0x00007ff9998a0000 - 0x00007ff999914000 	C:\Windows\System32\WS2_32.dll
0x00007ff998230000 - 0x00007ff99828e000 	C:\Windows\SYSTEM32\POWRPROF.dll
0x00007ff9909c0000 - 0x00007ff9909cb000 	C:\Windows\SYSTEM32\VERSION.dll
0x00007ff990980000 - 0x00007ff9909b5000 	C:\Windows\SYSTEM32\WINMM.dll
0x00007ff998210000 - 0x00007ff998224000 	C:\Windows\SYSTEM32\UMPDC.dll
0x00007ff997180000 - 0x00007ff99719b000 	C:\Windows\SYSTEM32\kernel.appcore.dll
0x00007ff97d160000 - 0x00007ff97d16a000 	C:\Users\indie\.jdks\corretto-17.0.17\bin\jimage.dll
0x00007ff996400000 - 0x00007ff996642000 	C:\Windows\SYSTEM32\DBGHELP.DLL
0x00007ff99a590000 - 0x00007ff99a916000 	C:\Windows\System32\combase.dll
0x00007ff99ae50000 - 0x00007ff99af27000 	C:\Windows\System32\OLEAUT32.dll
0x00007ff986a60000 - 0x00007ff986a9b000 	C:\Windows\SYSTEM32\dbgcore.DLL
0x00007ff9997f0000 - 0x00007ff999895000 	C:\Windows\System32\bcryptPrimitives.dll
0x00007ff97c420000 - 0x00007ff97c42f000 	C:\Users\indie\.jdks\corretto-17.0.17\bin\instrument.dll
0x00007ff957d90000 - 0x00007ff957db6000 	C:\Users\indie\.jdks\corretto-17.0.17\bin\java.dll
0x00007ff927570000 - 0x00007ff927647000 	C:\Users\indie\.jdks\corretto-17.0.17\bin\jsvml.dll
0x00007ff999ac0000 - 0x00007ff99a212000 	C:\Windows\System32\SHELL32.dll
0x00007ff9986d0000 - 0x00007ff99883a000 	C:\Windows\System32\wintypes.dll
0x00007ff998f80000 - 0x00007ff9997e3000 	C:\Windows\System32\windows.storage.dll
0x00007ff99a480000 - 0x00007ff99a576000 	C:\Windows\System32\SHCORE.dll
0x00007ff99a220000 - 0x00007ff99a287000 	C:\Windows\System32\shlwapi.dll
0x00007ff998300000 - 0x00007ff998329000 	C:\Windows\SYSTEM32\profapi.dll
0x00007ff979450000 - 0x00007ff979468000 	C:\Users\indie\.jdks\corretto-17.0.17\bin\zip.dll
0x00007ff978ac0000 - 0x00007ff978adb000 	C:\Users\indie\.jdks\corretto-17.0.17\bin\net.dll
0x00007ff991f10000 - 0x00007ff992037000 	C:\Windows\SYSTEM32\WINHTTP.dll
0x00007ff9976f0000 - 0x00007ff99775b000 	C:\Windows\system32\mswsock.dll
0x00007ff977240000 - 0x00007ff977256000 	C:\Users\indie\.jdks\corretto-17.0.17\bin\nio.dll
0x00007ff97bbf0000 - 0x00007ff97bc00000 	C:\Users\indie\.jdks\corretto-17.0.17\bin\verify.dll
0x00007ff957f90000 - 0x00007ff957fb7000 	C:\Users\indie\.gradle\native\660c5614fbf4a5f2a75b1949f50a0caf5cd603558e7d8a26e50b933a0cfb79d1\windows-amd64\native-platform.dll
0x00007ff930060000 - 0x00007ff9300d7000 	C:\Users\indie\.gradle\native\0.2.8\x86_64-windows-gnu\gradle-fileevents.dll
0x00007ff979850000 - 0x00007ff97985a000 	C:\Users\indie\.jdks\corretto-17.0.17\bin\management.dll
0x00007ff9795e0000 - 0x00007ff9795ec000 	C:\Users\indie\.jdks\corretto-17.0.17\bin\management_ext.dll
0x00007ff99aa30000 - 0x00007ff99aa38000 	C:\Windows\System32\PSAPI.DLL
0x00007ff996bb0000 - 0x00007ff996be4000 	C:\Windows\SYSTEM32\IPHLPAPI.DLL
0x00007ff99a580000 - 0x00007ff99a58a000 	C:\Windows\System32\NSI.dll
0x00007ff992fe0000 - 0x00007ff992ffe000 	C:\Windows\SYSTEM32\dhcpcsvc6.DLL
0x00007ff992f50000 - 0x00007ff992f73000 	C:\Windows\SYSTEM32\dhcpcsvc.DLL
0x00007ff996c50000 - 0x00007ff996d7c000 	C:\Windows\SYSTEM32\DNSAPI.dll
0x00007ff9790f0000 - 0x00007ff9790f9000 	C:\Users\indie\.jdks\corretto-17.0.17\bin\extnet.dll
0x00007ff9979c0000 - 0x00007ff9979db000 	C:\Windows\SYSTEM32\CRYPTSP.dll
0x00007ff9970e0000 - 0x00007ff997119000 	C:\Windows\system32\rsaenh.dll
0x00007ff9977a0000 - 0x00007ff9977cb000 	C:\Windows\SYSTEM32\USERENV.dll
0x00007ff9982d0000 - 0x00007ff9982fa000 	C:\Windows\SYSTEM32\bcrypt.dll
0x00007ff9979e0000 - 0x00007ff9979ec000 	C:\Windows\SYSTEM32\CRYPTBASE.dll
0x00007ff970c90000 - 0x00007ff970c9e000 	C:\Users\indie\.jdks\corretto-17.0.17\bin\sunmscapi.dll
0x00007ff998550000 - 0x00007ff9986c7000 	C:\Windows\System32\CRYPT32.dll
0x00007ff997be0000 - 0x00007ff997c10000 	C:\Windows\SYSTEM32\ncrypt.dll
0x00007ff997b90000 - 0x00007ff997bcf000 	C:\Windows\SYSTEM32\NTASN1.dll
0x00007ff992c30000 - 0x00007ff992c38000 	C:\Windows\system32\wshunix.dll
0x00007ff926e10000 - 0x00007ff926fa6000 	C:\Users\indie\.jdks\corretto-17.0.17\bin\awt.dll
0x00007ff995710000 - 0x00007ff9957ae000 	C:\Windows\SYSTEM32\apphelp.dll
0x00007ff995930000 - 0x00007ff9959db000 	C:\Windows\system32\uxtheme.dll
0x00007ff99aa40000 - 0x00007ff99ab9f000 	C:\Windows\System32\MSCTF.dll
0x00007ff999920000 - 0x00007ff999ab7000 	C:\Windows\System32\ole32.dll
0x00007ff9972a0000 - 0x00007ff9972d6000 	C:\Windows\SYSTEM32\ntmarta.dll
0x00007ff993660000 - 0x00007ff993667000 	C:\Users\indie\.jdks\corretto-17.0.17\bin\rmi.dll

dbghelp: loaded successfully - version: 4.0.5 - missing functions: none
symbol engine: initialized successfully - sym options: 0x614 - pdb path: .;C:\Users\indie\.jdks\corretto-17.0.17\bin;C:\Windows\SYSTEM32;C:\Windows\WinSxS\amd64_microsoft.windows.common-controls_6595b64144ccf1df_6.0.26100.7824_none_3e0870b2e3345462;C:\Users\indie\.jdks\corretto-17.0.17\bin\server;C:\Users\indie\.gradle\native\660c5614fbf4a5f2a75b1949f50a0caf5cd603558e7d8a26e50b933a0cfb79d1\windows-amd64;C:\Users\indie\.gradle\native\0.2.8\x86_64-windows-gnu;C:\Users\indie\AppData\Local\Temp

VM Arguments:
jvm_args: --add-opens=java.base/java.lang=ALL-UNNAMED --add-opens=java.base/java.lang.invoke=ALL-UNNAMED --add-opens=java.base/java.util=ALL-UNNAMED --add-opens=java.prefs/java.util.prefs=ALL-UNNAMED --add-exports=jdk.compiler/com.sun.tools.javac.api=ALL-UNNAMED --add-exports=jdk.compiler/com.sun.tools.javac.util=ALL-UNNAMED --add-opens=java.base/java.util=ALL-UNNAMED --add-opens=java.prefs/java.util.prefs=ALL-UNNAMED --add-opens=java.base/java.nio.charset=ALL-UNNAMED --add-opens=java.base/java.net=ALL-UNNAMED --add-opens=java.base/java.util.concurrent=ALL-UNNAMED --add-opens=java.base/java.util.concurrent.atomic=ALL-UNNAMED --add-opens=java.xml/javax.xml.namespace=ALL-UNNAMED --add-opens=java.base/java.time=ALL-UNNAMED -XX:+HeapDumpOnOutOfMemoryError -XX:+UseParallelGC -Xms512m -Xmx4096m -Dfile.encoding=UTF-8 -Duser.country=ZA -Duser.language=en -Duser.variant -javaagent:C:\Users\indie\.gradle\wrapper\dists\gradle-9.2.1-bin\2t0n5ozlw9xmuyvbp7dnzaxug\gradle-9.2.1\lib\agents\gradle-instrumentation-agent-9.2.1.jar 
java_command: org.gradle.launcher.daemon.bootstrap.GradleDaemon 9.2.1
java_class_path (initial): C:\Users\indie\.gradle\wrapper\dists\gradle-9.2.1-bin\2t0n5ozlw9xmuyvbp7dnzaxug\gradle-9.2.1\lib\gradle-daemon-main-9.2.1.jar
Launcher Type: SUN_STANDARD

[Global flags]
     intx CICompilerCount                          = 12                                        {product} {ergonomic}
     bool HeapDumpOnOutOfMemoryError               = true                                   {manageable} {command line}
   size_t InitialHeapSize                          = 536870912                                 {product} {command line}
   size_t MaxHeapSize                              = 4294967296                                {product} {command line}
   size_t MaxNewSize                               = 1431306240                                {product} {ergonomic}
   size_t MinHeapDeltaBytes                        = 524288                                    {product} {ergonomic}
   size_t MinHeapSize                              = 536870912                                 {product} {command line}
   size_t NewSize                                  = 178782208                                 {product} {ergonomic}
    uintx NonNMethodCodeHeapSize                   = 7602480                                {pd product} {ergonomic}
    uintx NonProfiledCodeHeapSize                  = 122027880                              {pd product} {ergonomic}
   size_t OldSize                                  = 358088704                                 {product} {ergonomic}
    uintx ProfiledCodeHeapSize                     = 122027880                              {pd product} {ergonomic}
    uintx ReservedCodeCacheSize                    = 251658240                              {pd product} {ergonomic}
     bool SegmentedCodeCache                       = true                                      {product} {ergonomic}
   size_t SoftMaxHeapSize                          = 4294967296                             {manageable} {ergonomic}
     bool UseCompressedClassPointers               = true                           {product lp64_product} {ergonomic}
     bool UseCompressedOops                        = true                           {product lp64_product} {ergonomic}
     bool UseLargePagesIndividualAllocation        = false                                  {pd product} {ergonomic}
     bool UseParallelGC                            = true                                      {product} {command line}

Logging:
Log output configuration:
 #0: stdout all=warning uptime,level,tags
 #1: stderr all=off uptime,level,tags

Environment Variables:
JAVA_HOME=C:\Program Files\Microsoft\jdk-17.0.16.8-hotspot\
PATH=C:\Program Files\Microsoft\jdk-17.0.16.8-hotspot\bin;C:\Python313\Scripts\;C:\Python313\;C:\Windows\system32;C:\Windows;C:\Windows\System32\Wbem;C:\Windows\System32\WindowsPowerShell\v1.0\;C:\Windows\System32\OpenSSH\;C:\ProgramData\chocolatey\bin;C:\Program Files\Git\cmd;C:\Program Files\Amazon\AWSCLIV2\;C:\Program Files\nodejs\;C:\Users\indie\AppData\Local\Programs\Python\Python314\Scripts\;C:\Users\indie\AppData\Local\Programs\Python\Python314\;C:\Users\indie\AppData\Local\Programs\Python\Launcher\;C:\Users\indie\AppData\Local\Microsoft\WindowsApps;C:\Users\indie\AppData\Local\Programs\Microsoft VS Code\bin;C:\Program Files\JetBrains\WebStorm 2025.1.3\bin;;C:\Users\indie\AppData\Roaming\npm;C:\Users\indie\AppData\Local\Android\Sdk\platform-tools;C:\Users\indie\.bun\bin;C:\Users\indie\Documents\sqlite3;
USERNAME=indie
OS=Windows_NT
PROCESSOR_IDENTIFIER=AMD64 Family 25 Model 80 Stepping 0, AuthenticAMD
TMP=C:\Users\indie\AppData\Local\Temp
TEMP=C:\Users\indie\AppData\Local\Temp



Periodic native trim disabled


---------------  S Y S T E M  ---------------

OS:
 Windows 11 , 64 bit Build 26100 (10.0.26100.7705)
OS uptime: 1 days 3:55 hours
Hyper-V role detected

CPU: total 16 (initial active 16) (16 cores per cpu, 2 threads per core) family 25 model 80 stepping 0 microcode 0xa500014, cx8, cmov, fxsr, ht, mmx, 3dnowpref, sse, sse2, sse3, ssse3, sse4a, sse4.1, sse4.2, popcnt, lzcnt, tsc, tscinvbit, avx, avx2, aes, erms, clmul, bmi1, bmi2, adx, sha, fma, vzeroupper, clflush, clflushopt, hv
Processor Information for processor 0
  Max Mhz: 2000, Current Mhz: 1808, Mhz Limit: 2000
Processor Information for processor 1
  Max Mhz: 2000, Current Mhz: 1808, Mhz Limit: 2000
Processor Information for processor 2
  Max Mhz: 2000, Current Mhz: 1890, Mhz Limit: 2000
Processor Information for processor 3
  Max Mhz: 2000, Current Mhz: 1890, Mhz Limit: 2000
Processor Information for processor 4
  Max Mhz: 2000, Current Mhz: 1890, Mhz Limit: 2000
Processor Information for processor 5
  Max Mhz: 2000, Current Mhz: 1808, Mhz Limit: 2000
Processor Information for processor 6
  Max Mhz: 2000, Current Mhz: 1808, Mhz Limit: 2000
Processor Information for processor 7
  Max Mhz: 2000, Current Mhz: 1808, Mhz Limit: 2000
Processor Information for processor 8
  Max Mhz: 2000, Current Mhz: 1808, Mhz Limit: 2000
Processor Information for processor 9
  Max Mhz: 2000, Current Mhz: 1890, Mhz Limit: 2000
Processor Information for processor 10
  Max Mhz: 2000, Current Mhz: 1890, Mhz Limit: 2000
Processor Information for processor 11
  Max Mhz: 2000, Current Mhz: 1890, Mhz Limit: 2000
Processor Information for processor 12
  Max Mhz: 2000, Current Mhz: 1890, Mhz Limit: 2000
Processor Information for processor 13
  Max Mhz: 2000, Current Mhz: 1890, Mhz Limit: 2000
Processor Information for processor 14
  Max Mhz: 2000, Current Mhz: 1890, Mhz Limit: 2000
Processor Information for processor 15
  Max Mhz: 2000, Current Mhz: 1890, Mhz Limit: 2000

Memory: 4k page, system-wide physical 5981M (404M free)
TotalPageFile size 24413M (AvailPageFile size 2M)
current process WorkingSet (physical memory assigned to process): 335M, peak: 768M
current process commit charge ("private bytes"): 1175M, peak: 1231M

vm_info: OpenJDK 64-Bit Server VM (17.0.17+10-LTS) for windows-amd64 JRE (17.0.17+10-LTS), built on Oct 16 2025 05:23:10 by "Administrator" with unknown MS VC++:1944

END.
