#
# There is insufficient memory for the Java Runtime Environment to continue.
# Native memory allocation (malloc) failed to allocate 1575856 bytes. Error detail: Chunk::new
# Possible reasons:
#   The system is out of physical RAM or swap space
#   This process is running with CompressedOops enabled, and the Java Heap may be blocking the growth of the native heap
# Possible solutions:
#   Reduce memory load on the system
#   Increase physical memory or swap space
#   Check if swap backing store is full
#   Decrease Java heap size (-Xmx/-Xms)
#   Decrease number of Java threads
#   Decrease Java thread stack sizes (-Xss)
#   Set larger code cache with -XX:ReservedCodeCacheSize=
#   JVM is running with Zero Based Compressed Oops mode in which the Java heap is
#     placed in the first 32GB address space. The Java Heap base address is the
#     maximum limit for the native heap growth. Please use -XX:HeapBaseMinAddress
#     to set the Java Heap base and to place the Java Heap above 32GB virtual address.
# This output file may be truncated or incomplete.
#
#  Out of Memory Error (arena.cpp:191), pid=24292, tid=11012
#
# JRE version: OpenJDK Runtime Environment Microsoft-11926163 (17.0.16+8) (build 17.0.16+8-LTS)
# Java VM: OpenJDK 64-Bit Server VM Microsoft-11926163 (17.0.16+8-LTS, mixed mode, sharing, tiered, compressed oops, compressed class ptrs, parallel gc, windows-amd64)
# No core dump will be written. Minidumps are not enabled by default on client versions of Windows
#

---------------  S U M M A R Y ------------

Command Line: --add-opens=java.base/java.lang=ALL-UNNAMED --add-opens=java.base/java.lang.invoke=ALL-UNNAMED --add-opens=java.base/java.util=ALL-UNNAMED --add-opens=java.prefs/java.util.prefs=ALL-UNNAMED --add-exports=jdk.compiler/com.sun.tools.javac.api=ALL-UNNAMED --add-exports=jdk.compiler/com.sun.tools.javac.util=ALL-UNNAMED --add-opens=java.base/java.util=ALL-UNNAMED --add-opens=java.prefs/java.util.prefs=ALL-UNNAMED --add-opens=java.base/java.nio.charset=ALL-UNNAMED --add-opens=java.base/java.net=ALL-UNNAMED --add-opens=java.base/java.util.concurrent=ALL-UNNAMED --add-opens=java.base/java.util.concurrent.atomic=ALL-UNNAMED --add-opens=java.xml/javax.xml.namespace=ALL-UNNAMED --add-opens=java.base/java.time=ALL-UNNAMED -XX:+HeapDumpOnOutOfMemoryError -XX:+UseParallelGC -Xms512m -Xmx4096m -Dfile.encoding=UTF-8 -Duser.country=ZA -Duser.language=en -Duser.variant -javaagent:C:\Users\indie\.gradle\wrapper\dists\gradle-9.2.1-bin\2t0n5ozlw9xmuyvbp7dnzaxug\gradle-9.2.1\lib\agents\gradle-instrumentation-agent-9.2.1.jar org.gradle.launcher.daemon.bootstrap.GradleDaemon 9.2.1

Host: AMD Ryzen 7 7730U with Radeon Graphics         , 16 cores, 5G,  Windows 11 , 64 bit Build 26100 (10.0.26100.7705)
Time: Wed Mar 11 21:07:19 2026 South Africa Standard Time elapsed time: 41.150938 seconds (0d 0h 0m 41s)

---------------  T H R E A D  ---------------

Current thread (0x000002827b2a3450):  JavaThread "C2 CompilerThread0" daemon [_thread_in_native, id=11012, stack(0x000000d285400000,0x000000d285500000)]


Current CompileTask:
C2:  41151 15537       4       ksp.org.jetbrains.kotlin.parsing.SemanticWhitespaceAwarePsiBuilderImpl::advanceLexer (56 bytes)

Stack: [0x000000d285400000,0x000000d285500000]
Native frames: (J=compiled Java code, j=interpreted, Vv=VM code, C=native code)
V  [jvm.dll+0x68ee19]
V  [jvm.dll+0x846249]
V  [jvm.dll+0x847fb8]
V  [jvm.dll+0x848643]
V  [jvm.dll+0x24cf6f]
V  [jvm.dll+0xaecb6]
V  [jvm.dll+0xaf35c]
V  [jvm.dll+0x37134f]
V  [jvm.dll+0x1c08f9]
V  [jvm.dll+0x21e080]
V  [jvm.dll+0x21d36d]
V  [jvm.dll+0x1a8ce6]
V  [jvm.dll+0x22db1b]
V  [jvm.dll+0x22bca6]
V  [jvm.dll+0x7fba9b]
V  [jvm.dll+0x7f5e9c]
V  [jvm.dll+0x68dd27]
C  [ucrtbase.dll+0x37b0]
C  [KERNEL32.DLL+0x2e8d7]
C  [ntdll.dll+0x8c40c]


---------------  P R O C E S S  ---------------

Threads class SMR info:
_java_thread_list=0x000002826d83d040, length=194, elements={
0x000002827b1f9830, 0x000002821ecbbc10, 0x000002821ecbd470, 0x000002827b2994f0,
0x000002827b299dc0, 0x000002827b29b400, 0x000002827b2a0000, 0x000002827b2a3450,
0x000002827b2a4f00, 0x00000282611b9fe0, 0x00000282612b5300, 0x00000282612b4df0,
0x00000282612b39b0, 0x00000282612b6740, 0x00000282612b6c50, 0x00000282612b43d0,
0x00000282612b48e0, 0x00000282612b5810, 0x00000282612b34a0, 0x0000028268b40190,
0x0000028268b41ff0, 0x0000028268b43430, 0x0000028268b43940, 0x0000028268b42f20,
0x0000028268b43e50, 0x0000028268b42500, 0x0000028268b41ae0, 0x0000028268b410c0,
0x0000028268b415d0, 0x0000028268b406a0, 0x0000028268b461c0, 0x0000028268b470f0,
0x0000028268b45cb0, 0x0000028268b44870, 0x0000028268b44d80, 0x0000028268b47b10,
0x0000028268b45290, 0x0000028268b457a0, 0x000002826995c2f0, 0x000002826995aeb0,
0x000002826995b3c0, 0x000002826995b8d0, 0x0000028269959050, 0x000002826995bde0,
0x000002826995c800, 0x000002826995cd10, 0x000002826995a490, 0x0000028269959560,
0x0000028269959a70, 0x000002826995d220, 0x000002826995d730, 0x0000028269959f80,
0x000002826995dc40, 0x000002826995e150, 0x000002826995a9a0, 0x00000282699609d0,
0x000002826995f590, 0x000002826995e660, 0x000002826995eb70, 0x000002826995f080,
0x000002826995faa0, 0x000002826995ffb0, 0x00000282699604c0, 0x000002826aa8d8e0,
0x000002826aa8b060, 0x000002826aa8b570, 0x000002826aa8cec0, 0x000002826aa8ddf0,
0x000002826aa8c9b0, 0x000002826aa8e300, 0x000002826aa8ba80, 0x000002826aa8bf90,
0x000002826aa8d3d0, 0x000002826aa8e810, 0x000002826aa8c4a0, 0x00000282695fb4a0,
0x00000282695fd300, 0x00000282695fc8e0, 0x00000282695fd810, 0x00000282695fa570,
0x00000282695fb9b0, 0x0000028268de5480, 0x0000028268de8210, 0x0000028268de9140,
0x0000028268de5990, 0x0000028268de8720, 0x0000028268de5ea0, 0x0000028268de68c0,
0x0000028268de8c30, 0x0000028268de72e0, 0x0000028268de9650, 0x0000028268de7d00,
0x0000028268de9b60, 0x0000028268dea070, 0x0000028268de77f0, 0x0000028268dea580,
0x0000028268de6dd0, 0x0000028268deb9c0, 0x0000028268deaa90, 0x000002826e34d780,
0x0000028268deb4b0, 0x0000028268debed0, 0x00000282612b6230, 0x000002826ccaaea0,
0x000002826cca8b30, 0x000002826cca9f70, 0x000002826ccab8c0, 0x000002826cca8620,
0x000002826cca9040, 0x000002826cca8110, 0x000002826ccab3b0, 0x000002826ccabdd0,
0x000002826ccac2e0, 0x000002826ccac7f0, 0x000002826cca9550, 0x000002826ccacd00,
0x000002826ccaa480, 0x000002826ccad210, 0x000002826cca9a60, 0x000002826ccadc30,
0x000002826ccae140, 0x000002826ccaa990, 0x000002826ccae650, 0x000002826ccaeb60,
0x000002826ccaf580, 0x000002826ccaf070, 0x000002826ccafa90, 0x000002826c226ce0,
0x000002826c2271f0, 0x000002826c227700, 0x000002826c2262c0, 0x000002826c2267d0,
0x000002826c227c10, 0x000002826c228120, 0x000002826c228630, 0x000002826c224e80,
0x000002826c228b40, 0x000002826c225390, 0x000002826c229050, 0x000002826c2258a0,
0x000002826c229560, 0x000002826c225db0, 0x000002826c22a9a0, 0x000002826c22b3c0,
0x000002826c229f80, 0x000002826c22c800, 0x000002826c22aeb0, 0x000002826c22c2f0,
0x000002826c22bde0, 0x000002826c22b8d0, 0x000002826c229a70, 0x000002826fa361a0,
0x000002826fa36bc0, 0x000002826fa370d0, 0x000002826fa34850, 0x000002826fa33920,
0x000002826fa34d60, 0x000002826fa366b0, 0x000002826fa35270, 0x000002826fa35780,
0x000002826fa375e0, 0x000002826fa35c90, 0x000002826fa33e30, 0x000002826fa37af0,
0x000002826fa34340, 0x000002826fa38000, 0x000002826fa38510, 0x000002826fa3a370,
0x000002826fa3b2a0, 0x000002826fa39950, 0x000002826fa39e60, 0x000002826fa3a880,
0x000002826fa38f30, 0x000002826fa38a20, 0x000002826fa3ad90, 0x000002826c22a490,
0x0000028269a0f870, 0x0000028269a0cff0, 0x0000028269a0cae0, 0x0000028269a0c5d0,
0x0000028269a0ee50, 0x0000028269a0c0c0, 0x0000028269a0e430, 0x0000028269a111c0,
0x0000028269a0e940, 0x0000028269a107a0, 0x0000028269a0df20, 0x0000028269a13530,
0x0000028269a120f0, 0x000002826e34dcd0, 0x0000028269a12b10, 0x0000028269a13a40,
0x0000028270cc3a50, 0x0000028270cc3f60
}

Java Threads: ( => current thread )
  0x000002827b1f9830 JavaThread "main" [_thread_blocked, id=26656, stack(0x000000d284b00000,0x000000d284c00000)]
  0x000002821ecbbc10 JavaThread "Reference Handler" daemon [_thread_blocked, id=21784, stack(0x000000d284e00000,0x000000d284f00000)]
  0x000002821ecbd470 JavaThread "Finalizer" daemon [_thread_blocked, id=22504, stack(0x000000d284f00000,0x000000d285000000)]
  0x000002827b2994f0 JavaThread "Signal Dispatcher" daemon [_thread_blocked, id=26880, stack(0x000000d285000000,0x000000d285100000)]
  0x000002827b299dc0 JavaThread "Attach Listener" daemon [_thread_blocked, id=23756, stack(0x000000d285100000,0x000000d285200000)]
  0x000002827b29b400 JavaThread "Service Thread" daemon [_thread_blocked, id=8488, stack(0x000000d285200000,0x000000d285300000)]
  0x000002827b2a0000 JavaThread "Monitor Deflation Thread" daemon [_thread_blocked, id=23192, stack(0x000000d285300000,0x000000d285400000)]
=>0x000002827b2a3450 JavaThread "C2 CompilerThread0" daemon [_thread_in_native, id=11012, stack(0x000000d285400000,0x000000d285500000)]
  0x000002827b2a4f00 JavaThread "C1 CompilerThread0" daemon [_thread_blocked, id=11576, stack(0x000000d285500000,0x000000d285600000)]
  0x00000282611b9fe0 JavaThread "Sweeper thread" daemon [_thread_blocked, id=11840, stack(0x000000d285600000,0x000000d285700000)]
  0x00000282612b5300 JavaThread "Common-Cleaner" daemon [_thread_blocked, id=29676, stack(0x000000d285700000,0x000000d285800000)]
  0x00000282612b4df0 JavaThread "Notification Thread" daemon [_thread_blocked, id=23232, stack(0x000000d285800000,0x000000d285900000)]
  0x00000282612b39b0 JavaThread "Daemon health stats" [_thread_blocked, id=1656, stack(0x000000d285a00000,0x000000d285b00000)]
  0x00000282612b6740 JavaThread "Incoming local TCP Connector on port 53444" [_thread_in_native, id=27656, stack(0x000000d286600000,0x000000d286700000)]
  0x00000282612b6c50 JavaThread "Daemon periodic checks" [_thread_blocked, id=26784, stack(0x000000d286700000,0x000000d286800000)]
  0x00000282612b43d0 JavaThread "Daemon" [_thread_blocked, id=27584, stack(0x000000d286800000,0x000000d286900000)]
  0x00000282612b48e0 JavaThread "Handler for socket connection from /127.0.0.1:53444 to /127.0.0.1:53445" [_thread_in_native, id=22388, stack(0x000000d286900000,0x000000d286a00000)]
  0x00000282612b5810 JavaThread "Cancel handler" [_thread_blocked, id=10352, stack(0x000000d286a00000,0x000000d286b00000)]
  0x00000282612b34a0 JavaThread "Daemon worker" [_thread_blocked, id=28160, stack(0x000000d286b00000,0x000000d286c00000)]
  0x0000028268b40190 JavaThread "Asynchronous log dispatcher for DefaultDaemonConnection: socket connection from /127.0.0.1:53444 to /127.0.0.1:53445" [_thread_blocked, id=25216, stack(0x000000d286c00000,0x000000d286d00000)]
  0x0000028268b41ff0 JavaThread "Stdin handler" [_thread_blocked, id=22624, stack(0x000000d286d00000,0x000000d286e00000)]
  0x0000028268b43430 JavaThread "Daemon client event forwarder" [_thread_blocked, id=1084, stack(0x000000d286e00000,0x000000d286f00000)]
  0x0000028268b43940 JavaThread "Cache worker for journal cache (C:\Users\indie\.gradle\caches\journal-1)" [_thread_blocked, id=16292, stack(0x000000d286f00000,0x000000d287000000)]
  0x0000028268b42f20 JavaThread "File lock request listener" [_thread_in_native, id=17188, stack(0x000000d287000000,0x000000d287100000)]
  0x0000028268b43e50 JavaThread "Cache worker for file hash cache (C:\Users\indie\.gradle\caches\9.2.1\fileHashes)" [_thread_blocked, id=10996, stack(0x000000d287100000,0x000000d287200000)]
  0x0000028268b42500 JavaThread "Cache worker for file hash cache (C:\Users\indie\Documents\Projects\Kotlin Learning\Clicka\.gradle\9.2.1\fileHashes)" [_thread_blocked, id=20728, stack(0x000000d287500000,0x000000d287600000)]
  0x0000028268b41ae0 JavaThread "Cache worker for Build Output Cleanup Cache (C:\Users\indie\Documents\Projects\Kotlin Learning\Clicka\.gradle\buildOutputCleanup)" [_thread_blocked, id=7836, stack(0x000000d287600000,0x000000d287700000)]
  0x0000028268b410c0 JavaThread "File watcher server" daemon [_thread_in_native, id=10640, stack(0x000000d287700000,0x000000d287800000)]
  0x0000028268b415d0 JavaThread "File watcher consumer" daemon [_thread_blocked, id=28560, stack(0x000000d287800000,0x000000d287900000)]
  0x0000028268b406a0 JavaThread "Cache worker for checksums cache (C:\Users\indie\Documents\Projects\Kotlin Learning\Clicka\.gradle\9.2.1\checksums)" [_thread_blocked, id=23728, stack(0x000000d287900000,0x000000d287a00000)]
  0x0000028268b461c0 JavaThread "Cache worker for file content cache (C:\Users\indie\.gradle\caches\9.2.1\fileContent)" [_thread_blocked, id=6736, stack(0x000000d287a00000,0x000000d287b00000)]
  0x0000028268b470f0 JavaThread "Cache worker for cache directory md-supplier (C:\Users\indie\.gradle\caches\9.2.1\md-supplier)" [_thread_blocked, id=25172, stack(0x000000d287b00000,0x000000d287c00000)]
  0x0000028268b45cb0 JavaThread "Cache worker for cache directory md-rule (C:\Users\indie\.gradle\caches\9.2.1\md-rule)" [_thread_blocked, id=26304, stack(0x000000d287c00000,0x000000d287d00000)]
  0x0000028268b44870 JavaThread "Unconstrained build operations" [_thread_blocked, id=25044, stack(0x000000d287d00000,0x000000d287e00000)]
  0x0000028268b44d80 JavaThread "Unconstrained build operations Thread 2" [_thread_blocked, id=28756, stack(0x000000d287e00000,0x000000d287f00000)]
  0x0000028268b47b10 JavaThread "Unconstrained build operations Thread 3" [_thread_blocked, id=29620, stack(0x000000d287f00000,0x000000d288000000)]
  0x0000028268b45290 JavaThread "Unconstrained build operations Thread 4" [_thread_blocked, id=3012, stack(0x000000d288000000,0x000000d288100000)]
  0x0000028268b457a0 JavaThread "Unconstrained build operations Thread 5" [_thread_blocked, id=20384, stack(0x000000d288100000,0x000000d288200000)]
  0x000002826995c2f0 JavaThread "Unconstrained build operations Thread 6" [_thread_blocked, id=29360, stack(0x000000d288200000,0x000000d288300000)]
  0x000002826995aeb0 JavaThread "Unconstrained build operations Thread 7" [_thread_blocked, id=26916, stack(0x000000d288300000,0x000000d288400000)]
  0x000002826995b3c0 JavaThread "Unconstrained build operations Thread 8" [_thread_blocked, id=22236, stack(0x000000d288400000,0x000000d288500000)]
  0x000002826995b8d0 JavaThread "Unconstrained build operations Thread 9" [_thread_blocked, id=28860, stack(0x000000d288500000,0x000000d288600000)]
  0x0000028269959050 JavaThread "Unconstrained build operations Thread 10" [_thread_blocked, id=27288, stack(0x000000d288600000,0x000000d288700000)]
  0x000002826995bde0 JavaThread "Unconstrained build operations Thread 11" [_thread_blocked, id=22884, stack(0x000000d288700000,0x000000d288800000)]
  0x000002826995c800 JavaThread "Unconstrained build operations Thread 12" [_thread_blocked, id=28048, stack(0x000000d288800000,0x000000d288900000)]
  0x000002826995cd10 JavaThread "Unconstrained build operations Thread 13" [_thread_blocked, id=1168, stack(0x000000d288900000,0x000000d288a00000)]
  0x000002826995a490 JavaThread "Unconstrained build operations Thread 14" [_thread_blocked, id=27124, stack(0x000000d288a00000,0x000000d288b00000)]
  0x0000028269959560 JavaThread "Unconstrained build operations Thread 15" [_thread_blocked, id=24376, stack(0x000000d288b00000,0x000000d288c00000)]
  0x0000028269959a70 JavaThread "Unconstrained build operations Thread 16" [_thread_blocked, id=28012, stack(0x000000d288c00000,0x000000d288d00000)]
  0x000002826995d220 JavaThread "Unconstrained build operations Thread 17" [_thread_blocked, id=12292, stack(0x000000d288d00000,0x000000d288e00000)]
  0x000002826995d730 JavaThread "Unconstrained build operations Thread 18" [_thread_blocked, id=19704, stack(0x000000d288e00000,0x000000d288f00000)]
  0x0000028269959f80 JavaThread "Unconstrained build operations Thread 19" [_thread_blocked, id=24660, stack(0x000000d288f00000,0x000000d289000000)]
  0x000002826995dc40 JavaThread "Unconstrained build operations Thread 20" [_thread_blocked, id=21652, stack(0x000000d289000000,0x000000d289100000)]
  0x000002826995e150 JavaThread "Unconstrained build operations Thread 21" [_thread_blocked, id=17300, stack(0x000000d289100000,0x000000d289200000)]
  0x000002826995a9a0 JavaThread "Unconstrained build operations Thread 22" [_thread_blocked, id=11708, stack(0x000000d289200000,0x000000d289300000)]
  0x00000282699609d0 JavaThread "Unconstrained build operations Thread 23" [_thread_blocked, id=28168, stack(0x000000d289300000,0x000000d289400000)]
  0x000002826995f590 JavaThread "Unconstrained build operations Thread 24" [_thread_blocked, id=16052, stack(0x000000d289400000,0x000000d289500000)]
  0x000002826995e660 JavaThread "Unconstrained build operations Thread 25" [_thread_blocked, id=27096, stack(0x000000d289500000,0x000000d289600000)]
  0x000002826995eb70 JavaThread "Unconstrained build operations Thread 26" [_thread_blocked, id=28184, stack(0x000000d289600000,0x000000d289700000)]
  0x000002826995f080 JavaThread "Unconstrained build operations Thread 27" [_thread_blocked, id=15732, stack(0x000000d289700000,0x000000d289800000)]
  0x000002826995faa0 JavaThread "Unconstrained build operations Thread 28" [_thread_blocked, id=9324, stack(0x000000d289800000,0x000000d289900000)]
  0x000002826995ffb0 JavaThread "Unconstrained build operations Thread 29" [_thread_blocked, id=14916, stack(0x000000d289900000,0x000000d289a00000)]
  0x00000282699604c0 JavaThread "Unconstrained build operations Thread 30" [_thread_blocked, id=20712, stack(0x000000d289a00000,0x000000d289b00000)]
  0x000002826aa8d8e0 JavaThread "Unconstrained build operations Thread 31" [_thread_blocked, id=28204, stack(0x000000d289b00000,0x000000d289c00000)]
  0x000002826aa8b060 JavaThread "Unconstrained build operations Thread 32" [_thread_blocked, id=17316, stack(0x000000d289c00000,0x000000d289d00000)]
  0x000002826aa8b570 JavaThread "Unconstrained build operations Thread 33" [_thread_blocked, id=24332, stack(0x000000d289d00000,0x000000d289e00000)]
  0x000002826aa8cec0 JavaThread "Unconstrained build operations Thread 34" [_thread_blocked, id=23948, stack(0x000000d289e00000,0x000000d289f00000)]
  0x000002826aa8ddf0 JavaThread "Unconstrained build operations Thread 35" [_thread_blocked, id=15072, stack(0x000000d289f00000,0x000000d28a000000)]
  0x000002826aa8c9b0 JavaThread "Unconstrained build operations Thread 36" [_thread_blocked, id=24600, stack(0x000000d28a000000,0x000000d28a100000)]
  0x000002826aa8e300 JavaThread "Unconstrained build operations Thread 37" [_thread_blocked, id=1336, stack(0x000000d28a100000,0x000000d28a200000)]
  0x000002826aa8ba80 JavaThread "Unconstrained build operations Thread 38" [_thread_blocked, id=14808, stack(0x000000d28a200000,0x000000d28a300000)]
  0x000002826aa8bf90 JavaThread "Unconstrained build operations Thread 39" [_thread_blocked, id=26416, stack(0x000000d28a300000,0x000000d28a400000)]
  0x000002826aa8d3d0 JavaThread "Unconstrained build operations Thread 40" [_thread_blocked, id=13348, stack(0x000000d28a400000,0x000000d28a500000)]
  0x000002826aa8e810 JavaThread "Unconstrained build operations Thread 41" [_thread_blocked, id=29448, stack(0x000000d28a500000,0x000000d28a600000)]
  0x000002826aa8c4a0 JavaThread "Unconstrained build operations Thread 42" [_thread_blocked, id=22892, stack(0x000000d28a600000,0x000000d28a700000)]
  0x00000282695fb4a0 JavaThread "Unconstrained build operations Thread 43" [_thread_blocked, id=13060, stack(0x000000d28a700000,0x000000d28a800000)]
  0x00000282695fd300 JavaThread "Unconstrained build operations Thread 44" [_thread_blocked, id=4424, stack(0x000000d28a800000,0x000000d28a900000)]
  0x00000282695fc8e0 JavaThread "Unconstrained build operations Thread 45" [_thread_blocked, id=12964, stack(0x000000d28a900000,0x000000d28aa00000)]
  0x00000282695fd810 JavaThread "Memory manager" [_thread_blocked, id=24972, stack(0x000000d28af00000,0x000000d28b000000)]
  0x00000282695fa570 JavaThread "build event listener" [_thread_blocked, id=29444, stack(0x000000d28b000000,0x000000d28b100000)]
  0x00000282695fb9b0 JavaThread "build event listener" [_thread_blocked, id=17752, stack(0x000000d28ad00000,0x000000d28ae00000)]
  0x0000028268de5480 JavaThread "ForkJoinPool.commonPool-worker-1" daemon [_thread_blocked, id=20512, stack(0x000000d28ae00000,0x000000d28af00000)]
  0x0000028268de8210 JavaThread "ForkJoinPool.commonPool-worker-2" daemon [_thread_blocked, id=23568, stack(0x000000d28b100000,0x000000d28b200000)]
  0x0000028268de9140 JavaThread "ForkJoinPool.commonPool-worker-3" daemon [_thread_blocked, id=13084, stack(0x000000d28b200000,0x000000d28b300000)]
  0x0000028268de5990 JavaThread "ForkJoinPool.commonPool-worker-4" daemon [_thread_blocked, id=21800, stack(0x000000d28b300000,0x000000d28b400000)]
  0x0000028268de8720 JavaThread "ForkJoinPool.commonPool-worker-5" daemon [_thread_blocked, id=23100, stack(0x000000d28b400000,0x000000d28b500000)]
  0x0000028268de5ea0 JavaThread "ForkJoinPool.commonPool-worker-6" daemon [_thread_blocked, id=13472, stack(0x000000d28b500000,0x000000d28b600000)]
  0x0000028268de68c0 JavaThread "ForkJoinPool.commonPool-worker-7" daemon [_thread_blocked, id=18420, stack(0x000000d28b600000,0x000000d28b700000)]
  0x0000028268de8c30 JavaThread "ForkJoinPool.commonPool-worker-8" daemon [_thread_blocked, id=26536, stack(0x000000d28b700000,0x000000d28b800000)]
  0x0000028268de72e0 JavaThread "ForkJoinPool.commonPool-worker-9" daemon [_thread_blocked, id=22668, stack(0x000000d28b800000,0x000000d28b900000)]
  0x0000028268de9650 JavaThread "ForkJoinPool.commonPool-worker-10" daemon [_thread_blocked, id=18440, stack(0x000000d28b900000,0x000000d28ba00000)]
  0x0000028268de7d00 JavaThread "ForkJoinPool.commonPool-worker-11" daemon [_thread_blocked, id=28640, stack(0x000000d28ba00000,0x000000d28bb00000)]
  0x0000028268de9b60 JavaThread "Exec process" daemon [_thread_blocked, id=27316, stack(0x000000d28bb00000,0x000000d28bc00000)]
  0x0000028268dea070 JavaThread "ForkJoinPool.commonPool-worker-12" daemon [_thread_blocked, id=10144, stack(0x000000d28bc00000,0x000000d28bd00000)]
  0x0000028268de77f0 JavaThread "Exec process Thread 2" daemon [_thread_blocked, id=12736, stack(0x000000d287400000,0x000000d287500000)]
  0x0000028268dea580 JavaThread "Exec process Thread 3" daemon [_thread_blocked, id=28396, stack(0x000000d28bd00000,0x000000d28be00000)]
  0x0000028268de6dd0 JavaThread "ForkJoinPool.commonPool-worker-13" daemon [_thread_blocked, id=10344, stack(0x000000d28be00000,0x000000d28bf00000)]
  0x0000028268deb9c0 JavaThread "ForkJoinPool.commonPool-worker-14" daemon [_thread_blocked, id=2852, stack(0x000000d286500000,0x000000d286600000)]
  0x0000028268deaa90 JavaThread "ForkJoinPool.commonPool-worker-15" daemon [_thread_blocked, id=29268, stack(0x000000d28aa00000,0x000000d28ab00000)]
  0x000002826e34d780 JavaThread "C1 CompilerThread1" daemon [_thread_blocked, id=22284, stack(0x000000d28bf00000,0x000000d28c000000)]
  0x0000028268deb4b0 JavaThread "pool-3-thread-1" [_thread_blocked, id=28444, stack(0x000000d28c200000,0x000000d28c300000)]
  0x0000028268debed0 JavaThread "build event listener" [_thread_blocked, id=11904, stack(0x000000d28c300000,0x000000d28c400000)]
  0x00000282612b6230 JavaThread "included builds" [_thread_blocked, id=8548, stack(0x000000d28c400000,0x000000d28c500000)]
  0x000002826ccaaea0 JavaThread "Execution worker" [_thread_blocked, id=8064, stack(0x000000d28c500000,0x000000d28c600000)]
  0x000002826cca8b30 JavaThread "Execution worker Thread 2" [_thread_in_vm, id=15892, stack(0x000000d28c600000,0x000000d28c700000)]
  0x000002826cca9f70 JavaThread "Execution worker Thread 3" [_thread_blocked, id=11036, stack(0x000000d28c700000,0x000000d28c800000)]
  0x000002826ccab8c0 JavaThread "Execution worker Thread 4" [_thread_blocked, id=26484, stack(0x000000d28c800000,0x000000d28c900000)]
  0x000002826cca8620 JavaThread "Execution worker Thread 5" [_thread_blocked, id=29544, stack(0x000000d28c900000,0x000000d28ca00000)]
  0x000002826cca9040 JavaThread "Execution worker Thread 6" [_thread_blocked, id=27792, stack(0x000000d28ca00000,0x000000d28cb00000)]
  0x000002826cca8110 JavaThread "Execution worker Thread 7" [_thread_blocked, id=12584, stack(0x000000d28cb00000,0x000000d28cc00000)]
  0x000002826ccab3b0 JavaThread "Execution worker Thread 8" [_thread_blocked, id=20076, stack(0x000000d28cc00000,0x000000d28cd00000)]
  0x000002826ccabdd0 JavaThread "Execution worker Thread 9" [_thread_blocked, id=9164, stack(0x000000d28cd00000,0x000000d28ce00000)]
  0x000002826ccac2e0 JavaThread "Execution worker Thread 10" [_thread_blocked, id=14484, stack(0x000000d28ce00000,0x000000d28cf00000)]
  0x000002826ccac7f0 JavaThread "Execution worker Thread 11" [_thread_blocked, id=5532, stack(0x000000d28cf00000,0x000000d28d000000)]
  0x000002826cca9550 JavaThread "Execution worker Thread 12" [_thread_blocked, id=24968, stack(0x000000d28d000000,0x000000d28d100000)]
  0x000002826ccacd00 JavaThread "Execution worker Thread 13" [_thread_blocked, id=28924, stack(0x000000d28d100000,0x000000d28d200000)]
  0x000002826ccaa480 JavaThread "Execution worker Thread 14" [_thread_blocked, id=9196, stack(0x000000d28d200000,0x000000d28d300000)]
  0x000002826ccad210 JavaThread "Execution worker Thread 15" [_thread_blocked, id=3624, stack(0x000000d28d300000,0x000000d28d400000)]
  0x000002826cca9a60 JavaThread "Cache worker for execution history cache (C:\Users\indie\Documents\Projects\Kotlin Learning\Clicka\.gradle\9.2.1\executionHistory)" [_thread_blocked, id=26540, stack(0x000000d28d400000,0x000000d28d500000)]
  0x000002826ccadc30 JavaThread "Unconstrained build operations Thread 46" [_thread_blocked, id=9492, stack(0x000000d28d500000,0x000000d28d600000)]
  0x000002826ccae140 JavaThread "Unconstrained build operations Thread 47" [_thread_blocked, id=29244, stack(0x000000d28d600000,0x000000d28d700000)]
  0x000002826ccaa990 JavaThread "Unconstrained build operations Thread 48" [_thread_blocked, id=28932, stack(0x000000d28d700000,0x000000d28d800000)]
  0x000002826ccae650 JavaThread "Unconstrained build operations Thread 49" [_thread_blocked, id=13596, stack(0x000000d28d800000,0x000000d28d900000)]
  0x000002826ccaeb60 JavaThread "Unconstrained build operations Thread 50" [_thread_blocked, id=20212, stack(0x000000d28d900000,0x000000d28da00000)]
  0x000002826ccaf580 JavaThread "Unconstrained build operations Thread 51" [_thread_blocked, id=28588, stack(0x000000d28da00000,0x000000d28db00000)]
  0x000002826ccaf070 JavaThread "Unconstrained build operations Thread 52" [_thread_blocked, id=24312, stack(0x000000d28db00000,0x000000d28dc00000)]
  0x000002826ccafa90 JavaThread "Unconstrained build operations Thread 53" [_thread_blocked, id=16376, stack(0x000000d28dc00000,0x000000d28dd00000)]
  0x000002826c226ce0 JavaThread "Unconstrained build operations Thread 54" [_thread_blocked, id=22260, stack(0x000000d28dd00000,0x000000d28de00000)]
  0x000002826c2271f0 JavaThread "Unconstrained build operations Thread 55" [_thread_blocked, id=21980, stack(0x000000d28de00000,0x000000d28df00000)]
  0x000002826c227700 JavaThread "Unconstrained build operations Thread 56" [_thread_blocked, id=23160, stack(0x000000d28df00000,0x000000d28e000000)]
  0x000002826c2262c0 JavaThread "Unconstrained build operations Thread 57" [_thread_blocked, id=2956, stack(0x000000d28e000000,0x000000d28e100000)]
  0x000002826c2267d0 JavaThread "Unconstrained build operations Thread 58" [_thread_blocked, id=13444, stack(0x000000d28e100000,0x000000d28e200000)]
  0x000002826c227c10 JavaThread "Unconstrained build operations Thread 59" [_thread_blocked, id=15152, stack(0x000000d28e200000,0x000000d28e300000)]
  0x000002826c228120 JavaThread "Unconstrained build operations Thread 60" [_thread_blocked, id=29264, stack(0x000000d28e300000,0x000000d28e400000)]
  0x000002826c228630 JavaThread "Unconstrained build operations Thread 61" [_thread_blocked, id=9812, stack(0x000000d284a00000,0x000000d284b00000)]
  0x000002826c224e80 JavaThread "Unconstrained build operations Thread 62" [_thread_blocked, id=14572, stack(0x000000d28e400000,0x000000d28e500000)]
  0x000002826c228b40 JavaThread "Unconstrained build operations Thread 63" [_thread_blocked, id=23576, stack(0x000000d28e500000,0x000000d28e600000)]
  0x000002826c225390 JavaThread "Unconstrained build operations Thread 64" [_thread_blocked, id=3924, stack(0x000000d28e600000,0x000000d28e700000)]
  0x000002826c229050 JavaThread "Unconstrained build operations Thread 65" [_thread_blocked, id=28156, stack(0x000000d28e700000,0x000000d28e800000)]
  0x000002826c2258a0 JavaThread "Unconstrained build operations Thread 66" [_thread_blocked, id=13800, stack(0x000000d28e800000,0x000000d28e900000)]
  0x000002826c229560 JavaThread "Unconstrained build operations Thread 67" [_thread_blocked, id=14428, stack(0x000000d28e900000,0x000000d28ea00000)]
  0x000002826c225db0 JavaThread "Unconstrained build operations Thread 68" [_thread_blocked, id=26904, stack(0x000000d28ea00000,0x000000d28eb00000)]
  0x000002826c22a9a0 JavaThread "Unconstrained build operations Thread 69" [_thread_blocked, id=2188, stack(0x000000d28eb00000,0x000000d28ec00000)]
  0x000002826c22b3c0 JavaThread "Unconstrained build operations Thread 70" [_thread_blocked, id=28868, stack(0x000000d28ec00000,0x000000d28ed00000)]
  0x000002826c229f80 JavaThread "Unconstrained build operations Thread 71" [_thread_blocked, id=29084, stack(0x000000d28ed00000,0x000000d28ee00000)]
  0x000002826c22c800 JavaThread "Unconstrained build operations Thread 72" [_thread_blocked, id=9188, stack(0x000000d28ee00000,0x000000d28ef00000)]
  0x000002826c22aeb0 JavaThread "Unconstrained build operations Thread 73" [_thread_blocked, id=29664, stack(0x000000d28ef00000,0x000000d28f000000)]
  0x000002826c22c2f0 JavaThread "Unconstrained build operations Thread 74" [_thread_blocked, id=12492, stack(0x000000d28f000000,0x000000d28f100000)]
  0x000002826c22bde0 JavaThread "Unconstrained build operations Thread 75" [_thread_blocked, id=2236, stack(0x000000d28f100000,0x000000d28f200000)]
  0x000002826c22b8d0 JavaThread "Unconstrained build operations Thread 76" [_thread_blocked, id=9852, stack(0x000000d28f200000,0x000000d28f300000)]
  0x000002826c229a70 JavaThread "Unconstrained build operations Thread 77" [_thread_blocked, id=23744, stack(0x000000d28f300000,0x000000d28f400000)]
  0x000002826fa361a0 JavaThread "Unconstrained build operations Thread 78" [_thread_blocked, id=14660, stack(0x000000d28f400000,0x000000d28f500000)]
  0x000002826fa36bc0 JavaThread "Unconstrained build operations Thread 79" [_thread_blocked, id=29152, stack(0x000000d28f500000,0x000000d28f600000)]
  0x000002826fa370d0 JavaThread "Unconstrained build operations Thread 80" [_thread_blocked, id=27256, stack(0x000000d28f600000,0x000000d28f700000)]
  0x000002826fa34850 JavaThread "Unconstrained build operations Thread 81" [_thread_blocked, id=14712, stack(0x000000d28f700000,0x000000d28f800000)]
  0x000002826fa33920 JavaThread "Unconstrained build operations Thread 82" [_thread_blocked, id=28300, stack(0x000000d28f800000,0x000000d28f900000)]
  0x000002826fa34d60 JavaThread "Unconstrained build operations Thread 83" [_thread_blocked, id=24264, stack(0x000000d28f900000,0x000000d28fa00000)]
  0x000002826fa366b0 JavaThread "Unconstrained build operations Thread 84" [_thread_blocked, id=28308, stack(0x000000d28fa00000,0x000000d28fb00000)]
  0x000002826fa35270 JavaThread "Unconstrained build operations Thread 85" [_thread_blocked, id=28760, stack(0x000000d28fb00000,0x000000d28fc00000)]
  0x000002826fa35780 JavaThread "Unconstrained build operations Thread 86" [_thread_blocked, id=29524, stack(0x000000d28fc00000,0x000000d28fd00000)]
  0x000002826fa375e0 JavaThread "Unconstrained build operations Thread 87" [_thread_blocked, id=23208, stack(0x000000d28fd00000,0x000000d28fe00000)]
  0x000002826fa35c90 JavaThread "Unconstrained build operations Thread 88" [_thread_blocked, id=29512, stack(0x000000d28fe00000,0x000000d28ff00000)]
  0x000002826fa33e30 JavaThread "Unconstrained build operations Thread 89" [_thread_blocked, id=16576, stack(0x000000d28ff00000,0x000000d290000000)]
  0x000002826fa37af0 JavaThread "Unconstrained build operations Thread 90" [_thread_blocked, id=27716, stack(0x000000d290000000,0x000000d290100000)]
  0x000002826fa34340 JavaThread "Unconstrained build operations Thread 91" [_thread_blocked, id=12532, stack(0x000000d290100000,0x000000d290200000)]
  0x000002826fa38000 JavaThread "Unconstrained build operations Thread 92" [_thread_blocked, id=18708, stack(0x000000d290200000,0x000000d290300000)]
  0x000002826fa38510 JavaThread "Unconstrained build operations Thread 93" [_thread_blocked, id=28056, stack(0x000000d290300000,0x000000d290400000)]
  0x000002826fa3a370 JavaThread "Unconstrained build operations Thread 94" [_thread_blocked, id=9072, stack(0x000000d290400000,0x000000d290500000)]
  0x000002826fa3b2a0 JavaThread "Unconstrained build operations Thread 95" [_thread_blocked, id=24628, stack(0x000000d290500000,0x000000d290600000)]
  0x000002826fa39950 JavaThread "Unconstrained build operations Thread 96" [_thread_blocked, id=1508, stack(0x000000d290600000,0x000000d290700000)]
  0x000002826fa39e60 JavaThread "Unconstrained build operations Thread 97" [_thread_blocked, id=12428, stack(0x000000d290700000,0x000000d290800000)]
  0x000002826fa3a880 JavaThread "Unconstrained build operations Thread 98" [_thread_blocked, id=29396, stack(0x000000d290800000,0x000000d290900000)]
  0x000002826fa38f30 JavaThread "Unconstrained build operations Thread 99" [_thread_blocked, id=10872, stack(0x000000d290900000,0x000000d290a00000)]
  0x000002826fa38a20 JavaThread "Unconstrained build operations Thread 100" [_thread_blocked, id=11932, stack(0x000000d290a00000,0x000000d290b00000)]
  0x000002826fa3ad90 JavaThread "Unconstrained build operations Thread 101" [_thread_blocked, id=19100, stack(0x000000d290b00000,0x000000d290c00000)]
  0x000002826c22a490 JavaThread "Unconstrained build operations Thread 102" [_thread_blocked, id=7516, stack(0x000000d290c00000,0x000000d290d00000)]
  0x0000028269a0f870 JavaThread "Unconstrained build operations Thread 103" [_thread_blocked, id=14772, stack(0x000000d290d00000,0x000000d290e00000)]
  0x0000028269a0cff0 JavaThread "Unconstrained build operations Thread 104" [_thread_blocked, id=9128, stack(0x000000d290e00000,0x000000d290f00000)]
  0x0000028269a0cae0 JavaThread "Unconstrained build operations Thread 105" [_thread_blocked, id=28872, stack(0x000000d290f00000,0x000000d291000000)]
  0x0000028269a0c5d0 JavaThread "Unconstrained build operations Thread 106" [_thread_blocked, id=19916, stack(0x000000d291000000,0x000000d291100000)]
  0x0000028269a0ee50 JavaThread "Unconstrained build operations Thread 107" [_thread_blocked, id=29164, stack(0x000000d291100000,0x000000d291200000)]
  0x0000028269a0c0c0 JavaThread "Unconstrained build operations Thread 108" [_thread_blocked, id=13868, stack(0x000000d291200000,0x000000d291300000)]
  0x0000028269a0e430 JavaThread "Unconstrained build operations Thread 109" [_thread_blocked, id=13168, stack(0x000000d291300000,0x000000d291400000)]
  0x0000028269a111c0 JavaThread "WorkerExecutor Queue" [_thread_blocked, id=13592, stack(0x000000d291400000,0x000000d291500000)]
  0x0000028269a0e940 JavaThread "Java2D Disposer" daemon [_thread_blocked, id=25180, stack(0x000000d28ac00000,0x000000d28ad00000)]
  0x0000028269a107a0 JavaThread "AWT-Windows" daemon [_thread_in_native, id=27964, stack(0x000000d291600000,0x000000d291700000)]
  0x0000028269a0df20 JavaThread "DefaultDispatcher-worker-1" daemon [_thread_blocked, id=16844, stack(0x000000d28ab00000,0x000000d28ac00000)]
  0x0000028269a13530 JavaThread "DefaultDispatcher-worker-2" daemon [_thread_blocked, id=29652, stack(0x000000d291800000,0x000000d291900000)]
  0x0000028269a120f0 JavaThread "DefaultDispatcher-worker-3" daemon [_thread_blocked, id=16932, stack(0x000000d291900000,0x000000d291a00000)]
  0x000002826e34dcd0 JavaThread "C2 CompilerThread1" daemon [_thread_blocked, id=9100, stack(0x000000d291a00000,0x000000d291b00000)]
  0x0000028269a12b10 JavaThread "Periodic tasks thread" daemon [_thread_blocked, id=19932, stack(0x000000d291500000,0x000000d291600000)]
  0x0000028269a13a40 JavaThread "ApplicationImpl pooled thread 1" [_thread_blocked, id=27748, stack(0x000000d291700000,0x000000d291800000)]
  0x0000028270cc3a50 JavaThread "AWT-Shutdown" [_thread_blocked, id=14692, stack(0x000000d291b00000,0x000000d291c00000)]
  0x0000028270cc3f60 JavaThread "AWT-EventQueue-0" [_thread_blocked, id=17072, stack(0x000000d291c00000,0x000000d291d00000)]

Other Threads:
  0x00000282611b54e0 VMThread "VM Thread" [stack: 0x000000d284d00000,0x000000d284e00000] [id=28356]
  0x00000282613f0530 WatcherThread [stack: 0x000000d285900000,0x000000d285a00000] [id=13688]
  0x000002827b212580 GCTaskThread "GC Thread#0" [stack: 0x000000d284c00000,0x000000d284d00000] [id=28424]
  0x0000028267c55f10 GCTaskThread "GC Thread#1" [stack: 0x000000d285b00000,0x000000d285c00000] [id=29580]
  0x0000028267c561d0 GCTaskThread "GC Thread#2" [stack: 0x000000d285c00000,0x000000d285d00000] [id=3148]
  0x0000028267c56490 GCTaskThread "GC Thread#3" [stack: 0x000000d285d00000,0x000000d285e00000] [id=14972]
  0x00000282676b3120 GCTaskThread "GC Thread#4" [stack: 0x000000d285e00000,0x000000d285f00000] [id=27920]
  0x00000282676b33e0 GCTaskThread "GC Thread#5" [stack: 0x000000d285f00000,0x000000d286000000] [id=6908]
  0x00000282676b36a0 GCTaskThread "GC Thread#6" [stack: 0x000000d286000000,0x000000d286100000] [id=1052]
  0x00000282676b3d30 GCTaskThread "GC Thread#7" [stack: 0x000000d286100000,0x000000d286200000] [id=23084]
  0x00000282676b43c0 GCTaskThread "GC Thread#8" [stack: 0x000000d286200000,0x000000d286300000] [id=436]
  0x0000028267c8f5e0 GCTaskThread "GC Thread#9" [stack: 0x000000d286300000,0x000000d286400000] [id=25764]
  0x0000028267c8f8a0 GCTaskThread "GC Thread#10" [stack: 0x000000d286400000,0x000000d286500000] [id=27308]
  0x0000028268df9110 GCTaskThread "GC Thread#11" [stack: 0x000000d287200000,0x000000d287300000] [id=17596]
  0x0000028268df8610 GCTaskThread "GC Thread#12" [stack: 0x000000d287300000,0x000000d287400000] [id=28536]

Threads with active compile tasks:
C2 CompilerThread0    41183 15537       4       ksp.org.jetbrains.kotlin.parsing.SemanticWhitespaceAwarePsiBuilderImpl::advanceLexer (56 bytes)
C1 CompilerThread0    41183 16162   !   3       org.gradle.internal.concurrent.ExecutorPolicy$CatchAndRecordFailures::onExecute (29 bytes)
C2 CompilerThread1    41183 16159   !   4       jdk.internal.loader.URLClassPath$JarLoader::getResource (354 bytes)

VM state: not at safepoint (normal execution)

VM Mutex/Monitor currently owned by a thread: None

Heap address: 0x0000000700000000, size: 4096 MB, Compressed Oops mode: Zero based, Oop shift amount: 3

CDS archive(s) mapped at: [0x000002821f000000-0x000002821fbb0000-0x000002821fbb0000), size 12255232, SharedBaseAddress: 0x000002821f000000, ArchiveRelocationMode: 1.
Compressed class space mapped at: 0x0000028220000000-0x0000028260000000, reserved size: 1073741824
Narrow klass base: 0x000002821f000000, Narrow klass shift: 0, Narrow klass range: 0x100000000

GC Precious Log:
 CPUs: 16 total, 16 available
 Memory: 5981M
 Large Page Support: Disabled
 NUMA Support: Disabled
 Compressed Oops: Enabled (Zero based)
 Alignments: Space 512K, Generation 512K, Heap 2M
 Heap Min Capacity: 512M
 Heap Initial Capacity: 512M
 Heap Max Capacity: 4G
 Pre-touch: Disabled
 Parallel Workers: 13

Heap:
 PSYoungGen      total 125440K, used 124944K [0x00000007aab00000, 0x00000007b5000000, 0x0000000800000000)
  eden space 112640K, 99% used [0x00000007aab00000,0x00000007b18e5de0,0x00000007b1900000)
  from space 12800K, 96% used [0x00000007b1b80000,0x00000007b279e508,0x00000007b2800000)
  to   space 28160K, 0% used [0x00000007b3480000,0x00000007b3480000,0x00000007b5000000)
 ParOldGen       total 349696K, used 99785K [0x0000000700000000, 0x0000000715580000, 0x00000007aab00000)
  object space 349696K, 28% used [0x0000000700000000,0x00000007061724c8,0x0000000715580000)
 Metaspace       used 131597K, committed 132608K, reserved 1179648K
  class space    used 17365K, committed 17856K, reserved 1048576K

Card table byte_map: [0x000002827b2b0000,0x000002827bac0000] _byte_map_base: 0x0000028277ab0000

Marking Bits: (ParMarkBitMap*) 0x00007ff915725c40
 Begin Bits: [0x0000028216aa0000, 0x000002821aaa0000)
 End Bits:   [0x000002821aaa0000, 0x000002821eaa0000)

Polling page: 0x0000028278f50000

Metaspace:

Usage:
  Non-class:    111.55 MB used.
      Class:     16.96 MB used.
       Both:    128.51 MB used.

Virtual space:
  Non-class space:      128.00 MB reserved,     112.06 MB ( 88%) committed,  2 nodes.
      Class space:        1.00 GB reserved,      17.44 MB (  2%) committed,  1 nodes.
             Both:        1.12 GB reserved,     129.50 MB ( 11%) committed. 

Chunk freelists:
   Non-Class:  15.58 MB
       Class:  14.58 MB
        Both:  30.16 MB

MaxMetaspaceSize: unlimited
CompressedClassSpaceSize: 1.00 GB
Initial GC threshold: 21.00 MB
Current GC threshold: 162.19 MB
CDS: on
MetaspaceReclaimPolicy: balanced
 - commit_granule_bytes: 65536.
 - commit_granule_words: 8192.
 - virtual_space_node_default_size: 8388608.
 - enlarge_chunks_in_place: 1.
 - new_chunks_are_fully_committed: 0.
 - uncommit_free_chunks: 1.
 - use_allocation_guard: 0.
 - handle_deallocations: 1.


Internal statistics:

num_allocs_failed_limit: 12.
num_arena_births: 1470.
num_arena_deaths: 0.
num_vsnodes_births: 3.
num_vsnodes_deaths: 0.
num_space_committed: 2069.
num_space_uncommitted: 0.
num_chunks_returned_to_freelist: 12.
num_chunks_taken_from_freelist: 6843.
num_chunk_merges: 12.
num_chunk_splits: 4771.
num_chunks_enlarged: 3418.
num_inconsistent_stats: 0.

CodeHeap 'non-profiled nmethods': size=119168Kb used=6450Kb max_used=7750Kb free=112717Kb
 bounds [0x000002820f640000, 0x000002820fde0000, 0x0000028216aa0000]
CodeHeap 'profiled nmethods': size=119104Kb used=22302Kb max_used=23611Kb free=96801Kb
 bounds [0x0000028207aa0000, 0x00000282091b0000, 0x000002820eef0000]
CodeHeap 'non-nmethods': size=7488Kb used=2413Kb max_used=3570Kb free=5074Kb
 bounds [0x000002820eef0000, 0x000002820f2f0000, 0x000002820f640000]
 total_blobs=13802 nmethods=12823 adapters=891
 compilation: enabled
              stopped_count=0, restarted_count=0
 full_count=0

Compilation events (20 events):
Event: 39.045 Thread 0x000002826e350200 nmethod 16143 0x0000028208872810 code [0x0000028208872a40, 0x00000282088730a8]
Event: 39.045 Thread 0x000002826e350200 16144       3       kotlin.collections.builders.MapBuilder$Itr::initNext$kotlin_stdlib (45 bytes)
Event: 39.045 Thread 0x000002827b2a4f00 16145       3       kotlin.collections.builders.MapBuilder$Itr::hasNext (20 bytes)
Event: 39.045 Thread 0x000002827b2a4f00 nmethod 16145 0x00000282084f4990 code [0x00000282084f4b40, 0x00000282084f4cb8]
Event: 39.045 Thread 0x000002826e350200 nmethod 16144 0x0000028207e0cc10 code [0x0000028207e0cdc0, 0x0000028207e0d018]
Event: 39.054 Thread 0x000002826e350200 16146       3       kotlin.io.FilePathComponents::<init> (27 bytes)
Event: 39.055 Thread 0x000002826e34dcd0 16147       4       ksp.com.intellij.util.keyFMap.EmptyFMap::get (10 bytes)
Event: 39.055 Thread 0x000002826e350200 nmethod 16146 0x0000028207b28490 code [0x0000028207b28720, 0x0000028207b291b8]
Event: 39.055 Thread 0x000002826e34dcd0 nmethod 16147 0x000002820fc0f590 code [0x000002820fc0f720, 0x000002820fc0f7b8]
Event: 39.065 Thread 0x000002827b2a4f00 16148       1       kotlin.coroutines.jvm.internal.SpillingKt::nullOutSpilledVariable (2 bytes)
Event: 39.066 Thread 0x000002827b2a4f00 nmethod 16148 0x000002820fc0f290 code [0x000002820fc0f420, 0x000002820fc0f4d8]
Event: 39.066 Thread 0x000002826e350750 16149       3       kotlin.coroutines.intrinsics.IntrinsicsKt__IntrinsicsKt::getCOROUTINE_SUSPENDED (4 bytes)
Event: 39.066 Thread 0x000002826e350750 nmethod 16149 0x00000282083d9990 code [0x00000282083d9b20, 0x00000282083d9c18]
Event: 39.066 Thread 0x000002826e350750 16150       3       kotlin.collections.AbstractIterator::hasNext (58 bytes)
Event: 39.066 Thread 0x000002826e34d780 16151       3       ksp.com.intellij.util.io.StringRef::toString (13 bytes)
Event: 39.066 Thread 0x000002826e34d780 nmethod 16151 0x0000028208563d90 code [0x0000028208563f40, 0x00000282085640e8]
Event: 39.067 Thread 0x000002826e350750 nmethod 16150 0x0000028208661510 code [0x00000282086616e0, 0x0000028208661af8]
Event: 39.072 Thread 0x000002826e350750 16152       3       kotlin.collections.builders.ListBuilder::checkIsMutable (16 bytes)
Event: 39.073 Thread 0x000002826e350750 nmethod 16152 0x0000028207f44610 code [0x0000028207f447c0, 0x0000028207f449e8]
Event: 40.729 Thread 0x000002826e34dcd0 16153       4       java.util.ComparableTimSort::countRunAndMakeAscending (123 bytes)

GC Heap History (20 events):
Event: 14.858 GC heap before
{Heap before GC invocations=10 (full 2):
 PSYoungGen      total 147456K, used 55960K [0x00000007aab00000, 0x00000007b6100000, 0x0000000800000000)
  eden space 122880K, 25% used [0x00000007aab00000,0x00000007ac9a97b8,0x00000007b2300000)
  from space 24576K, 99% used [0x00000007b2580000,0x00000007b3d7ca40,0x00000007b3d80000)
  to   space 31744K, 0% used [0x00000007b4200000,0x00000007b4200000,0x00000007b6100000)
 ParOldGen       total 349696K, used 33536K [0x0000000700000000, 0x0000000715580000, 0x00000007aab00000)
  object space 349696K, 9% used [0x0000000700000000,0x00000007020c03a0,0x0000000715580000)
 Metaspace       used 59129K, committed 59776K, reserved 1114112K
  class space    used 8092K, committed 8384K, reserved 1048576K
}
Event: 14.881 GC heap after
{Heap after GC invocations=10 (full 2):
 PSYoungGen      total 152064K, used 25662K [0x00000007aab00000, 0x00000007b6600000, 0x0000000800000000)
  eden space 120320K, 0% used [0x00000007aab00000,0x00000007aab00000,0x00000007b2080000)
  from space 31744K, 80% used [0x00000007b4200000,0x00000007b5b0fa48,0x00000007b6100000)
  to   space 34304K, 0% used [0x00000007b2080000,0x00000007b2080000,0x00000007b4200000)
 ParOldGen       total 349696K, used 33544K [0x0000000700000000, 0x0000000715580000, 0x00000007aab00000)
  object space 349696K, 9% used [0x0000000700000000,0x00000007020c23a0,0x0000000715580000)
 Metaspace       used 59129K, committed 59776K, reserved 1114112K
  class space    used 8092K, committed 8384K, reserved 1048576K
}
Event: 14.881 GC heap before
{Heap before GC invocations=11 (full 3):
 PSYoungGen      total 152064K, used 25662K [0x00000007aab00000, 0x00000007b6600000, 0x0000000800000000)
  eden space 120320K, 0% used [0x00000007aab00000,0x00000007aab00000,0x00000007b2080000)
  from space 31744K, 80% used [0x00000007b4200000,0x00000007b5b0fa48,0x00000007b6100000)
  to   space 34304K, 0% used [0x00000007b2080000,0x00000007b2080000,0x00000007b4200000)
 ParOldGen       total 349696K, used 33544K [0x0000000700000000, 0x0000000715580000, 0x00000007aab00000)
  object space 349696K, 9% used [0x0000000700000000,0x00000007020c23a0,0x0000000715580000)
 Metaspace       used 59129K, committed 59776K, reserved 1114112K
  class space    used 8092K, committed 8384K, reserved 1048576K
}
Event: 14.956 GC heap after
{Heap after GC invocations=11 (full 3):
 PSYoungGen      total 152064K, used 0K [0x00000007aab00000, 0x00000007b6600000, 0x0000000800000000)
  eden space 120320K, 0% used [0x00000007aab00000,0x00000007aab00000,0x00000007b2080000)
  from space 31744K, 0% used [0x00000007b4200000,0x00000007b4200000,0x00000007b6100000)
  to   space 34304K, 0% used [0x00000007b2080000,0x00000007b2080000,0x00000007b4200000)
 ParOldGen       total 349696K, used 57447K [0x0000000700000000, 0x0000000715580000, 0x00000007aab00000)
  object space 349696K, 16% used [0x0000000700000000,0x0000000703819c88,0x0000000715580000)
 Metaspace       used 59129K, committed 59776K, reserved 1114112K
  class space    used 8092K, committed 8384K, reserved 1048576K
}
Event: 16.626 GC heap before
{Heap before GC invocations=12 (full 3):
 PSYoungGen      total 152064K, used 120320K [0x00000007aab00000, 0x00000007b6600000, 0x0000000800000000)
  eden space 120320K, 100% used [0x00000007aab00000,0x00000007b2080000,0x00000007b2080000)
  from space 31744K, 0% used [0x00000007b4200000,0x00000007b4200000,0x00000007b6100000)
  to   space 34304K, 0% used [0x00000007b2080000,0x00000007b2080000,0x00000007b4200000)
 ParOldGen       total 349696K, used 57447K [0x0000000700000000, 0x0000000715580000, 0x00000007aab00000)
  object space 349696K, 16% used [0x0000000700000000,0x0000000703819c88,0x0000000715580000)
 Metaspace       used 68052K, committed 68800K, reserved 1114112K
  class space    used 9301K, committed 9664K, reserved 1048576K
}
Event: 17.746 GC heap after
{Heap after GC invocations=12 (full 3):
 PSYoungGen      total 154624K, used 10054K [0x00000007aab00000, 0x00000007b6600000, 0x0000000800000000)
  eden space 120320K, 0% used [0x00000007aab00000,0x00000007aab00000,0x00000007b2080000)
  from space 34304K, 29% used [0x00000007b2080000,0x00000007b2a51960,0x00000007b4200000)
  to   space 31744K, 0% used [0x00000007b4200000,0x00000007b4200000,0x00000007b6100000)
 ParOldGen       total 349696K, used 57455K [0x0000000700000000, 0x0000000715580000, 0x00000007aab00000)
  object space 349696K, 16% used [0x0000000700000000,0x000000070381bc88,0x0000000715580000)
 Metaspace       used 68052K, committed 68800K, reserved 1114112K
  class space    used 9301K, committed 9664K, reserved 1048576K
}
Event: 19.565 GC heap before
{Heap before GC invocations=13 (full 3):
 PSYoungGen      total 154624K, used 130374K [0x00000007aab00000, 0x00000007b6600000, 0x0000000800000000)
  eden space 120320K, 100% used [0x00000007aab00000,0x00000007b2080000,0x00000007b2080000)
  from space 34304K, 29% used [0x00000007b2080000,0x00000007b2a51960,0x00000007b4200000)
  to   space 31744K, 0% used [0x00000007b4200000,0x00000007b4200000,0x00000007b6100000)
 ParOldGen       total 349696K, used 57455K [0x0000000700000000, 0x0000000715580000, 0x00000007aab00000)
  object space 349696K, 16% used [0x0000000700000000,0x000000070381bc88,0x0000000715580000)
 Metaspace       used 75905K, committed 76672K, reserved 1179648K
  class space    used 10415K, committed 10816K, reserved 1048576K
}
Event: 21.598 GC heap after
{Heap after GC invocations=13 (full 3):
 PSYoungGen      total 152064K, used 16787K [0x00000007aab00000, 0x00000007b6600000, 0x0000000800000000)
  eden space 120320K, 0% used [0x00000007aab00000,0x00000007aab00000,0x00000007b2080000)
  from space 31744K, 52% used [0x00000007b4200000,0x00000007b5264cd0,0x00000007b6100000)
  to   space 34304K, 0% used [0x00000007b2080000,0x00000007b2080000,0x00000007b4200000)
 ParOldGen       total 349696K, used 57463K [0x0000000700000000, 0x0000000715580000, 0x00000007aab00000)
  object space 349696K, 16% used [0x0000000700000000,0x000000070381dc88,0x0000000715580000)
 Metaspace       used 75905K, committed 76672K, reserved 1179648K
  class space    used 10415K, committed 10816K, reserved 1048576K
}
Event: 28.153 GC heap before
{Heap before GC invocations=14 (full 3):
 PSYoungGen      total 152064K, used 137107K [0x00000007aab00000, 0x00000007b6600000, 0x0000000800000000)
  eden space 120320K, 100% used [0x00000007aab00000,0x00000007b2080000,0x00000007b2080000)
  from space 31744K, 52% used [0x00000007b4200000,0x00000007b5264cd0,0x00000007b6100000)
  to   space 34304K, 0% used [0x00000007b2080000,0x00000007b2080000,0x00000007b4200000)
 ParOldGen       total 349696K, used 57463K [0x0000000700000000, 0x0000000715580000, 0x00000007aab00000)
  object space 349696K, 16% used [0x0000000700000000,0x000000070381dc88,0x0000000715580000)
 Metaspace       used 84601K, committed 85376K, reserved 1179648K
  class space    used 11755K, committed 12160K, reserved 1048576K
}
Event: 28.168 GC heap after
{Heap after GC invocations=14 (full 3):
 PSYoungGen      total 123392K, used 5159K [0x00000007aab00000, 0x00000007b5d00000, 0x0000000800000000)
  eden space 117760K, 0% used [0x00000007aab00000,0x00000007aab00000,0x00000007b1e00000)
  from space 5632K, 91% used [0x00000007b2080000,0x00000007b2589cd8,0x00000007b2600000)
  to   space 32256K, 0% used [0x00000007b3d80000,0x00000007b3d80000,0x00000007b5d00000)
 ParOldGen       total 349696K, used 74064K [0x0000000700000000, 0x0000000715580000, 0x00000007aab00000)
  object space 349696K, 21% used [0x0000000700000000,0x0000000704854158,0x0000000715580000)
 Metaspace       used 84601K, committed 85376K, reserved 1179648K
  class space    used 11755K, committed 12160K, reserved 1048576K
}
Event: 29.766 GC heap before
{Heap before GC invocations=15 (full 3):
 PSYoungGen      total 123392K, used 122919K [0x00000007aab00000, 0x00000007b5d00000, 0x0000000800000000)
  eden space 117760K, 100% used [0x00000007aab00000,0x00000007b1e00000,0x00000007b1e00000)
  from space 5632K, 91% used [0x00000007b2080000,0x00000007b2589cd8,0x00000007b2600000)
  to   space 32256K, 0% used [0x00000007b3d80000,0x00000007b3d80000,0x00000007b5d00000)
 ParOldGen       total 349696K, used 74064K [0x0000000700000000, 0x0000000715580000, 0x00000007aab00000)
  object space 349696K, 21% used [0x0000000700000000,0x0000000704854158,0x0000000715580000)
 Metaspace       used 93792K, committed 94592K, reserved 1179648K
  class space    used 12913K, committed 13312K, reserved 1048576K
}
Event: 29.780 GC heap after
{Heap after GC invocations=15 (full 3):
 PSYoungGen      total 142848K, used 11075K [0x00000007aab00000, 0x00000007b5880000, 0x0000000800000000)
  eden space 115200K, 0% used [0x00000007aab00000,0x00000007aab00000,0x00000007b1b80000)
  from space 27648K, 40% used [0x00000007b3d80000,0x00000007b4850cb0,0x00000007b5880000)
  to   space 31232K, 0% used [0x00000007b1b80000,0x00000007b1b80000,0x00000007b3a00000)
 ParOldGen       total 349696K, used 79045K [0x0000000700000000, 0x0000000715580000, 0x00000007aab00000)
  object space 349696K, 22% used [0x0000000700000000,0x0000000704d314b8,0x0000000715580000)
 Metaspace       used 93792K, committed 94592K, reserved 1179648K
  class space    used 12913K, committed 13312K, reserved 1048576K
}
Event: 30.637 GC heap before
{Heap before GC invocations=16 (full 3):
 PSYoungGen      total 142848K, used 126274K [0x00000007aab00000, 0x00000007b5880000, 0x0000000800000000)
  eden space 115200K, 99% used [0x00000007aab00000,0x00000007b1b7fe00,0x00000007b1b80000)
  from space 27648K, 40% used [0x00000007b3d80000,0x00000007b4850cb0,0x00000007b5880000)
  to   space 31232K, 0% used [0x00000007b1b80000,0x00000007b1b80000,0x00000007b3a00000)
 ParOldGen       total 349696K, used 79045K [0x0000000700000000, 0x0000000715580000, 0x00000007aab00000)
  object space 349696K, 22% used [0x0000000700000000,0x0000000704d314b8,0x0000000715580000)
 Metaspace       used 94252K, committed 95104K, reserved 1179648K
  class space    used 12938K, committed 13376K, reserved 1048576K
}
Event: 32.669 GC heap after
{Heap after GC invocations=16 (full 3):
 PSYoungGen      total 146432K, used 7808K [0x00000007aab00000, 0x00000007b5880000, 0x0000000800000000)
  eden space 115200K, 0% used [0x00000007aab00000,0x00000007aab00000,0x00000007b1b80000)
  from space 31232K, 25% used [0x00000007b1b80000,0x00000007b2320050,0x00000007b3a00000)
  to   space 27648K, 0% used [0x00000007b3d80000,0x00000007b3d80000,0x00000007b5880000)
 ParOldGen       total 349696K, used 89302K [0x0000000700000000, 0x0000000715580000, 0x00000007aab00000)
  object space 349696K, 25% used [0x0000000700000000,0x0000000705735b80,0x0000000715580000)
 Metaspace       used 94252K, committed 95104K, reserved 1179648K
  class space    used 12938K, committed 13376K, reserved 1048576K
}
Event: 33.542 GC heap before
{Heap before GC invocations=17 (full 3):
 PSYoungGen      total 146432K, used 89347K [0x00000007aab00000, 0x00000007b5880000, 0x0000000800000000)
  eden space 115200K, 70% used [0x00000007aab00000,0x00000007afaa0ea8,0x00000007b1b80000)
  from space 31232K, 25% used [0x00000007b1b80000,0x00000007b2320050,0x00000007b3a00000)
  to   space 27648K, 0% used [0x00000007b3d80000,0x00000007b3d80000,0x00000007b5880000)
 ParOldGen       total 349696K, used 89302K [0x0000000700000000, 0x0000000715580000, 0x00000007aab00000)
  object space 349696K, 25% used [0x0000000700000000,0x0000000705735b80,0x0000000715580000)
 Metaspace       used 98830K, committed 99648K, reserved 1179648K
  class space    used 13351K, committed 13760K, reserved 1048576K
}
Event: 35.575 GC heap after
{Heap after GC invocations=17 (full 3):
 PSYoungGen      total 142848K, used 9524K [0x00000007aab00000, 0x00000007b5880000, 0x0000000800000000)
  eden space 115200K, 0% used [0x00000007aab00000,0x00000007aab00000,0x00000007b1b80000)
  from space 27648K, 34% used [0x00000007b3d80000,0x00000007b46cd1c0,0x00000007b5880000)
  to   space 31232K, 0% used [0x00000007b1b80000,0x00000007b1b80000,0x00000007b3a00000)
 ParOldGen       total 349696K, used 95879K [0x0000000700000000, 0x0000000715580000, 0x00000007aab00000)
  object space 349696K, 27% used [0x0000000700000000,0x0000000705da1d38,0x0000000715580000)
 Metaspace       used 98830K, committed 99648K, reserved 1179648K
  class space    used 13351K, committed 13760K, reserved 1048576K
}
Event: 35.575 GC heap before
{Heap before GC invocations=18 (full 4):
 PSYoungGen      total 142848K, used 9524K [0x00000007aab00000, 0x00000007b5880000, 0x0000000800000000)
  eden space 115200K, 0% used [0x00000007aab00000,0x00000007aab00000,0x00000007b1b80000)
  from space 27648K, 34% used [0x00000007b3d80000,0x00000007b46cd1c0,0x00000007b5880000)
  to   space 31232K, 0% used [0x00000007b1b80000,0x00000007b1b80000,0x00000007b3a00000)
 ParOldGen       total 349696K, used 95879K [0x0000000700000000, 0x0000000715580000, 0x00000007aab00000)
  object space 349696K, 27% used [0x0000000700000000,0x0000000705da1d38,0x0000000715580000)
 Metaspace       used 98830K, committed 99648K, reserved 1179648K
  class space    used 13351K, committed 13760K, reserved 1048576K
}
Event: 35.668 GC heap after
{Heap after GC invocations=18 (full 4):
 PSYoungGen      total 142848K, used 0K [0x00000007aab00000, 0x00000007b5880000, 0x0000000800000000)
  eden space 115200K, 0% used [0x00000007aab00000,0x00000007aab00000,0x00000007b1b80000)
  from space 27648K, 0% used [0x00000007b3d80000,0x00000007b3d80000,0x00000007b5880000)
  to   space 31232K, 0% used [0x00000007b1b80000,0x00000007b1b80000,0x00000007b3a00000)
 ParOldGen       total 349696K, used 99632K [0x0000000700000000, 0x0000000715580000, 0x00000007aab00000)
  object space 349696K, 28% used [0x0000000700000000,0x000000070614c0a8,0x0000000715580000)
 Metaspace       used 98830K, committed 99648K, reserved 1179648K
  class space    used 13351K, committed 13760K, reserved 1048576K
}
Event: 37.466 GC heap before
{Heap before GC invocations=19 (full 4):
 PSYoungGen      total 142848K, used 115200K [0x00000007aab00000, 0x00000007b5880000, 0x0000000800000000)
  eden space 115200K, 100% used [0x00000007aab00000,0x00000007b1b80000,0x00000007b1b80000)
  from space 27648K, 0% used [0x00000007b3d80000,0x00000007b3d80000,0x00000007b5880000)
  to   space 31232K, 0% used [0x00000007b1b80000,0x00000007b1b80000,0x00000007b3a00000)
 ParOldGen       total 349696K, used 99632K [0x0000000700000000, 0x0000000715580000, 0x00000007aab00000)
  object space 349696K, 28% used [0x0000000700000000,0x000000070614c0a8,0x0000000715580000)
 Metaspace       used 118369K, committed 119360K, reserved 1179648K
  class space    used 15952K, committed 16448K, reserved 1048576K
}
Event: 37.479 GC heap after
{Heap after GC invocations=19 (full 4):
 PSYoungGen      total 125440K, used 12409K [0x00000007aab00000, 0x00000007b5000000, 0x0000000800000000)
  eden space 112640K, 0% used [0x00000007aab00000,0x00000007aab00000,0x00000007b1900000)
  from space 12800K, 96% used [0x00000007b1b80000,0x00000007b279e508,0x00000007b2800000)
  to   space 28160K, 0% used [0x00000007b3480000,0x00000007b3480000,0x00000007b5000000)
 ParOldGen       total 349696K, used 99785K [0x0000000700000000, 0x0000000715580000, 0x00000007aab00000)
  object space 349696K, 28% used [0x0000000700000000,0x00000007061724c8,0x0000000715580000)
 Metaspace       used 118369K, committed 119360K, reserved 1179648K
  class space    used 15952K, committed 16448K, reserved 1048576K
}

Dll operation events (16 events):
Event: 0.018 Loaded shared library C:\Program Files\Microsoft\jdk-17.0.16.8-hotspot\bin\java.dll
Event: 0.064 Loaded shared library C:\Program Files\Microsoft\jdk-17.0.16.8-hotspot\bin\jsvml.dll
Event: 0.145 Loaded shared library C:\Program Files\Microsoft\jdk-17.0.16.8-hotspot\bin\zip.dll
Event: 0.170 Loaded shared library C:\Program Files\Microsoft\jdk-17.0.16.8-hotspot\bin\instrument.dll
Event: 0.182 Loaded shared library C:\Program Files\Microsoft\jdk-17.0.16.8-hotspot\bin\net.dll
Event: 0.186 Loaded shared library C:\Program Files\Microsoft\jdk-17.0.16.8-hotspot\bin\nio.dll
Event: 0.191 Loaded shared library C:\Program Files\Microsoft\jdk-17.0.16.8-hotspot\bin\zip.dll
Event: 0.709 Loaded shared library C:\Program Files\Microsoft\jdk-17.0.16.8-hotspot\bin\jimage.dll
Event: 0.988 Loaded shared library C:\Program Files\Microsoft\jdk-17.0.16.8-hotspot\bin\verify.dll
Event: 1.031 Loaded shared library C:\Users\indie\.gradle\native\660c5614fbf4a5f2a75b1949f50a0caf5cd603558e7d8a26e50b933a0cfb79d1\windows-amd64\native-platform.dll
Event: 1.052 Loaded shared library C:\Users\indie\.gradle\native\0.2.8\x86_64-windows-gnu\gradle-fileevents.dll
Event: 2.679 Loaded shared library C:\Program Files\Microsoft\jdk-17.0.16.8-hotspot\bin\management.dll
Event: 2.683 Loaded shared library C:\Program Files\Microsoft\jdk-17.0.16.8-hotspot\bin\management_ext.dll
Event: 2.963 Loaded shared library C:\Program Files\Microsoft\jdk-17.0.16.8-hotspot\bin\extnet.dll
Event: 3.302 Loaded shared library C:\Program Files\Microsoft\jdk-17.0.16.8-hotspot\bin\sunmscapi.dll
Event: 35.890 Loaded shared library C:\Program Files\Microsoft\jdk-17.0.16.8-hotspot\bin\awt.dll

Deoptimization events (20 events):
Event: 37.904 Thread 0x0000028269a111c0 Uncommon trap: trap_request=0xffffff45 fr.pc=0x000002820fcedee8 relative=0x0000000000000488
Event: 37.904 Thread 0x0000028269a111c0 Uncommon trap: reason=unstable_if action=reinterpret pc=0x000002820fcedee8 method=ksp.org.jetbrains.kotlin.protobuf.CodedInputStream.readBytes()Lksp/org/jetbrains/kotlin/protobuf/ByteString; @ 19 c2
Event: 37.904 Thread 0x0000028269a111c0 DEOPT PACKING pc=0x000002820fcedee8 sp=0x000000d2914fc1c0
Event: 37.904 Thread 0x0000028269a111c0 DEOPT UNPACKING pc=0x000002820ef466a3 sp=0x000000d2914fc190 mode 2
Event: 37.928 Thread 0x0000028269a111c0 Uncommon trap: trap_request=0xffffff45 fr.pc=0x000002820fc9f278 relative=0x00000000000001d8
Event: 37.928 Thread 0x0000028269a111c0 Uncommon trap: reason=unstable_if action=reinterpret pc=0x000002820fc9f278 method=java.util.concurrent.TimeUnit.convert(JLjava/util/concurrent/TimeUnit;)J @ 8 c2
Event: 37.929 Thread 0x0000028269a111c0 DEOPT PACKING pc=0x000002820fc9f278 sp=0x000000d2914fc090
Event: 37.929 Thread 0x0000028269a111c0 DEOPT UNPACKING pc=0x000002820ef466a3 sp=0x000000d2914fc040 mode 2
Event: 38.304 Thread 0x0000028269a111c0 Uncommon trap: trap_request=0xffffff45 fr.pc=0x000002820f845b40 relative=0x0000000000000ba0
Event: 38.304 Thread 0x0000028269a111c0 Uncommon trap: reason=unstable_if action=reinterpret pc=0x000002820f845b40 method=java.util.jar.JarFile.getVersionedEntry(Ljava/lang/String;Ljava/util/jar/JarEntry;)Ljava/util/jar/JarEntry; @ 26 c2
Event: 38.304 Thread 0x0000028269a111c0 DEOPT PACKING pc=0x000002820f845b40 sp=0x000000d2914fa2f0
Event: 38.304 Thread 0x0000028269a111c0 DEOPT UNPACKING pc=0x000002820ef466a3 sp=0x000000d2914fa250 mode 2
Event: 38.306 Thread 0x0000028269a111c0 Uncommon trap: trap_request=0xffffff45 fr.pc=0x000002820f750ee8 relative=0x0000000000000f48
Event: 38.306 Thread 0x0000028269a111c0 Uncommon trap: reason=unstable_if action=reinterpret pc=0x000002820f750ee8 method=java.util.concurrent.ConcurrentHashMap.putVal(Ljava/lang/Object;Ljava/lang/Object;Z)Ljava/lang/Object; @ 162 c2
Event: 38.306 Thread 0x0000028269a111c0 DEOPT PACKING pc=0x000002820f750ee8 sp=0x000000d2914f9980
Event: 38.306 Thread 0x0000028269a111c0 DEOPT UNPACKING pc=0x000002820ef466a3 sp=0x000000d2914f9908 mode 2
Event: 38.780 Thread 0x0000028269a111c0 Uncommon trap: trap_request=0xffffff45 fr.pc=0x000002820fce3038 relative=0x0000000000000038
Event: 38.780 Thread 0x0000028269a111c0 Uncommon trap: reason=unstable_if action=reinterpret pc=0x000002820fce3038 method=kotlin.jvm.internal.Intrinsics.checkNotNullExpressionValue(Ljava/lang/Object;Ljava/lang/String;)V @ 1 c2
Event: 38.780 Thread 0x0000028269a111c0 DEOPT PACKING pc=0x000002820fce3038 sp=0x000000d2914fbf80
Event: 38.780 Thread 0x0000028269a111c0 DEOPT UNPACKING pc=0x000002820ef466a3 sp=0x000000d2914fbf20 mode 2

Classes loaded (20 events):
Event: 37.915 Loading class java/util/concurrent/Executors$PrivilegedThreadFactory
Event: 37.915 Loading class java/util/concurrent/Executors$PrivilegedThreadFactory done
Event: 37.915 Loading class java/util/concurrent/DelayQueue
Event: 37.916 Loading class java/util/concurrent/DelayQueue done
Event: 37.916 Loading class java/util/PriorityQueue
Event: 37.917 Loading class java/util/PriorityQueue done
Event: 37.927 Loading class java/util/concurrent/Executors$PrivilegedThreadFactory$1
Event: 37.927 Loading class java/util/concurrent/Executors$PrivilegedThreadFactory$1 done
Event: 37.928 Loading class java/util/concurrent/Executors$PrivilegedThreadFactory$1$1
Event: 37.928 Loading class java/util/concurrent/Executors$PrivilegedThreadFactory$1$1 done
Event: 37.930 Loading class sun/management/NotificationEmitterSupport$ListenerInfo
Event: 37.930 Loading class sun/management/NotificationEmitterSupport$ListenerInfo done
Event: 38.023 Loading class java/nio/BufferUnderflowException
Event: 38.023 Loading class java/nio/BufferUnderflowException done
Event: 38.023 Loading class java/nio/BufferOverflowException
Event: 38.023 Loading class java/nio/BufferOverflowException done
Event: 39.102 Loading class java/lang/reflect/InaccessibleObjectException
Event: 39.102 Loading class java/lang/reflect/InaccessibleObjectException done
Event: 39.105 Loading class sun/misc/VM
Event: 39.105 Loading class sun/misc/VM done

Classes unloaded (0 events):
No events

Classes redefined (0 events):
No events

Internal exceptions (20 events):
Event: 35.713 Thread 0x0000028269a111c0 Exception <a 'java/lang/NoSuchMethodError'{0x00000007aadac068}: 'void java.lang.invoke.DelegatingMethodHandle$Holder.reinvoke_L(java.lang.Object, java.lang.Object, java.lang.Object, long, java.lang.Object, long, long)'> (0x00000007aadac068) 
thrown [s\src\hotspot\share\interpreter\linkResolver.cpp, line 759]
Event: 35.713 Thread 0x0000028269a111c0 Exception <a 'java/lang/NoSuchMethodError'{0x00000007aadb31b0}: 'long java.lang.invoke.Invokers$Holder.invokeExact_MT(java.lang.Object, java.lang.Object, java.lang.Object)'> (0x00000007aadb31b0) 
thrown [s\src\hotspot\share\interpreter\linkResolver.cpp, line 759]
Event: 35.713 Thread 0x0000028269a111c0 Exception <a 'java/lang/NoSuchMethodError'{0x00000007aadb79a0}: 'int java.lang.invoke.Invokers$Holder.invokeExact_MT(java.lang.Object, java.lang.Object, java.lang.Object)'> (0x00000007aadb79a0) 
thrown [s\src\hotspot\share\interpreter\linkResolver.cpp, line 759]
Event: 35.870 Thread 0x0000028269a111c0 Exception <a 'java/lang/ClassNotFoundException'{0x00000007ab57cbc0}: sun/awt/resources/spi/awtProvider> (0x00000007ab57cbc0) 
thrown [s\src\hotspot\share\classfile\systemDictionary.cpp, line 256]
Event: 35.892 Thread 0x0000028269a111c0 Exception <a 'java/io/FileNotFoundException'{0x00000007ab58a470}> (0x00000007ab58a470) 
thrown [s\src\hotspot\share\prims\jni.cpp, line 516]
Event: 35.893 Thread 0x0000028269a111c0 Exception <a 'java/io/FileNotFoundException'{0x00000007ab58bef0}> (0x00000007ab58bef0) 
thrown [s\src\hotspot\share\prims\jni.cpp, line 516]
Event: 36.104 Thread 0x0000028269a111c0 Exception <a 'sun/nio/fs/WindowsException'{0x00000007abc36668}> (0x00000007abc36668) 
thrown [s\src\hotspot\share\prims\jni.cpp, line 516]
Event: 36.154 Thread 0x0000028269a111c0 Implicit null exception at 0x000002820fb327b3 to 0x000002820fb328fc
Event: 36.297 Thread 0x0000028269a13530 Implicit null exception at 0x000002820fc0ec79 to 0x000002820fc0f174
Event: 36.469 Thread 0x0000028269a111c0 Exception <a 'java/lang/NoSuchMethodError'{0x00000007ad6d0a18}: 'java.lang.Object java.lang.invoke.DirectMethodHandle$Holder.invokeSpecial(java.lang.Object, java.lang.Object, int, java.lang.Object, java.lang.Object, java.lang.Object)'> (0x00000007ad6d0a18) 
thrown [s\src\hotspot\share\interpreter\linkResolver.cpp, line 759]
Event: 36.469 Thread 0x0000028269a111c0 Exception <a 'java/lang/NoSuchMethodError'{0x00000007ad6d8e88}: 'java.lang.Object java.lang.invoke.DirectMethodHandle$Holder.newInvokeSpecial(java.lang.Object, java.lang.Object, int, java.lang.Object)'> (0x00000007ad6d8e88) 
thrown [s\src\hotspot\share\interpreter\linkResolver.cpp, line 759]
Event: 36.469 Thread 0x0000028269a111c0 Exception <a 'java/lang/NoSuchMethodError'{0x00000007ad6dccf8}: 'java.lang.Object java.lang.invoke.Invokers$Holder.linkToTargetMethod(java.lang.Object, int, java.lang.Object, java.lang.Object)'> (0x00000007ad6dccf8) 
thrown [s\src\hotspot\share\interpreter\linkResolver.cpp, line 759]
Event: 36.661 Thread 0x0000028269a111c0 Exception <a 'sun/nio/fs/WindowsException'{0x00000007aeeac528}> (0x00000007aeeac528) 
thrown [s\src\hotspot\share\prims\jni.cpp, line 516]
Event: 36.701 Thread 0x0000028269a111c0 Exception <a 'java/lang/NoSuchMethodError'{0x00000007aefb9c08}: 'java.lang.Object java.lang.invoke.Invokers$Holder.invoke_MT(java.lang.Object, java.lang.Object, java.lang.Object)'> (0x00000007aefb9c08) 
thrown [s\src\hotspot\share\interpreter\linkResolver.cpp, line 759]
Event: 36.749 Thread 0x0000028269a111c0 Exception <a 'java/lang/IncompatibleClassChangeError'{0x00000007af1056e8}: Found class java.lang.Object, but interface was expected> (0x00000007af1056e8) 
thrown [s\src\hotspot\share\interpreter\linkResolver.cpp, line 826]
Event: 37.228 Thread 0x0000028269a111c0 Exception <a 'java/lang/NoSuchMethodError'{0x00000007b1413380}: 'int java.lang.invoke.DirectMethodHandle$Holder.invokeSpecial(java.lang.Object, java.lang.Object, int, int)'> (0x00000007b1413380) 
thrown [s\src\hotspot\share\interpreter\linkResolver.cpp, line 759]
Event: 37.247 Thread 0x0000028269a111c0 Exception <a 'java/lang/NoSuchMethodError'{0x00000007b14cfd68}: 'java.lang.Object java.lang.invoke.DirectMethodHandle$Holder.invokeStatic(java.lang.Object, int, java.lang.Object, java.lang.Object)'> (0x00000007b14cfd68) 
thrown [s\src\hotspot\share\interpreter\linkResolver.cpp, line 759]
Event: 37.249 Thread 0x0000028269a111c0 Exception <a 'java/lang/NoSuchMethodError'{0x00000007b14ed470}: 'java.lang.Object java.lang.invoke.Invokers$Holder.invokeExact_MT(java.lang.Object, java.lang.Object, long, java.lang.Object)'> (0x00000007b14ed470) 
thrown [s\src\hotspot\share\interpreter\linkResolver.cpp, line 759]
Event: 37.251 Thread 0x0000028269a111c0 Exception <a 'java/lang/NoSuchMethodError'{0x00000007b14fdb28}: 'void java.lang.invoke.Invokers$Holder.invokeExact_MT(java.lang.Object, java.lang.Object, long, java.lang.Object, java.lang.Object)'> (0x00000007b14fdb28) 
thrown [s\src\hotspot\share\interpreter\linkResolver.cpp, line 759]
Event: 37.926 Thread 0x0000028269a111c0 Exception <a 'java/lang/NoSuchMethodError'{0x00000007ac5a0fb8}: 'java.lang.Object java.lang.invoke.DirectMethodHandle$Holder.invokeStatic(java.lang.Object, java.lang.Object, int, java.lang.Object, java.lang.Object, java.lang.Object)'> (0x00000007ac5a0fb8) 
thrown [s\src\hotspot\share\interpreter\linkResolver.cpp, line 759]

VM Operations (20 events):
Event: 38.326 Executing VM operation: ICBufferFull
Event: 38.326 Executing VM operation: ICBufferFull done
Event: 38.404 Executing VM operation: HandshakeAllThreads
Event: 38.404 Executing VM operation: HandshakeAllThreads done
Event: 38.797 Executing VM operation: HandshakeAllThreads
Event: 38.798 Executing VM operation: HandshakeAllThreads done
Event: 38.798 Executing VM operation: HandshakeAllThreads
Event: 38.798 Executing VM operation: HandshakeAllThreads done
Event: 38.823 Executing VM operation: HandshakeAllThreads
Event: 38.823 Executing VM operation: HandshakeAllThreads done
Event: 38.878 Executing VM operation: HandshakeAllThreads
Event: 38.879 Executing VM operation: HandshakeAllThreads done
Event: 38.881 Executing VM operation: ICBufferFull
Event: 38.882 Executing VM operation: ICBufferFull done
Event: 39.010 Executing VM operation: HandshakeAllThreads
Event: 39.010 Executing VM operation: HandshakeAllThreads done
Event: 40.010 Executing VM operation: Cleanup
Event: 40.150 Executing VM operation: Cleanup done
Event: 40.152 Executing VM operation: HandshakeAllThreads
Event: 40.153 Executing VM operation: HandshakeAllThreads done

Memory protections (0 events):
No events

Nmethod flushes (20 events):
Event: 38.899 Thread 0x00000282611b9fe0 flushing  nmethod 0x00000282090c3410
Event: 38.899 Thread 0x00000282611b9fe0 flushing  nmethod 0x00000282090e2b90
Event: 38.899 Thread 0x00000282611b9fe0 flushing  nmethod 0x00000282090ee910
Event: 38.899 Thread 0x00000282611b9fe0 flushing  nmethod 0x00000282090eed90
Event: 38.899 Thread 0x00000282611b9fe0 flushing  nmethod 0x00000282090f0110
Event: 38.899 Thread 0x00000282611b9fe0 flushing  nmethod 0x00000282090f0e90
Event: 38.899 Thread 0x00000282611b9fe0 flushing  nmethod 0x00000282090f1510
Event: 38.899 Thread 0x00000282611b9fe0 flushing  nmethod 0x00000282090f2610
Event: 38.899 Thread 0x00000282611b9fe0 flushing  nmethod 0x00000282090f5d90
Event: 38.899 Thread 0x00000282611b9fe0 flushing  nmethod 0x00000282090f6210
Event: 38.899 Thread 0x00000282611b9fe0 flushing  nmethod 0x00000282090f6590
Event: 38.899 Thread 0x00000282611b9fe0 flushing  nmethod 0x00000282090fd590
Event: 38.899 Thread 0x00000282611b9fe0 flushing  nmethod 0x0000028209118790
Event: 38.899 Thread 0x00000282611b9fe0 flushing  nmethod 0x000002820911da10
Event: 38.899 Thread 0x00000282611b9fe0 flushing  nmethod 0x000002820911fc10
Event: 38.899 Thread 0x00000282611b9fe0 flushing  nmethod 0x0000028209130590
Event: 38.899 Thread 0x00000282611b9fe0 flushing  nmethod 0x0000028209130d10
Event: 38.899 Thread 0x00000282611b9fe0 flushing  nmethod 0x0000028209132c10
Event: 38.899 Thread 0x00000282611b9fe0 flushing  nmethod 0x0000028209132f90
Event: 38.899 Thread 0x00000282611b9fe0 flushing  nmethod 0x0000028209137090

Events (20 events):
Event: 35.931 Thread 0x0000028269a111c0 Thread added: 0x0000028269a0e940
Event: 35.932 Thread 0x0000028269a111c0 Thread added: 0x0000028269a10290
Event: 35.933 Thread 0x0000028269a111c0 Thread added: 0x0000028269a107a0
Event: 36.018 Thread 0x0000028269a111c0 Thread added: 0x0000028269a10cb0
Event: 36.083 Thread 0x000002826e350750 Thread exited: 0x000002826e350750
Event: 36.296 Thread 0x0000028269a111c0 Thread added: 0x0000028269a0df20
Event: 36.296 Thread 0x0000028269a111c0 Thread added: 0x0000028269a13530
Event: 36.319 Thread 0x0000028269a0df20 Thread added: 0x0000028269a120f0
Event: 36.472 Thread 0x000002827b2a4f00 Thread added: 0x000002826e34dcd0
Event: 36.472 Thread 0x000002827b2a4f00 Thread added: 0x000002826e34cce0
Event: 36.474 Thread 0x000002826e34d780 Thread added: 0x000002826e350750
Event: 36.474 Thread 0x000002826e34d780 Thread added: 0x000002826e350200
Event: 36.838 Thread 0x000002826e34cce0 Thread exited: 0x000002826e34cce0
Event: 36.838 Thread 0x000002826e34dcd0 Thread exited: 0x000002826e34dcd0
Event: 36.966 Thread 0x000002827b2a4f00 Thread added: 0x000002826e34dcd0
Event: 37.039 Thread 0x0000028269a10290 Thread exited: 0x0000028269a10290
Event: 37.039 Thread 0x0000028269a10cb0 Thread exited: 0x0000028269a10cb0
Event: 37.917 Thread 0x0000028269a111c0 Thread added: 0x0000028269a12b10
Event: 37.928 Thread 0x0000028269a111c0 Thread added: 0x0000028269a13a40
Event: 40.729 Thread 0x000002826e350200 Thread exited: 0x000002826e350200


Dynamic libraries:
0x00007ff6d7be0000 - 0x00007ff6d7bee000 	C:\Program Files\Microsoft\jdk-17.0.16.8-hotspot\bin\java.exe
0x00007ff99bb00000 - 0x00007ff99bd68000 	C:\Windows\SYSTEM32\ntdll.dll
0x00007ff99acd0000 - 0x00007ff99ad99000 	C:\Windows\System32\KERNEL32.DLL
0x00007ff998840000 - 0x00007ff998c31000 	C:\Windows\System32\KERNELBASE.dll
0x00007ff998cd0000 - 0x00007ff998e1b000 	C:\Windows\System32\ucrtbase.dll
0x00007ff968310000 - 0x00007ff968328000 	C:\Program Files\Microsoft\jdk-17.0.16.8-hotspot\bin\jli.dll
0x00007ff979850000 - 0x00007ff97986e000 	C:\Program Files\Microsoft\jdk-17.0.16.8-hotspot\bin\VCRUNTIME140.dll
0x00007ff99b6c0000 - 0x00007ff99b886000 	C:\Windows\System32\USER32.dll
0x00007ff986ab0000 - 0x00007ff986d43000 	C:\Windows\WinSxS\amd64_microsoft.windows.common-controls_6595b64144ccf1df_6.0.26100.7824_none_3e0870b2e3345462\COMCTL32.dll
0x00007ff998e20000 - 0x00007ff998e47000 	C:\Windows\System32\win32u.dll
0x00007ff99ada0000 - 0x00007ff99ae49000 	C:\Windows\System32\msvcrt.dll
0x00007ff99b890000 - 0x00007ff99b8bb000 	C:\Windows\System32\GDI32.dll
0x00007ff998e50000 - 0x00007ff998f7b000 	C:\Windows\System32\gdi32full.dll
0x00007ff9984a0000 - 0x00007ff998543000 	C:\Windows\System32\msvcp_win.dll
0x00007ff99b960000 - 0x00007ff99b991000 	C:\Windows\System32\IMM32.DLL
0x00007ff97ab90000 - 0x00007ff97ab9c000 	C:\Program Files\Microsoft\jdk-17.0.16.8-hotspot\bin\vcruntime140_1.dll
0x00007ff942d80000 - 0x00007ff942e09000 	C:\Program Files\Microsoft\jdk-17.0.16.8-hotspot\bin\msvcp140.dll
0x00007ff914b70000 - 0x00007ff9157ea000 	C:\Program Files\Microsoft\jdk-17.0.16.8-hotspot\bin\server\jvm.dll
0x00007ff99b470000 - 0x00007ff99b524000 	C:\Windows\System32\ADVAPI32.dll
0x00007ff99af30000 - 0x00007ff99afd6000 	C:\Windows\System32\sechost.dll
0x00007ff99abb0000 - 0x00007ff99acc8000 	C:\Windows\System32\RPCRT4.dll
0x00007ff9998a0000 - 0x00007ff999914000 	C:\Windows\System32\WS2_32.dll
0x00007ff998230000 - 0x00007ff99828e000 	C:\Windows\SYSTEM32\POWRPROF.dll
0x00007ff990980000 - 0x00007ff9909b5000 	C:\Windows\SYSTEM32\WINMM.dll
0x00007ff9909c0000 - 0x00007ff9909cb000 	C:\Windows\SYSTEM32\VERSION.dll
0x00007ff998210000 - 0x00007ff998224000 	C:\Windows\SYSTEM32\UMPDC.dll
0x00007ff997180000 - 0x00007ff99719b000 	C:\Windows\SYSTEM32\kernel.appcore.dll
0x00007ff978ac0000 - 0x00007ff978aca000 	C:\Program Files\Microsoft\jdk-17.0.16.8-hotspot\bin\jimage.dll
0x00007ff996400000 - 0x00007ff996642000 	C:\Windows\SYSTEM32\DBGHELP.DLL
0x00007ff99a590000 - 0x00007ff99a916000 	C:\Windows\System32\combase.dll
0x00007ff99ae50000 - 0x00007ff99af27000 	C:\Windows\System32\OLEAUT32.dll
0x00007ff986a60000 - 0x00007ff986a9b000 	C:\Windows\SYSTEM32\dbgcore.DLL
0x00007ff9997f0000 - 0x00007ff999895000 	C:\Windows\System32\bcryptPrimitives.dll
0x00007ff95df20000 - 0x00007ff95df2f000 	C:\Program Files\Microsoft\jdk-17.0.16.8-hotspot\bin\instrument.dll
0x00007ff957980000 - 0x00007ff9579a6000 	C:\Program Files\Microsoft\jdk-17.0.16.8-hotspot\bin\java.dll
0x00007ff92e480000 - 0x00007ff92e556000 	C:\Program Files\Microsoft\jdk-17.0.16.8-hotspot\bin\jsvml.dll
0x00007ff999ac0000 - 0x00007ff99a212000 	C:\Windows\System32\SHELL32.dll
0x00007ff9986d0000 - 0x00007ff99883a000 	C:\Windows\System32\wintypes.dll
0x00007ff998f80000 - 0x00007ff9997e3000 	C:\Windows\System32\windows.storage.dll
0x00007ff99a480000 - 0x00007ff99a576000 	C:\Windows\System32\SHCORE.dll
0x00007ff99a220000 - 0x00007ff99a287000 	C:\Windows\System32\shlwapi.dll
0x00007ff998300000 - 0x00007ff998329000 	C:\Windows\SYSTEM32\profapi.dll
0x00007ff957f10000 - 0x00007ff957f28000 	C:\Program Files\Microsoft\jdk-17.0.16.8-hotspot\bin\zip.dll
0x00007ff95e980000 - 0x00007ff95e99b000 	C:\Program Files\Microsoft\jdk-17.0.16.8-hotspot\bin\net.dll
0x00007ff991f10000 - 0x00007ff992037000 	C:\Windows\SYSTEM32\WINHTTP.dll
0x00007ff9976f0000 - 0x00007ff99775b000 	C:\Windows\system32\mswsock.dll
0x00007ff9583a0000 - 0x00007ff9583b6000 	C:\Program Files\Microsoft\jdk-17.0.16.8-hotspot\bin\nio.dll
0x00007ff967c00000 - 0x00007ff967c10000 	C:\Program Files\Microsoft\jdk-17.0.16.8-hotspot\bin\verify.dll
0x00007ff9793a0000 - 0x00007ff9793c7000 	C:\Users\indie\.gradle\native\660c5614fbf4a5f2a75b1949f50a0caf5cd603558e7d8a26e50b933a0cfb79d1\windows-amd64\native-platform.dll
0x00007ff957d90000 - 0x00007ff957e07000 	C:\Users\indie\.gradle\native\0.2.8\x86_64-windows-gnu\gradle-fileevents.dll
0x00007ff969fe0000 - 0x00007ff969fea000 	C:\Program Files\Microsoft\jdk-17.0.16.8-hotspot\bin\management.dll
0x00007ff968ba0000 - 0x00007ff968bac000 	C:\Program Files\Microsoft\jdk-17.0.16.8-hotspot\bin\management_ext.dll
0x00007ff99aa30000 - 0x00007ff99aa38000 	C:\Windows\System32\PSAPI.DLL
0x00007ff996bb0000 - 0x00007ff996be4000 	C:\Windows\SYSTEM32\IPHLPAPI.DLL
0x00007ff99a580000 - 0x00007ff99a58a000 	C:\Windows\System32\NSI.dll
0x00007ff992fe0000 - 0x00007ff992ffe000 	C:\Windows\SYSTEM32\dhcpcsvc6.DLL
0x00007ff992f50000 - 0x00007ff992f73000 	C:\Windows\SYSTEM32\dhcpcsvc.DLL
0x00007ff996c50000 - 0x00007ff996d7c000 	C:\Windows\SYSTEM32\DNSAPI.dll
0x00007ff963a50000 - 0x00007ff963a59000 	C:\Program Files\Microsoft\jdk-17.0.16.8-hotspot\bin\extnet.dll
0x00007ff9979c0000 - 0x00007ff9979db000 	C:\Windows\SYSTEM32\CRYPTSP.dll
0x00007ff9970e0000 - 0x00007ff997119000 	C:\Windows\system32\rsaenh.dll
0x00007ff9977a0000 - 0x00007ff9977cb000 	C:\Windows\SYSTEM32\USERENV.dll
0x00007ff9982d0000 - 0x00007ff9982fa000 	C:\Windows\SYSTEM32\bcrypt.dll
0x00007ff9979e0000 - 0x00007ff9979ec000 	C:\Windows\SYSTEM32\CRYPTBASE.dll
0x00007ff95dc40000 - 0x00007ff95dc4e000 	C:\Program Files\Microsoft\jdk-17.0.16.8-hotspot\bin\sunmscapi.dll
0x00007ff998550000 - 0x00007ff9986c7000 	C:\Windows\System32\CRYPT32.dll
0x00007ff997be0000 - 0x00007ff997c10000 	C:\Windows\SYSTEM32\ncrypt.dll
0x00007ff997b90000 - 0x00007ff997bcf000 	C:\Windows\SYSTEM32\NTASN1.dll
0x00007ff992c30000 - 0x00007ff992c38000 	C:\Windows\system32\wshunix.dll
0x00007ff9283f0000 - 0x00007ff928586000 	C:\Program Files\Microsoft\jdk-17.0.16.8-hotspot\bin\awt.dll
0x00007ff995710000 - 0x00007ff9957ae000 	C:\Windows\SYSTEM32\apphelp.dll
0x00007ff995930000 - 0x00007ff9959db000 	C:\Windows\system32\uxtheme.dll
0x00007ff99aa40000 - 0x00007ff99ab9f000 	C:\Windows\System32\MSCTF.dll
0x00007ff999920000 - 0x00007ff999ab7000 	C:\Windows\System32\ole32.dll

dbghelp: loaded successfully - version: 4.0.5 - missing functions: none
symbol engine: initialized successfully - sym options: 0x614 - pdb path: .;C:\Program Files\Microsoft\jdk-17.0.16.8-hotspot\bin;C:\Windows\SYSTEM32;C:\Windows\WinSxS\amd64_microsoft.windows.common-controls_6595b64144ccf1df_6.0.26100.7824_none_3e0870b2e3345462;C:\Program Files\Microsoft\jdk-17.0.16.8-hotspot\bin\server;C:\Users\indie\.gradle\native\660c5614fbf4a5f2a75b1949f50a0caf5cd603558e7d8a26e50b933a0cfb79d1\windows-amd64;C:\Users\indie\.gradle\native\0.2.8\x86_64-windows-gnu

VM Arguments:
jvm_args: --add-opens=java.base/java.lang=ALL-UNNAMED --add-opens=java.base/java.lang.invoke=ALL-UNNAMED --add-opens=java.base/java.util=ALL-UNNAMED --add-opens=java.prefs/java.util.prefs=ALL-UNNAMED --add-exports=jdk.compiler/com.sun.tools.javac.api=ALL-UNNAMED --add-exports=jdk.compiler/com.sun.tools.javac.util=ALL-UNNAMED --add-opens=java.base/java.util=ALL-UNNAMED --add-opens=java.prefs/java.util.prefs=ALL-UNNAMED --add-opens=java.base/java.nio.charset=ALL-UNNAMED --add-opens=java.base/java.net=ALL-UNNAMED --add-opens=java.base/java.util.concurrent=ALL-UNNAMED --add-opens=java.base/java.util.concurrent.atomic=ALL-UNNAMED --add-opens=java.xml/javax.xml.namespace=ALL-UNNAMED --add-opens=java.base/java.time=ALL-UNNAMED -XX:+HeapDumpOnOutOfMemoryError -XX:+UseParallelGC -Xms512m -Xmx4096m -Dfile.encoding=UTF-8 -Duser.country=ZA -Duser.language=en -Duser.variant -javaagent:C:\Users\indie\.gradle\wrapper\dists\gradle-9.2.1-bin\2t0n5ozlw9xmuyvbp7dnzaxug\gradle-9.2.1\lib\agents\gradle-instrumentation-agent-9.2.1.jar 
java_command: org.gradle.launcher.daemon.bootstrap.GradleDaemon 9.2.1
java_class_path (initial): C:\Users\indie\.gradle\wrapper\dists\gradle-9.2.1-bin\2t0n5ozlw9xmuyvbp7dnzaxug\gradle-9.2.1\lib\gradle-daemon-main-9.2.1.jar
Launcher Type: SUN_STANDARD

[Global flags]
     intx CICompilerCount                          = 12                                        {product} {ergonomic}
     bool HeapDumpOnOutOfMemoryError               = true                                   {manageable} {command line}
   size_t InitialHeapSize                          = 536870912                                 {product} {command line}
   size_t MaxHeapSize                              = 4294967296                                {product} {command line}
   size_t MaxNewSize                               = 1431306240                                {product} {ergonomic}
   size_t MinHeapDeltaBytes                        = 524288                                    {product} {ergonomic}
   size_t MinHeapSize                              = 536870912                                 {product} {command line}
   size_t NewSize                                  = 178782208                                 {product} {ergonomic}
    uintx NonNMethodCodeHeapSize                   = 7602480                                {pd product} {ergonomic}
    uintx NonProfiledCodeHeapSize                  = 122027880                              {pd product} {ergonomic}
   size_t OldSize                                  = 358088704                                 {product} {ergonomic}
    uintx ProfiledCodeHeapSize                     = 122027880                              {pd product} {ergonomic}
    uintx ReservedCodeCacheSize                    = 251658240                              {pd product} {ergonomic}
     bool SegmentedCodeCache                       = true                                      {product} {ergonomic}
   size_t SoftMaxHeapSize                          = 4294967296                             {manageable} {ergonomic}
     bool UseCompressedClassPointers               = true                           {product lp64_product} {ergonomic}
     bool UseCompressedOops                        = true                           {product lp64_product} {ergonomic}
     bool UseLargePagesIndividualAllocation        = false                                  {pd product} {ergonomic}
     bool UseParallelGC                            = true                                      {product} {command line}

Logging:
Log output configuration:
 #0: stdout all=warning uptime,level,tags
 #1: stderr all=off uptime,level,tags

Environment Variables:
JAVA_HOME=C:\Program Files\Microsoft\jdk-17.0.16.8-hotspot\
PATH=C:\Program Files\Microsoft\jdk-17.0.16.8-hotspot\bin;C:\Python313\Scripts\;C:\Python313\;C:\Windows\system32;C:\Windows;C:\Windows\System32\Wbem;C:\Windows\System32\WindowsPowerShell\v1.0\;C:\Windows\System32\OpenSSH\;C:\ProgramData\chocolatey\bin;C:\Program Files\Git\cmd;C:\Program Files\Amazon\AWSCLIV2\;C:\Program Files\nodejs\;C:\Users\indie\AppData\Local\Programs\Python\Python314\Scripts\;C:\Users\indie\AppData\Local\Programs\Python\Python314\;C:\Users\indie\AppData\Local\Programs\Python\Launcher\;C:\Users\indie\AppData\Local\Microsoft\WindowsApps;C:\Users\indie\AppData\Local\Programs\Microsoft VS Code\bin;C:\Program Files\JetBrains\WebStorm 2025.1.3\bin;;C:\Users\indie\AppData\Roaming\npm;C:\Users\indie\AppData\Local\Android\Sdk\platform-tools;C:\Users\indie\.bun\bin;C:\Users\indie\Documents\sqlite3;
USERNAME=indie
TERM=xterm
OS=Windows_NT
PROCESSOR_IDENTIFIER=AMD64 Family 25 Model 80 Stepping 0, AuthenticAMD
TMP=C:\Users\indie\AppData\Local\Temp
TEMP=C:\Users\indie\AppData\Local\Temp



Periodic native trim disabled


---------------  S Y S T E M  ---------------

OS:
 Windows 11 , 64 bit Build 26100 (10.0.26100.7705)
OS uptime: 1 days 12:16 hours
Hyper-V role detected

CPU: total 16 (initial active 16) (16 cores per cpu, 2 threads per core) family 25 model 80 stepping 0 microcode 0xa500014, cx8, cmov, fxsr, ht, mmx, 3dnowpref, sse, sse2, sse3, ssse3, sse4a, sse4.1, sse4.2, popcnt, lzcnt, tsc, tscinvbit, avx, avx2, aes, erms, clmul, bmi1, bmi2, adx, sha, fma, vzeroupper, clflush, clflushopt, hv
Processor Information for the first 16 processors :
  Max Mhz: 2000, Current Mhz: 2000, Mhz Limit: 2000

Memory: 4k page, system-wide physical 5981M (558M free)
TotalPageFile size 24413M (AvailPageFile size 37M)
current process WorkingSet (physical memory assigned to process): 569M, peak: 597M
current process commit charge ("private bytes"): 1004M, peak: 1091M

vm_info: OpenJDK 64-Bit Server VM (17.0.16+8-LTS) for windows-amd64 JRE (17.0.16+8-LTS), built on Jul 10 2025 00:24:24 by "MicrosoftCorporation" with unknown MS VC++:1944

END.
